2021-10-27 14:17:58,202 INFO org.springframework.boot.StartupInfoLogger [main] Starting HailMaryApplication using Java 15.0.1 on DESKTOP-ICQJ65O with PID 19724 (C:\Users\cocog\Documents\SAIT\4th SEM\Capstone\HailMaryAPI\target\classes started by cocog in C:\Users\cocog\Documents\SAIT\4th SEM\Capstone\HailMaryAPI)
2021-10-27 14:17:58,206 INFO org.springframework.boot.SpringApplication [main] No active profile set, falling back to default profiles: default
2021-10-27 14:18:01,193 INFO org.springframework.boot.StartupInfoLogger [main] Started HailMaryApplication in 3.329 seconds (JVM running for 3.573)
2021-10-27 14:19:44,655 ERROR com.HailMaryAPI.HailMary.Logging.LoggingController [http-nio-8080-exec-1] Admin: cole.kepford@gmail.com does not exsist
2021-10-27 14:19:44,661 INFO com.HailMaryAPI.HailMary.Logging.LoggingController [http-nio-8080-exec-2] Client with email: cole.kepford@gmail.com was retrieved
2021-10-27 14:19:44,753 INFO com.HailMaryAPI.HailMary.Logging.LoggingController [http-nio-8080-exec-3] Summary 1 was retrieved
2021-10-27 14:19:47,358 INFO com.HailMaryAPI.HailMary.Logging.LoggingController [http-nio-8080-exec-4] Summary 1 was retrieved
2021-10-27 14:19:47,369 INFO com.HailMaryAPI.HailMary.Logging.LoggingController [http-nio-8080-exec-5] Summary 1 was retrieved
2021-10-27 14:19:47,384 INFO com.HailMaryAPI.HailMary.Logging.LoggingController [http-nio-8080-exec-6] Summary 1 was retrieved
2021-10-27 14:19:47,400 INFO com.HailMaryAPI.HailMary.Logging.LoggingController [http-nio-8080-exec-7] Summary 1 was retrieved
2021-10-27 14:19:47,417 INFO com.HailMaryAPI.HailMary.Logging.LoggingController [http-nio-8080-exec-8] Summary 1 was retrieved
2021-10-27 14:19:47,433 INFO com.HailMaryAPI.HailMary.Logging.LoggingController [http-nio-8080-exec-9] Summary 1 was retrieved
2021-10-27 14:19:47,518 INFO com.HailMaryAPI.HailMary.Logging.LoggingController [http-nio-8080-exec-10] Summary 1 was retrieved
2021-10-27 14:19:47,530 INFO com.HailMaryAPI.HailMary.Logging.LoggingController [http-nio-8080-exec-1] Summary 1 was retrieved
2021-10-27 14:19:47,546 INFO com.HailMaryAPI.HailMary.Logging.LoggingController [http-nio-8080-exec-2] Summary 1 was retrieved
2021-10-27 14:19:47,560 INFO com.HailMaryAPI.HailMary.Logging.LoggingController [http-nio-8080-exec-3] Summary 1 was retrieved
2021-10-27 14:19:47,575 INFO com.HailMaryAPI.HailMary.Logging.LoggingController [http-nio-8080-exec-4] Summary 1 was retrieved
2021-10-27 14:19:47,592 INFO com.HailMaryAPI.HailMary.Logging.LoggingController [http-nio-8080-exec-5] Summary 1 was retrieved
2021-10-27 14:19:47,612 INFO com.HailMaryAPI.HailMary.Logging.LoggingController [http-nio-8080-exec-6] Summary 1 was retrieved
2021-10-27 14:19:47,627 INFO com.HailMaryAPI.HailMary.Logging.LoggingController [http-nio-8080-exec-7] Summary 1 was retrieved
2021-10-27 14:19:49,310 INFO com.HailMaryAPI.HailMary.Logging.LoggingController [http-nio-8080-exec-8] Policies for cole.kepford@gmail.com were retrieved successfully
2021-10-27 14:19:55,484 INFO com.HailMaryAPI.HailMary.Logging.LoggingController [http-nio-8080-exec-9] Policies for cole.kepford@gmail.com were retrieved successfully
2021-10-27 14:19:57,482 INFO com.HailMaryAPI.HailMary.Logging.LoggingController [http-nio-8080-exec-10] Summary 1 was retrieved
2021-10-27 14:19:57,494 INFO com.HailMaryAPI.HailMary.Logging.LoggingController [http-nio-8080-exec-1] Summary 1 was retrieved
2021-10-27 14:19:57,513 INFO com.HailMaryAPI.HailMary.Logging.LoggingController [http-nio-8080-exec-2] Summary 1 was retrieved
2021-10-27 14:19:57,526 INFO com.HailMaryAPI.HailMary.Logging.LoggingController [http-nio-8080-exec-3] Summary 1 was retrieved
2021-10-27 14:19:57,537 INFO com.HailMaryAPI.HailMary.Logging.LoggingController [http-nio-8080-exec-4] Summary 1 was retrieved
2021-10-27 14:19:57,547 INFO com.HailMaryAPI.HailMary.Logging.LoggingController [http-nio-8080-exec-5] Summary 1 was retrieved
2021-10-27 14:19:57,558 INFO com.HailMaryAPI.HailMary.Logging.LoggingController [http-nio-8080-exec-6] Summary 1 was retrieved
2021-10-27 14:19:57,569 INFO com.HailMaryAPI.HailMary.Logging.LoggingController [http-nio-8080-exec-7] Summary 1 was retrieved
2021-10-27 14:20:07,525 INFO com.HailMaryAPI.HailMary.Logging.LoggingController [http-nio-8080-exec-8] Summary 1 was retrieved
2021-10-27 14:20:07,537 INFO com.HailMaryAPI.HailMary.Logging.LoggingController [http-nio-8080-exec-9] Summary 1 was retrieved
2021-10-27 14:20:07,547 INFO com.HailMaryAPI.HailMary.Logging.LoggingController [http-nio-8080-exec-10] Summary 1 was retrieved
2021-10-27 14:20:07,558 INFO com.HailMaryAPI.HailMary.Logging.LoggingController [http-nio-8080-exec-1] Summary 1 was retrieved
2021-10-27 14:20:07,568 INFO com.HailMaryAPI.HailMary.Logging.LoggingController [http-nio-8080-exec-1] Summary 1 was retrieved
2021-10-27 14:20:07,578 INFO com.HailMaryAPI.HailMary.Logging.LoggingController [http-nio-8080-exec-3] Summary 1 was retrieved
2021-10-27 14:20:07,589 INFO com.HailMaryAPI.HailMary.Logging.LoggingController [http-nio-8080-exec-4] Summary 1 was retrieved
2021-10-27 14:20:07,599 INFO com.HailMaryAPI.HailMary.Logging.LoggingController [http-nio-8080-exec-5] Summary 1 was retrieved
2021-10-27 14:20:09,814 INFO com.HailMaryAPI.HailMary.Logging.LoggingController [http-nio-8080-exec-6] Summary 1 was retrieved
2021-10-27 14:20:09,824 INFO com.HailMaryAPI.HailMary.Logging.LoggingController [http-nio-8080-exec-7] Summary 1 was retrieved
2021-10-27 14:20:09,836 INFO com.HailMaryAPI.HailMary.Logging.LoggingController [http-nio-8080-exec-8] Summary 1 was retrieved
2021-10-27 14:20:09,846 INFO com.HailMaryAPI.HailMary.Logging.LoggingController [http-nio-8080-exec-8] Summary 1 was retrieved
2021-10-27 14:20:09,855 INFO com.HailMaryAPI.HailMary.Logging.LoggingController [http-nio-8080-exec-10] Summary 1 was retrieved
2021-10-27 14:20:09,864 INFO com.HailMaryAPI.HailMary.Logging.LoggingController [http-nio-8080-exec-2] Summary 1 was retrieved
2021-10-27 14:20:09,874 INFO com.HailMaryAPI.HailMary.Logging.LoggingController [http-nio-8080-exec-1] Summary 1 was retrieved
2021-10-27 14:20:09,886 INFO com.HailMaryAPI.HailMary.Logging.LoggingController [http-nio-8080-exec-3] Summary 1 was retrieved
2021-10-27 14:20:13,511 INFO com.HailMaryAPI.HailMary.Logging.LoggingController [http-nio-8080-exec-4] Summary 1 was retrieved
2021-10-27 14:20:13,521 INFO com.HailMaryAPI.HailMary.Logging.LoggingController [http-nio-8080-exec-5] Summary 1 was retrieved
2021-10-27 14:20:13,530 INFO com.HailMaryAPI.HailMary.Logging.LoggingController [http-nio-8080-exec-6] Summary 1 was retrieved
2021-10-27 14:20:13,541 INFO com.HailMaryAPI.HailMary.Logging.LoggingController [http-nio-8080-exec-7] Summary 1 was retrieved
2021-10-27 14:20:13,549 INFO com.HailMaryAPI.HailMary.Logging.LoggingController [http-nio-8080-exec-9] Summary 1 was retrieved
2021-10-27 14:20:13,558 INFO com.HailMaryAPI.HailMary.Logging.LoggingController [http-nio-8080-exec-8] Summary 1 was retrieved
2021-10-27 14:20:13,567 INFO com.HailMaryAPI.HailMary.Logging.LoggingController [http-nio-8080-exec-10] Summary 1 was retrieved
2021-10-27 14:20:13,576 INFO com.HailMaryAPI.HailMary.Logging.LoggingController [http-nio-8080-exec-2] Summary 1 was retrieved
2021-10-27 14:20:26,735 INFO com.HailMaryAPI.HailMary.Logging.LoggingController [http-nio-8080-exec-1] Admin: cole@nexgenfinancial.com was retrieved
2021-10-27 14:20:26,736 ERROR com.HailMaryAPI.HailMary.Logging.LoggingController [http-nio-8080-exec-3] Client with email: cole@nexgenfinancial.com does not exsist
2021-10-27 14:20:31,424 INFO com.HailMaryAPI.HailMary.Logging.LoggingController [http-nio-8080-exec-4] Retrieved all clients
2021-10-27 14:20:36,320 INFO com.HailMaryAPI.HailMary.Logging.LoggingController [http-nio-8080-exec-5] Policies for cole.kepford@gmail.com were retrieved successfully
2021-10-27 14:20:52,133 INFO com.HailMaryAPI.HailMary.Logging.LoggingController [http-nio-8080-exec-6] Policies for cole.kepford@gmail.com were retrieved successfully
2021-10-27 14:20:55,504 INFO com.HailMaryAPI.HailMary.Logging.LoggingController [http-nio-8080-exec-7] Policies for cole.kepford@gmail.com were retrieved successfully
2021-10-27 14:20:56,440 INFO com.HailMaryAPI.HailMary.Logging.LoggingController [http-nio-8080-exec-9] Retrieved all clients
2021-10-27 14:21:03,107 INFO com.HailMaryAPI.HailMary.Logging.LoggingController [http-nio-8080-exec-8] Retrieved all clients
2021-10-27 14:21:23,835 INFO com.HailMaryAPI.HailMary.Logging.LoggingController [http-nio-8080-exec-10] Retrieved all clients
2021-10-27 14:21:27,542 INFO com.HailMaryAPI.HailMary.Logging.LoggingController [http-nio-8080-exec-1] Retrieved all clients
2021-10-27 14:21:28,641 INFO com.HailMaryAPI.HailMary.Logging.LoggingController [http-nio-8080-exec-3] Policies for cole.kepford@gmail.com were retrieved successfully
2021-10-27 14:21:33,043 INFO com.HailMaryAPI.HailMary.Logging.LoggingController [http-nio-8080-exec-4] Retrieved all clients
2021-10-27 14:21:39,087 INFO com.HailMaryAPI.HailMary.Logging.LoggingController [http-nio-8080-exec-5] Retrieved all clients
