2021-04-12 00:02:43,776 INFO org.springframework.boot.StartupInfoLogger [main] Starting HailMaryApplication using Java 15.0.1 on DESKTOP-ICQJ65O with PID 26576 (C:\Users\cocog\Documents\SAIT\4th SEM\Capstone\HailMaryAPI\target\classes started by cocog in C:\Users\cocog\Documents\SAIT\4th SEM\Capstone\HailMaryAPI)
2021-04-12 00:02:43,780 INFO org.springframework.boot.SpringApplication [main] No active profile set, falling back to default profiles: default
2021-04-12 00:02:47,038 INFO org.springframework.boot.StartupInfoLogger [main] Started HailMaryApplication in 3.608 seconds (JVM running for 3.881)
2021-04-12 00:03:16,528 ERROR com.HailMaryAPI.HailMary.Logging.LoggingController [http-nio-8080-exec-3] Admin: cole.kepford@gmail.com does not exsist
2021-04-12 00:03:16,533 INFO com.HailMaryAPI.HailMary.Logging.LoggingController [http-nio-8080-exec-1] Client with email: cole.kepford@gmail.com was retrieved
2021-04-12 00:03:16,627 ERROR com.HailMaryAPI.HailMary.Logging.LoggingController [http-nio-8080-exec-2] Summary with id: 1 doesnt exsist
2021-04-12 00:03:20,172 ERROR com.HailMaryAPI.HailMary.Logging.LoggingController [http-nio-8080-exec-4] Summary with id: 1 doesnt exsist
2021-04-12 00:03:20,180 ERROR com.HailMaryAPI.HailMary.Logging.LoggingController [http-nio-8080-exec-5] Summary with id: 1 doesnt exsist
2021-04-12 00:03:20,202 ERROR com.HailMaryAPI.HailMary.Logging.LoggingController [http-nio-8080-exec-7] Summary with id: 1 doesnt exsist
2021-04-12 00:03:20,212 ERROR com.HailMaryAPI.HailMary.Logging.LoggingController [http-nio-8080-exec-10] Summary with id: 1 doesnt exsist
2021-04-12 00:03:20,221 ERROR com.HailMaryAPI.HailMary.Logging.LoggingController [http-nio-8080-exec-8] Summary with id: 1 doesnt exsist
2021-04-12 00:03:20,229 ERROR com.HailMaryAPI.HailMary.Logging.LoggingController [http-nio-8080-exec-9] Summary with id: 1 doesnt exsist
2021-04-12 00:03:20,239 ERROR com.HailMaryAPI.HailMary.Logging.LoggingController [http-nio-8080-exec-6] Summary with id: 1 doesnt exsist
2021-04-12 00:03:20,245 ERROR com.HailMaryAPI.HailMary.Logging.LoggingController [http-nio-8080-exec-3] Summary with id: 1 doesnt exsist
2021-04-12 00:03:20,314 ERROR com.HailMaryAPI.HailMary.Logging.LoggingController [http-nio-8080-exec-1] Summary with id: 1 doesnt exsist
2021-04-12 00:03:20,323 ERROR com.HailMaryAPI.HailMary.Logging.LoggingController [http-nio-8080-exec-2] Summary with id: 1 doesnt exsist
2021-04-12 00:03:20,353 ERROR com.HailMaryAPI.HailMary.Logging.LoggingController [http-nio-8080-exec-4] Summary with id: 1 doesnt exsist
2021-04-12 00:03:20,361 ERROR com.HailMaryAPI.HailMary.Logging.LoggingController [http-nio-8080-exec-5] Summary with id: 1 doesnt exsist
2021-04-12 00:03:20,394 ERROR com.HailMaryAPI.HailMary.Logging.LoggingController [http-nio-8080-exec-7] Summary with id: 1 doesnt exsist
2021-04-12 00:03:20,402 ERROR com.HailMaryAPI.HailMary.Logging.LoggingController [http-nio-8080-exec-10] Summary with id: 1 doesnt exsist
2021-04-12 00:03:20,411 ERROR com.HailMaryAPI.HailMary.Logging.LoggingController [http-nio-8080-exec-8] Summary with id: 1 doesnt exsist
2021-04-12 00:03:20,420 ERROR com.HailMaryAPI.HailMary.Logging.LoggingController [http-nio-8080-exec-9] Summary with id: 1 doesnt exsist
2021-04-12 00:03:23,093 INFO com.HailMaryAPI.HailMary.Logging.LoggingController [http-nio-8080-exec-6] Policies for cole.kepford@gmail.com were retrieved successfully
2021-04-12 00:05:12,303 ERROR com.HailMaryAPI.HailMary.Logging.LoggingController [http-nio-8080-exec-2] Summary with id: 1 doesnt exsist
2021-04-12 00:05:12,310 ERROR com.HailMaryAPI.HailMary.Logging.LoggingController [http-nio-8080-exec-4] Summary with id: 1 doesnt exsist
2021-04-12 00:05:12,332 ERROR com.HailMaryAPI.HailMary.Logging.LoggingController [http-nio-8080-exec-5] Summary with id: 1 doesnt exsist
2021-04-12 00:05:12,337 ERROR com.HailMaryAPI.HailMary.Logging.LoggingController [http-nio-8080-exec-7] Summary with id: 1 doesnt exsist
2021-04-12 00:05:12,397 ERROR com.HailMaryAPI.HailMary.Logging.LoggingController [http-nio-8080-exec-10] Summary with id: 1 doesnt exsist
2021-04-12 00:05:12,405 ERROR com.HailMaryAPI.HailMary.Logging.LoggingController [http-nio-8080-exec-8] Summary with id: 1 doesnt exsist
2021-04-12 00:05:12,414 ERROR com.HailMaryAPI.HailMary.Logging.LoggingController [http-nio-8080-exec-9] Summary with id: 1 doesnt exsist
2021-04-12 00:05:12,422 ERROR com.HailMaryAPI.HailMary.Logging.LoggingController [http-nio-8080-exec-6] Summary with id: 1 doesnt exsist
2021-04-12 00:05:12,511 ERROR com.HailMaryAPI.HailMary.Logging.LoggingController [http-nio-8080-exec-3] Summary with id: 1 doesnt exsist
2021-04-12 00:05:12,541 ERROR com.HailMaryAPI.HailMary.Logging.LoggingController [http-nio-8080-exec-1] Summary with id: 1 doesnt exsist
2021-04-12 00:05:12,569 ERROR com.HailMaryAPI.HailMary.Logging.LoggingController [http-nio-8080-exec-2] Summary with id: 1 doesnt exsist
2021-04-12 00:05:12,584 ERROR com.HailMaryAPI.HailMary.Logging.LoggingController [http-nio-8080-exec-4] Summary with id: 1 doesnt exsist
2021-04-12 00:05:12,596 ERROR com.HailMaryAPI.HailMary.Logging.LoggingController [http-nio-8080-exec-5] Summary with id: 1 doesnt exsist
2021-04-12 00:05:12,605 ERROR com.HailMaryAPI.HailMary.Logging.LoggingController [http-nio-8080-exec-7] Summary with id: 1 doesnt exsist
2021-04-12 00:05:12,615 ERROR com.HailMaryAPI.HailMary.Logging.LoggingController [http-nio-8080-exec-10] Summary with id: 1 doesnt exsist
2021-04-12 00:05:12,624 ERROR com.HailMaryAPI.HailMary.Logging.LoggingController [http-nio-8080-exec-8] Summary with id: 1 doesnt exsist
2021-04-12 00:05:14,416 INFO com.HailMaryAPI.HailMary.Logging.LoggingController [http-nio-8080-exec-9] Policies for cole.kepford@gmail.com were retrieved successfully
2021-04-12 00:05:27,416 INFO com.HailMaryAPI.HailMary.Logging.LoggingController [http-nio-8080-exec-6] Policies for cole.kepford@gmail.com were retrieved successfully
2021-04-12 00:34:35,299 ERROR com.HailMaryAPI.HailMary.Logging.LoggingController [http-nio-8080-exec-2] Summary with id: 1 doesnt exsist
2021-04-12 00:34:35,306 ERROR com.HailMaryAPI.HailMary.Logging.LoggingController [http-nio-8080-exec-4] Summary with id: 1 doesnt exsist
2021-04-12 00:34:35,354 ERROR com.HailMaryAPI.HailMary.Logging.LoggingController [http-nio-8080-exec-5] Summary with id: 1 doesnt exsist
2021-04-12 00:34:35,362 ERROR com.HailMaryAPI.HailMary.Logging.LoggingController [http-nio-8080-exec-7] Summary with id: 1 doesnt exsist
2021-04-12 00:34:35,375 ERROR com.HailMaryAPI.HailMary.Logging.LoggingController [http-nio-8080-exec-10] Summary with id: 1 doesnt exsist
2021-04-12 00:34:35,384 ERROR com.HailMaryAPI.HailMary.Logging.LoggingController [http-nio-8080-exec-8] Summary with id: 1 doesnt exsist
2021-04-12 00:34:35,402 ERROR com.HailMaryAPI.HailMary.Logging.LoggingController [http-nio-8080-exec-9] Summary with id: 1 doesnt exsist
2021-04-12 00:34:35,410 ERROR com.HailMaryAPI.HailMary.Logging.LoggingController [http-nio-8080-exec-6] Summary with id: 1 doesnt exsist
2021-04-12 00:34:35,706 ERROR com.HailMaryAPI.HailMary.Logging.LoggingController [http-nio-8080-exec-3] Summary with id: 1 doesnt exsist
2021-04-12 00:34:35,714 ERROR com.HailMaryAPI.HailMary.Logging.LoggingController [http-nio-8080-exec-1] Summary with id: 1 doesnt exsist
2021-04-12 00:34:35,768 ERROR com.HailMaryAPI.HailMary.Logging.LoggingController [http-nio-8080-exec-2] Summary with id: 1 doesnt exsist
2021-04-12 00:34:35,775 ERROR com.HailMaryAPI.HailMary.Logging.LoggingController [http-nio-8080-exec-4] Summary with id: 1 doesnt exsist
2021-04-12 00:34:35,790 ERROR com.HailMaryAPI.HailMary.Logging.LoggingController [http-nio-8080-exec-5] Summary with id: 1 doesnt exsist
2021-04-12 00:34:35,797 ERROR com.HailMaryAPI.HailMary.Logging.LoggingController [http-nio-8080-exec-7] Summary with id: 1 doesnt exsist
2021-04-12 00:34:35,804 ERROR com.HailMaryAPI.HailMary.Logging.LoggingController [http-nio-8080-exec-10] Summary with id: 1 doesnt exsist
2021-04-12 00:34:35,810 ERROR com.HailMaryAPI.HailMary.Logging.LoggingController [http-nio-8080-exec-8] Summary with id: 1 doesnt exsist
2021-04-12 00:34:37,103 INFO com.HailMaryAPI.HailMary.Logging.LoggingController [http-nio-8080-exec-9] Policies for undefined were retrieved successfully
2021-04-12 00:34:42,234 INFO com.HailMaryAPI.HailMary.Logging.LoggingController [http-nio-8080-exec-6] Policies for undefined were retrieved successfully
2021-04-12 00:34:42,476 INFO com.HailMaryAPI.HailMary.Logging.LoggingController [http-nio-8080-exec-3] Policies for undefined were retrieved successfully
2021-04-12 00:35:26,656 ERROR com.HailMaryAPI.HailMary.Logging.LoggingController [http-nio-8080-exec-1] Admin: cole.kepford@gmail.com does not exsist
2021-04-12 00:35:26,659 INFO com.HailMaryAPI.HailMary.Logging.LoggingController [http-nio-8080-exec-2] Client with email: cole.kepford@gmail.com was retrieved
2021-04-12 00:35:26,702 ERROR com.HailMaryAPI.HailMary.Logging.LoggingController [http-nio-8080-exec-4] Summary with id: 1 doesnt exsist
2021-04-12 00:35:26,708 ERROR com.HailMaryAPI.HailMary.Logging.LoggingController [http-nio-8080-exec-5] Summary with id: 1 doesnt exsist
2021-04-12 00:35:29,774 ERROR com.HailMaryAPI.HailMary.Logging.LoggingController [http-nio-8080-exec-7] Summary with id: 1 doesnt exsist
2021-04-12 00:35:29,780 ERROR com.HailMaryAPI.HailMary.Logging.LoggingController [http-nio-8080-exec-10] Summary with id: 1 doesnt exsist
2021-04-12 00:35:29,817 ERROR com.HailMaryAPI.HailMary.Logging.LoggingController [http-nio-8080-exec-8] Summary with id: 1 doesnt exsist
2021-04-12 00:35:29,827 ERROR com.HailMaryAPI.HailMary.Logging.LoggingController [http-nio-8080-exec-9] Summary with id: 1 doesnt exsist
2021-04-12 00:35:29,833 ERROR com.HailMaryAPI.HailMary.Logging.LoggingController [http-nio-8080-exec-6] Summary with id: 1 doesnt exsist
2021-04-12 00:35:29,845 ERROR com.HailMaryAPI.HailMary.Logging.LoggingController [http-nio-8080-exec-3] Summary with id: 1 doesnt exsist
2021-04-12 00:35:29,854 ERROR com.HailMaryAPI.HailMary.Logging.LoggingController [http-nio-8080-exec-1] Summary with id: 1 doesnt exsist
2021-04-12 00:35:29,861 ERROR com.HailMaryAPI.HailMary.Logging.LoggingController [http-nio-8080-exec-2] Summary with id: 1 doesnt exsist
2021-04-12 00:35:30,138 ERROR com.HailMaryAPI.HailMary.Logging.LoggingController [http-nio-8080-exec-4] Summary with id: 1 doesnt exsist
2021-04-12 00:35:30,143 ERROR com.HailMaryAPI.HailMary.Logging.LoggingController [http-nio-8080-exec-5] Summary with id: 1 doesnt exsist
2021-04-12 00:35:30,197 ERROR com.HailMaryAPI.HailMary.Logging.LoggingController [http-nio-8080-exec-7] Summary with id: 1 doesnt exsist
2021-04-12 00:35:30,205 ERROR com.HailMaryAPI.HailMary.Logging.LoggingController [http-nio-8080-exec-10] Summary with id: 1 doesnt exsist
2021-04-12 00:35:30,238 ERROR com.HailMaryAPI.HailMary.Logging.LoggingController [http-nio-8080-exec-8] Summary with id: 1 doesnt exsist
2021-04-12 00:35:30,247 ERROR com.HailMaryAPI.HailMary.Logging.LoggingController [http-nio-8080-exec-9] Summary with id: 1 doesnt exsist
2021-04-12 00:35:30,256 ERROR com.HailMaryAPI.HailMary.Logging.LoggingController [http-nio-8080-exec-6] Summary with id: 1 doesnt exsist
2021-04-12 00:35:30,275 ERROR com.HailMaryAPI.HailMary.Logging.LoggingController [http-nio-8080-exec-3] Summary with id: 1 doesnt exsist
2021-04-12 00:35:32,492 INFO com.HailMaryAPI.HailMary.Logging.LoggingController [http-nio-8080-exec-1] Policies for undefined were retrieved successfully
2021-04-12 00:37:05,018 ERROR com.HailMaryAPI.HailMary.Logging.LoggingController [http-nio-8080-exec-5] Admin: cole.kepford@gmail.com does not exsist
2021-04-12 00:37:05,020 INFO com.HailMaryAPI.HailMary.Logging.LoggingController [http-nio-8080-exec-7] Client with email: cole.kepford@gmail.com was retrieved
2021-04-12 00:37:05,059 ERROR com.HailMaryAPI.HailMary.Logging.LoggingController [http-nio-8080-exec-10] Summary with id: 1 doesnt exsist
2021-04-12 00:37:05,065 ERROR com.HailMaryAPI.HailMary.Logging.LoggingController [http-nio-8080-exec-8] Summary with id: 1 doesnt exsist
2021-04-12 00:37:08,011 ERROR com.HailMaryAPI.HailMary.Logging.LoggingController [http-nio-8080-exec-9] Summary with id: 1 doesnt exsist
2021-04-12 00:37:08,021 ERROR com.HailMaryAPI.HailMary.Logging.LoggingController [http-nio-8080-exec-6] Summary with id: 1 doesnt exsist
2021-04-12 00:37:08,072 ERROR com.HailMaryAPI.HailMary.Logging.LoggingController [http-nio-8080-exec-3] Summary with id: 1 doesnt exsist
2021-04-12 00:37:08,083 ERROR com.HailMaryAPI.HailMary.Logging.LoggingController [http-nio-8080-exec-1] Summary with id: 1 doesnt exsist
2021-04-12 00:37:08,096 ERROR com.HailMaryAPI.HailMary.Logging.LoggingController [http-nio-8080-exec-2] Summary with id: 1 doesnt exsist
2021-04-12 00:37:08,101 ERROR com.HailMaryAPI.HailMary.Logging.LoggingController [http-nio-8080-exec-4] Summary with id: 1 doesnt exsist
2021-04-12 00:37:08,107 ERROR com.HailMaryAPI.HailMary.Logging.LoggingController [http-nio-8080-exec-5] Summary with id: 1 doesnt exsist
2021-04-12 00:37:08,114 ERROR com.HailMaryAPI.HailMary.Logging.LoggingController [http-nio-8080-exec-7] Summary with id: 1 doesnt exsist
2021-04-12 00:37:08,334 ERROR com.HailMaryAPI.HailMary.Logging.LoggingController [http-nio-8080-exec-10] Summary with id: 1 doesnt exsist
2021-04-12 00:37:08,339 ERROR com.HailMaryAPI.HailMary.Logging.LoggingController [http-nio-8080-exec-8] Summary with id: 1 doesnt exsist
2021-04-12 00:37:08,407 ERROR com.HailMaryAPI.HailMary.Logging.LoggingController [http-nio-8080-exec-9] Summary with id: 1 doesnt exsist
2021-04-12 00:37:08,418 ERROR com.HailMaryAPI.HailMary.Logging.LoggingController [http-nio-8080-exec-6] Summary with id: 1 doesnt exsist
2021-04-12 00:37:08,431 ERROR com.HailMaryAPI.HailMary.Logging.LoggingController [http-nio-8080-exec-3] Summary with id: 1 doesnt exsist
2021-04-12 00:37:08,444 ERROR com.HailMaryAPI.HailMary.Logging.LoggingController [http-nio-8080-exec-1] Summary with id: 1 doesnt exsist
2021-04-12 00:37:08,454 ERROR com.HailMaryAPI.HailMary.Logging.LoggingController [http-nio-8080-exec-2] Summary with id: 1 doesnt exsist
2021-04-12 00:37:08,459 ERROR com.HailMaryAPI.HailMary.Logging.LoggingController [http-nio-8080-exec-4] Summary with id: 1 doesnt exsist
2021-04-12 00:37:09,741 INFO com.HailMaryAPI.HailMary.Logging.LoggingController [http-nio-8080-exec-5] Policies for cole.kepford@gmail.com were retrieved successfully
2021-04-12 00:38:15,446 INFO com.HailMaryAPI.HailMary.Logging.LoggingController [http-nio-8080-exec-8] Policies for cole.kepford@gmail.com were retrieved successfully
2021-04-12 00:38:15,740 INFO com.HailMaryAPI.HailMary.Logging.LoggingController [http-nio-8080-exec-9] Policies for cole.kepford@gmail.com were retrieved successfully
2021-04-12 00:38:23,556 ERROR com.HailMaryAPI.HailMary.Logging.LoggingController [http-nio-8080-exec-6] Admin: cole.kepford@gmail.com does not exsist
2021-04-12 00:38:23,558 INFO com.HailMaryAPI.HailMary.Logging.LoggingController [http-nio-8080-exec-3] Client with email: cole.kepford@gmail.com was retrieved
2021-04-12 00:38:23,600 ERROR com.HailMaryAPI.HailMary.Logging.LoggingController [http-nio-8080-exec-1] Summary with id: 1 doesnt exsist
2021-04-12 00:38:23,607 ERROR com.HailMaryAPI.HailMary.Logging.LoggingController [http-nio-8080-exec-2] Summary with id: 1 doesnt exsist
2021-04-12 00:38:29,109 ERROR com.HailMaryAPI.HailMary.Logging.LoggingController [http-nio-8080-exec-4] Summary with id: 1 doesnt exsist
2021-04-12 00:38:29,115 ERROR com.HailMaryAPI.HailMary.Logging.LoggingController [http-nio-8080-exec-5] Summary with id: 1 doesnt exsist
2021-04-12 00:38:29,153 ERROR com.HailMaryAPI.HailMary.Logging.LoggingController [http-nio-8080-exec-7] Summary with id: 1 doesnt exsist
2021-04-12 00:38:29,159 ERROR com.HailMaryAPI.HailMary.Logging.LoggingController [http-nio-8080-exec-10] Summary with id: 1 doesnt exsist
2021-04-12 00:38:29,182 ERROR com.HailMaryAPI.HailMary.Logging.LoggingController [http-nio-8080-exec-8] Summary with id: 1 doesnt exsist
2021-04-12 00:38:29,190 ERROR com.HailMaryAPI.HailMary.Logging.LoggingController [http-nio-8080-exec-9] Summary with id: 1 doesnt exsist
2021-04-12 00:38:29,198 ERROR com.HailMaryAPI.HailMary.Logging.LoggingController [http-nio-8080-exec-6] Summary with id: 1 doesnt exsist
2021-04-12 00:38:29,204 ERROR com.HailMaryAPI.HailMary.Logging.LoggingController [http-nio-8080-exec-3] Summary with id: 1 doesnt exsist
2021-04-12 00:38:29,423 ERROR com.HailMaryAPI.HailMary.Logging.LoggingController [http-nio-8080-exec-1] Summary with id: 1 doesnt exsist
2021-04-12 00:38:29,429 ERROR com.HailMaryAPI.HailMary.Logging.LoggingController [http-nio-8080-exec-2] Summary with id: 1 doesnt exsist
2021-04-12 00:38:29,485 ERROR com.HailMaryAPI.HailMary.Logging.LoggingController [http-nio-8080-exec-4] Summary with id: 1 doesnt exsist
2021-04-12 00:38:29,492 ERROR com.HailMaryAPI.HailMary.Logging.LoggingController [http-nio-8080-exec-5] Summary with id: 1 doesnt exsist
2021-04-12 00:38:29,530 ERROR com.HailMaryAPI.HailMary.Logging.LoggingController [http-nio-8080-exec-7] Summary with id: 1 doesnt exsist
2021-04-12 00:38:29,539 ERROR com.HailMaryAPI.HailMary.Logging.LoggingController [http-nio-8080-exec-10] Summary with id: 1 doesnt exsist
2021-04-12 00:38:29,556 ERROR com.HailMaryAPI.HailMary.Logging.LoggingController [http-nio-8080-exec-8] Summary with id: 1 doesnt exsist
2021-04-12 00:38:29,564 ERROR com.HailMaryAPI.HailMary.Logging.LoggingController [http-nio-8080-exec-9] Summary with id: 1 doesnt exsist
2021-04-12 00:38:30,790 INFO com.HailMaryAPI.HailMary.Logging.LoggingController [http-nio-8080-exec-6] Policies for cole.kepford@gmail.com were retrieved successfully
2021-04-12 00:46:10,892 INFO com.HailMaryAPI.HailMary.Logging.LoggingController [http-nio-8080-exec-2] Policies for cole.kepford@gmail.com were retrieved successfully
2021-04-12 00:49:24,850 INFO com.HailMaryAPI.HailMary.Logging.LoggingController [http-nio-8080-exec-5] Policies for cole.kepford@gmail.com were retrieved successfully
2021-04-12 00:50:39,371 INFO com.HailMaryAPI.HailMary.Logging.LoggingController [http-nio-8080-exec-8] Policies for cole.kepford@gmail.com were retrieved successfully
2021-04-12 00:51:48,731 INFO com.HailMaryAPI.HailMary.Logging.LoggingController [http-nio-8080-exec-6] Policies for cole.kepford@gmail.com were retrieved successfully
2021-04-12 00:52:20,739 INFO com.HailMaryAPI.HailMary.Logging.LoggingController [http-nio-8080-exec-1] Policies for cole.kepford@gmail.com were retrieved successfully
2021-04-12 00:54:21,400 INFO com.HailMaryAPI.HailMary.Logging.LoggingController [http-nio-8080-exec-4] Policies for cole.kepford@gmail.com were retrieved successfully
2021-04-12 00:54:26,556 INFO com.HailMaryAPI.HailMary.Logging.LoggingController [http-nio-8080-exec-5] Policies for cole.kepford@gmail.com were retrieved successfully
2021-04-12 10:22:26,088 INFO org.springframework.boot.StartupInfoLogger [main] Starting HailMaryApplication using Java 15.0.1 on DESKTOP-ICQJ65O with PID 19444 (C:\Users\cocog\Documents\SAIT\4th SEM\Capstone\HailMaryAPI\target\classes started by cocog in C:\Users\cocog\Documents\SAIT\4th SEM\Capstone\HailMaryAPI)
2021-04-12 10:22:26,091 INFO org.springframework.boot.SpringApplication [main] No active profile set, falling back to default profiles: default
2021-04-12 10:22:30,110 INFO org.springframework.boot.StartupInfoLogger [main] Started HailMaryApplication in 4.347 seconds (JVM running for 4.61)
2021-04-12 10:24:48,129 ERROR com.HailMaryAPI.HailMary.Logging.LoggingController [http-nio-8080-exec-1] Summary with id: 1 doesnt exsist
2021-04-12 10:24:48,149 ERROR com.HailMaryAPI.HailMary.Logging.LoggingController [http-nio-8080-exec-2] Summary with id: 1 doesnt exsist
2021-04-12 10:24:48,171 ERROR com.HailMaryAPI.HailMary.Logging.LoggingController [http-nio-8080-exec-4] Summary with id: 1 doesnt exsist
2021-04-12 10:24:48,196 ERROR com.HailMaryAPI.HailMary.Logging.LoggingController [http-nio-8080-exec-5] Summary with id: 1 doesnt exsist
2021-04-12 10:24:48,208 ERROR com.HailMaryAPI.HailMary.Logging.LoggingController [http-nio-8080-exec-6] Summary with id: 1 doesnt exsist
2021-04-12 10:24:48,224 ERROR com.HailMaryAPI.HailMary.Logging.LoggingController [http-nio-8080-exec-3] Summary with id: 1 doesnt exsist
2021-04-12 10:24:48,238 ERROR com.HailMaryAPI.HailMary.Logging.LoggingController [http-nio-8080-exec-7] Summary with id: 1 doesnt exsist
2021-04-12 10:24:48,252 ERROR com.HailMaryAPI.HailMary.Logging.LoggingController [http-nio-8080-exec-8] Summary with id: 1 doesnt exsist
2021-04-12 10:24:48,262 ERROR com.HailMaryAPI.HailMary.Logging.LoggingController [http-nio-8080-exec-10] Summary with id: 1 doesnt exsist
2021-04-12 10:24:49,935 INFO com.HailMaryAPI.HailMary.Logging.LoggingController [http-nio-8080-exec-9] Policies for cole.kepford@gmail.com were retrieved successfully
2021-04-12 10:27:34,684 ERROR com.HailMaryAPI.HailMary.Logging.LoggingController [http-nio-8080-exec-5] Admin: cole.kepford@nexgenfinancial.com does not exsist
2021-04-12 10:27:34,685 ERROR com.HailMaryAPI.HailMary.Logging.LoggingController [http-nio-8080-exec-4] Client with email: cole.kepford@nexgenfinancial.com does not exsist
2021-04-12 10:27:36,383 ERROR com.HailMaryAPI.HailMary.Logging.LoggingController [http-nio-8080-exec-6] Admin: cole.kepford@nexgenfinancial.com does not exsist
2021-04-12 10:27:36,385 ERROR com.HailMaryAPI.HailMary.Logging.LoggingController [http-nio-8080-exec-3] Client with email: cole.kepford@nexgenfinancial.com does not exsist
2021-04-12 10:27:37,194 ERROR com.HailMaryAPI.HailMary.Logging.LoggingController [http-nio-8080-exec-7] Admin: cole.kepford@nexgenfinancial.com does not exsist
2021-04-12 10:27:37,197 ERROR com.HailMaryAPI.HailMary.Logging.LoggingController [http-nio-8080-exec-8] Client with email: cole.kepford@nexgenfinancial.com does not exsist
2021-04-12 10:27:37,722 ERROR com.HailMaryAPI.HailMary.Logging.LoggingController [http-nio-8080-exec-10] Admin: cole.kepford@nexgenfinancial.com does not exsist
2021-04-12 10:27:37,723 ERROR com.HailMaryAPI.HailMary.Logging.LoggingController [http-nio-8080-exec-9] Client with email: cole.kepford@nexgenfinancial.com does not exsist
2021-04-12 10:27:37,947 ERROR com.HailMaryAPI.HailMary.Logging.LoggingController [http-nio-8080-exec-2] Admin: cole.kepford@nexgenfinancial.com does not exsist
2021-04-12 10:27:37,947 ERROR com.HailMaryAPI.HailMary.Logging.LoggingController [http-nio-8080-exec-1] Client with email: cole.kepford@nexgenfinancial.com does not exsist
2021-04-12 10:28:07,098 ERROR com.HailMaryAPI.HailMary.Logging.LoggingController [http-nio-8080-exec-4] Admin: cole.kepford@gmail.com does not exsist
2021-04-12 10:28:07,100 INFO com.HailMaryAPI.HailMary.Logging.LoggingController [http-nio-8080-exec-5] Client with email: cole.kepford@gmail.com was retrieved
2021-04-12 10:28:07,139 ERROR com.HailMaryAPI.HailMary.Logging.LoggingController [http-nio-8080-exec-6] Summary with id: 1 doesnt exsist
2021-04-12 10:28:08,914 ERROR com.HailMaryAPI.HailMary.Logging.LoggingController [http-nio-8080-exec-3] Summary with id: 1 doesnt exsist
2021-04-12 10:28:08,921 ERROR com.HailMaryAPI.HailMary.Logging.LoggingController [http-nio-8080-exec-7] Summary with id: 1 doesnt exsist
2021-04-12 10:28:08,939 ERROR com.HailMaryAPI.HailMary.Logging.LoggingController [http-nio-8080-exec-8] Summary with id: 1 doesnt exsist
2021-04-12 10:28:08,949 ERROR com.HailMaryAPI.HailMary.Logging.LoggingController [http-nio-8080-exec-10] Summary with id: 1 doesnt exsist
2021-04-12 10:28:08,958 ERROR com.HailMaryAPI.HailMary.Logging.LoggingController [http-nio-8080-exec-9] Summary with id: 1 doesnt exsist
2021-04-12 10:28:08,964 ERROR com.HailMaryAPI.HailMary.Logging.LoggingController [http-nio-8080-exec-2] Summary with id: 1 doesnt exsist
2021-04-12 10:28:08,975 ERROR com.HailMaryAPI.HailMary.Logging.LoggingController [http-nio-8080-exec-1] Summary with id: 1 doesnt exsist
2021-04-12 10:28:08,983 ERROR com.HailMaryAPI.HailMary.Logging.LoggingController [http-nio-8080-exec-4] Summary with id: 1 doesnt exsist
2021-04-12 10:28:09,055 ERROR com.HailMaryAPI.HailMary.Logging.LoggingController [http-nio-8080-exec-5] Summary with id: 1 doesnt exsist
2021-04-12 10:28:09,062 ERROR com.HailMaryAPI.HailMary.Logging.LoggingController [http-nio-8080-exec-6] Summary with id: 1 doesnt exsist
2021-04-12 10:28:09,076 ERROR com.HailMaryAPI.HailMary.Logging.LoggingController [http-nio-8080-exec-3] Summary with id: 1 doesnt exsist
2021-04-12 10:28:09,083 ERROR com.HailMaryAPI.HailMary.Logging.LoggingController [http-nio-8080-exec-7] Summary with id: 1 doesnt exsist
2021-04-12 10:28:09,093 ERROR com.HailMaryAPI.HailMary.Logging.LoggingController [http-nio-8080-exec-8] Summary with id: 1 doesnt exsist
2021-04-12 10:28:09,103 ERROR com.HailMaryAPI.HailMary.Logging.LoggingController [http-nio-8080-exec-10] Summary with id: 1 doesnt exsist
2021-04-12 10:28:09,110 ERROR com.HailMaryAPI.HailMary.Logging.LoggingController [http-nio-8080-exec-9] Summary with id: 1 doesnt exsist
2021-04-12 10:28:09,119 ERROR com.HailMaryAPI.HailMary.Logging.LoggingController [http-nio-8080-exec-2] Summary with id: 1 doesnt exsist
2021-04-12 10:28:21,188 ERROR com.HailMaryAPI.HailMary.Logging.LoggingController [http-nio-8080-exec-1] Summary with id: 1 doesnt exsist
2021-04-12 10:28:21,195 ERROR com.HailMaryAPI.HailMary.Logging.LoggingController [http-nio-8080-exec-4] Summary with id: 1 doesnt exsist
2021-04-12 10:28:21,201 ERROR com.HailMaryAPI.HailMary.Logging.LoggingController [http-nio-8080-exec-5] Summary with id: 1 doesnt exsist
2021-04-12 10:28:21,209 ERROR com.HailMaryAPI.HailMary.Logging.LoggingController [http-nio-8080-exec-6] Summary with id: 1 doesnt exsist
2021-04-12 10:28:21,215 ERROR com.HailMaryAPI.HailMary.Logging.LoggingController [http-nio-8080-exec-3] Summary with id: 1 doesnt exsist
2021-04-12 10:28:21,221 ERROR com.HailMaryAPI.HailMary.Logging.LoggingController [http-nio-8080-exec-7] Summary with id: 1 doesnt exsist
2021-04-12 10:28:21,228 ERROR com.HailMaryAPI.HailMary.Logging.LoggingController [http-nio-8080-exec-8] Summary with id: 1 doesnt exsist
2021-04-12 10:28:21,233 ERROR com.HailMaryAPI.HailMary.Logging.LoggingController [http-nio-8080-exec-10] Summary with id: 1 doesnt exsist
2021-04-12 10:28:25,818 ERROR com.HailMaryAPI.HailMary.Logging.LoggingController [http-nio-8080-exec-9] Summary with id: 1 doesnt exsist
2021-04-12 10:28:25,823 ERROR com.HailMaryAPI.HailMary.Logging.LoggingController [http-nio-8080-exec-2] Summary with id: 1 doesnt exsist
2021-04-12 10:28:25,831 ERROR com.HailMaryAPI.HailMary.Logging.LoggingController [http-nio-8080-exec-1] Summary with id: 1 doesnt exsist
2021-04-12 10:28:25,838 ERROR com.HailMaryAPI.HailMary.Logging.LoggingController [http-nio-8080-exec-4] Summary with id: 1 doesnt exsist
2021-04-12 10:28:25,845 ERROR com.HailMaryAPI.HailMary.Logging.LoggingController [http-nio-8080-exec-5] Summary with id: 1 doesnt exsist
2021-04-12 10:28:25,851 ERROR com.HailMaryAPI.HailMary.Logging.LoggingController [http-nio-8080-exec-6] Summary with id: 1 doesnt exsist
2021-04-12 10:28:25,861 ERROR com.HailMaryAPI.HailMary.Logging.LoggingController [http-nio-8080-exec-3] Summary with id: 1 doesnt exsist
2021-04-12 10:28:25,874 ERROR com.HailMaryAPI.HailMary.Logging.LoggingController [http-nio-8080-exec-7] Summary with id: 1 doesnt exsist
2021-04-12 10:28:35,208 ERROR com.HailMaryAPI.HailMary.Logging.LoggingController [http-nio-8080-exec-8] Summary with id: 1 doesnt exsist
2021-04-12 10:28:35,215 ERROR com.HailMaryAPI.HailMary.Logging.LoggingController [http-nio-8080-exec-10] Summary with id: 1 doesnt exsist
2021-04-12 10:28:35,223 ERROR com.HailMaryAPI.HailMary.Logging.LoggingController [http-nio-8080-exec-9] Summary with id: 1 doesnt exsist
2021-04-12 10:28:35,229 ERROR com.HailMaryAPI.HailMary.Logging.LoggingController [http-nio-8080-exec-2] Summary with id: 1 doesnt exsist
2021-04-12 10:28:35,236 ERROR com.HailMaryAPI.HailMary.Logging.LoggingController [http-nio-8080-exec-1] Summary with id: 1 doesnt exsist
2021-04-12 10:28:35,242 ERROR com.HailMaryAPI.HailMary.Logging.LoggingController [http-nio-8080-exec-4] Summary with id: 1 doesnt exsist
2021-04-12 10:28:35,249 ERROR com.HailMaryAPI.HailMary.Logging.LoggingController [http-nio-8080-exec-5] Summary with id: 1 doesnt exsist
2021-04-12 10:28:35,254 ERROR com.HailMaryAPI.HailMary.Logging.LoggingController [http-nio-8080-exec-6] Summary with id: 1 doesnt exsist
2021-04-12 10:28:38,933 ERROR com.HailMaryAPI.HailMary.Logging.LoggingController [http-nio-8080-exec-3] Summary with id: 1 doesnt exsist
2021-04-12 10:28:38,939 ERROR com.HailMaryAPI.HailMary.Logging.LoggingController [http-nio-8080-exec-7] Summary with id: 1 doesnt exsist
2021-04-12 10:28:38,945 ERROR com.HailMaryAPI.HailMary.Logging.LoggingController [http-nio-8080-exec-8] Summary with id: 1 doesnt exsist
2021-04-12 10:28:38,952 ERROR com.HailMaryAPI.HailMary.Logging.LoggingController [http-nio-8080-exec-10] Summary with id: 1 doesnt exsist
2021-04-12 10:28:38,959 ERROR com.HailMaryAPI.HailMary.Logging.LoggingController [http-nio-8080-exec-9] Summary with id: 1 doesnt exsist
2021-04-12 10:28:38,965 ERROR com.HailMaryAPI.HailMary.Logging.LoggingController [http-nio-8080-exec-2] Summary with id: 1 doesnt exsist
2021-04-12 10:28:38,980 ERROR com.HailMaryAPI.HailMary.Logging.LoggingController [http-nio-8080-exec-1] Summary with id: 1 doesnt exsist
2021-04-12 10:28:38,986 ERROR com.HailMaryAPI.HailMary.Logging.LoggingController [http-nio-8080-exec-4] Summary with id: 1 doesnt exsist
2021-04-12 10:30:21,221 INFO com.HailMaryAPI.HailMary.Logging.LoggingController [http-nio-8080-exec-3] Admin: cole@nexgenfinancial.com was retrieved
2021-04-12 10:30:21,222 ERROR com.HailMaryAPI.HailMary.Logging.LoggingController [http-nio-8080-exec-7] Client with email: cole@nexgenfinancial.com does not exsist
2021-04-12 10:30:34,628 INFO com.HailMaryAPI.HailMary.Logging.LoggingController [http-nio-8080-exec-1] Retrieved all clients
2021-04-12 10:36:07,312 INFO com.HailMaryAPI.HailMary.Logging.LoggingController [http-nio-8080-exec-5] Retrieved all clients
2021-04-12 10:49:33,341 INFO com.HailMaryAPI.HailMary.Logging.LoggingController [http-nio-8080-exec-10] Retrieved all clients
2021-04-12 10:54:20,021 INFO com.HailMaryAPI.HailMary.Logging.LoggingController [http-nio-8080-exec-10] Policies for cole@nexgenfinancial.com were retrieved successfully
2021-04-12 10:56:04,212 ERROR com.HailMaryAPI.HailMary.Logging.LoggingController [http-nio-8080-exec-1] Admin: cole.kepford@gmail.com does not exsist
2021-04-12 10:56:04,215 INFO com.HailMaryAPI.HailMary.Logging.LoggingController [http-nio-8080-exec-4] Client with email: cole.kepford@gmail.com was retrieved
2021-04-12 10:56:04,252 ERROR com.HailMaryAPI.HailMary.Logging.LoggingController [http-nio-8080-exec-6] Summary with id: 1 doesnt exsist
2021-04-12 10:56:04,259 ERROR com.HailMaryAPI.HailMary.Logging.LoggingController [http-nio-8080-exec-5] Summary with id: 1 doesnt exsist
2021-04-12 10:56:06,990 ERROR com.HailMaryAPI.HailMary.Logging.LoggingController [http-nio-8080-exec-3] Summary with id: 1 doesnt exsist
2021-04-12 10:56:06,995 ERROR com.HailMaryAPI.HailMary.Logging.LoggingController [http-nio-8080-exec-7] Summary with id: 1 doesnt exsist
2021-04-12 10:56:07,008 ERROR com.HailMaryAPI.HailMary.Logging.LoggingController [http-nio-8080-exec-8] Summary with id: 1 doesnt exsist
2021-04-12 10:56:07,014 ERROR com.HailMaryAPI.HailMary.Logging.LoggingController [http-nio-8080-exec-10] Summary with id: 1 doesnt exsist
2021-04-12 10:56:07,023 ERROR com.HailMaryAPI.HailMary.Logging.LoggingController [http-nio-8080-exec-9] Summary with id: 1 doesnt exsist
2021-04-12 10:56:07,029 ERROR com.HailMaryAPI.HailMary.Logging.LoggingController [http-nio-8080-exec-2] Summary with id: 1 doesnt exsist
2021-04-12 10:56:07,035 ERROR com.HailMaryAPI.HailMary.Logging.LoggingController [http-nio-8080-exec-1] Summary with id: 1 doesnt exsist
2021-04-12 10:56:07,042 ERROR com.HailMaryAPI.HailMary.Logging.LoggingController [http-nio-8080-exec-4] Summary with id: 1 doesnt exsist
2021-04-12 10:56:07,121 ERROR com.HailMaryAPI.HailMary.Logging.LoggingController [http-nio-8080-exec-6] Summary with id: 1 doesnt exsist
2021-04-12 10:56:07,126 ERROR com.HailMaryAPI.HailMary.Logging.LoggingController [http-nio-8080-exec-5] Summary with id: 1 doesnt exsist
2021-04-12 10:56:07,148 ERROR com.HailMaryAPI.HailMary.Logging.LoggingController [http-nio-8080-exec-3] Summary with id: 1 doesnt exsist
2021-04-12 10:56:07,153 ERROR com.HailMaryAPI.HailMary.Logging.LoggingController [http-nio-8080-exec-7] Summary with id: 1 doesnt exsist
2021-04-12 10:56:07,172 ERROR com.HailMaryAPI.HailMary.Logging.LoggingController [http-nio-8080-exec-8] Summary with id: 1 doesnt exsist
2021-04-12 10:56:07,176 ERROR com.HailMaryAPI.HailMary.Logging.LoggingController [http-nio-8080-exec-10] Summary with id: 1 doesnt exsist
2021-04-12 10:56:07,183 ERROR com.HailMaryAPI.HailMary.Logging.LoggingController [http-nio-8080-exec-9] Summary with id: 1 doesnt exsist
2021-04-12 10:56:07,189 ERROR com.HailMaryAPI.HailMary.Logging.LoggingController [http-nio-8080-exec-2] Summary with id: 1 doesnt exsist
2021-04-12 10:56:08,367 INFO com.HailMaryAPI.HailMary.Logging.LoggingController [http-nio-8080-exec-1] Policies for cole.kepford@gmail.com were retrieved successfully
2021-04-12 10:59:43,274 ERROR com.HailMaryAPI.HailMary.Logging.LoggingController [http-nio-8080-exec-3] Admin: cole.kepford@gmail.com does not exsist
2021-04-12 10:59:43,276 INFO com.HailMaryAPI.HailMary.Logging.LoggingController [http-nio-8080-exec-7] Client with email: cole.kepford@gmail.com was retrieved
2021-04-12 10:59:43,315 ERROR com.HailMaryAPI.HailMary.Logging.LoggingController [http-nio-8080-exec-8] Summary with id: 1 doesnt exsist
2021-04-12 10:59:43,323 ERROR com.HailMaryAPI.HailMary.Logging.LoggingController [http-nio-8080-exec-10] Summary with id: 1 doesnt exsist
2021-04-12 10:59:50,939 ERROR com.HailMaryAPI.HailMary.Logging.LoggingController [http-nio-8080-exec-9] Summary with id: 1 doesnt exsist
2021-04-12 10:59:50,946 ERROR com.HailMaryAPI.HailMary.Logging.LoggingController [http-nio-8080-exec-2] Summary with id: 1 doesnt exsist
2021-04-12 10:59:50,988 ERROR com.HailMaryAPI.HailMary.Logging.LoggingController [http-nio-8080-exec-1] Summary with id: 1 doesnt exsist
2021-04-12 10:59:50,994 ERROR com.HailMaryAPI.HailMary.Logging.LoggingController [http-nio-8080-exec-4] Summary with id: 1 doesnt exsist
2021-04-12 10:59:51,042 ERROR com.HailMaryAPI.HailMary.Logging.LoggingController [http-nio-8080-exec-6] Summary with id: 1 doesnt exsist
2021-04-12 10:59:51,048 ERROR com.HailMaryAPI.HailMary.Logging.LoggingController [http-nio-8080-exec-5] Summary with id: 1 doesnt exsist
2021-04-12 10:59:51,053 ERROR com.HailMaryAPI.HailMary.Logging.LoggingController [http-nio-8080-exec-3] Summary with id: 1 doesnt exsist
2021-04-12 10:59:51,061 ERROR com.HailMaryAPI.HailMary.Logging.LoggingController [http-nio-8080-exec-7] Summary with id: 1 doesnt exsist
2021-04-12 10:59:51,245 ERROR com.HailMaryAPI.HailMary.Logging.LoggingController [http-nio-8080-exec-8] Summary with id: 1 doesnt exsist
2021-04-12 10:59:51,254 ERROR com.HailMaryAPI.HailMary.Logging.LoggingController [http-nio-8080-exec-10] Summary with id: 1 doesnt exsist
2021-04-12 10:59:51,282 ERROR com.HailMaryAPI.HailMary.Logging.LoggingController [http-nio-8080-exec-9] Summary with id: 1 doesnt exsist
2021-04-12 10:59:51,287 ERROR com.HailMaryAPI.HailMary.Logging.LoggingController [http-nio-8080-exec-2] Summary with id: 1 doesnt exsist
2021-04-12 10:59:51,308 ERROR com.HailMaryAPI.HailMary.Logging.LoggingController [http-nio-8080-exec-1] Summary with id: 1 doesnt exsist
2021-04-12 10:59:51,315 ERROR com.HailMaryAPI.HailMary.Logging.LoggingController [http-nio-8080-exec-4] Summary with id: 1 doesnt exsist
2021-04-12 10:59:51,335 ERROR com.HailMaryAPI.HailMary.Logging.LoggingController [http-nio-8080-exec-6] Summary with id: 1 doesnt exsist
2021-04-12 10:59:51,343 ERROR com.HailMaryAPI.HailMary.Logging.LoggingController [http-nio-8080-exec-5] Summary with id: 1 doesnt exsist
2021-04-12 10:59:52,325 INFO com.HailMaryAPI.HailMary.Logging.LoggingController [http-nio-8080-exec-3] Policies for cole.kepford@gmail.com were retrieved successfully
2021-04-12 11:01:58,532 INFO com.HailMaryAPI.HailMary.Logging.LoggingController [http-nio-8080-exec-10] Policies for cole.kepford@gmail.com were retrieved successfully
2021-04-12 11:01:58,757 INFO com.HailMaryAPI.HailMary.Logging.LoggingController [http-nio-8080-exec-9] Policies for cole.kepford@gmail.com were retrieved successfully
2021-04-12 11:11:53,987 ERROR com.HailMaryAPI.HailMary.Logging.LoggingController [http-nio-8080-exec-1] Summary with id: 1 doesnt exsist
2021-04-12 11:11:53,994 ERROR com.HailMaryAPI.HailMary.Logging.LoggingController [http-nio-8080-exec-4] Summary with id: 1 doesnt exsist
2021-04-12 11:11:54,024 ERROR com.HailMaryAPI.HailMary.Logging.LoggingController [http-nio-8080-exec-6] Summary with id: 1 doesnt exsist
2021-04-12 11:11:54,030 ERROR com.HailMaryAPI.HailMary.Logging.LoggingController [http-nio-8080-exec-5] Summary with id: 1 doesnt exsist
2021-04-12 11:11:54,040 ERROR com.HailMaryAPI.HailMary.Logging.LoggingController [http-nio-8080-exec-3] Summary with id: 1 doesnt exsist
2021-04-12 11:11:54,047 ERROR com.HailMaryAPI.HailMary.Logging.LoggingController [http-nio-8080-exec-7] Summary with id: 1 doesnt exsist
2021-04-12 11:11:54,053 ERROR com.HailMaryAPI.HailMary.Logging.LoggingController [http-nio-8080-exec-8] Summary with id: 1 doesnt exsist
2021-04-12 11:11:54,060 ERROR com.HailMaryAPI.HailMary.Logging.LoggingController [http-nio-8080-exec-10] Summary with id: 1 doesnt exsist
2021-04-12 11:11:54,245 ERROR com.HailMaryAPI.HailMary.Logging.LoggingController [http-nio-8080-exec-9] Summary with id: 1 doesnt exsist
2021-04-12 11:11:54,255 ERROR com.HailMaryAPI.HailMary.Logging.LoggingController [http-nio-8080-exec-2] Summary with id: 1 doesnt exsist
2021-04-12 11:11:54,282 ERROR com.HailMaryAPI.HailMary.Logging.LoggingController [http-nio-8080-exec-1] Summary with id: 1 doesnt exsist
2021-04-12 11:11:54,302 ERROR com.HailMaryAPI.HailMary.Logging.LoggingController [http-nio-8080-exec-4] Summary with id: 1 doesnt exsist
2021-04-12 11:11:54,327 ERROR com.HailMaryAPI.HailMary.Logging.LoggingController [http-nio-8080-exec-6] Summary with id: 1 doesnt exsist
2021-04-12 11:11:54,344 ERROR com.HailMaryAPI.HailMary.Logging.LoggingController [http-nio-8080-exec-5] Summary with id: 1 doesnt exsist
2021-04-12 11:11:54,352 ERROR com.HailMaryAPI.HailMary.Logging.LoggingController [http-nio-8080-exec-3] Summary with id: 1 doesnt exsist
2021-04-12 11:11:54,357 ERROR com.HailMaryAPI.HailMary.Logging.LoggingController [http-nio-8080-exec-7] Summary with id: 1 doesnt exsist
2021-04-12 11:12:02,534 ERROR com.HailMaryAPI.HailMary.Logging.LoggingController [http-nio-8080-exec-8] Summary with id: 1 doesnt exsist
2021-04-12 11:12:02,539 ERROR com.HailMaryAPI.HailMary.Logging.LoggingController [http-nio-8080-exec-10] Summary with id: 1 doesnt exsist
2021-04-12 11:12:02,548 ERROR com.HailMaryAPI.HailMary.Logging.LoggingController [http-nio-8080-exec-9] Summary with id: 1 doesnt exsist
2021-04-12 11:12:02,553 ERROR com.HailMaryAPI.HailMary.Logging.LoggingController [http-nio-8080-exec-2] Summary with id: 1 doesnt exsist
2021-04-12 11:12:02,560 ERROR com.HailMaryAPI.HailMary.Logging.LoggingController [http-nio-8080-exec-1] Summary with id: 1 doesnt exsist
2021-04-12 11:12:02,567 ERROR com.HailMaryAPI.HailMary.Logging.LoggingController [http-nio-8080-exec-4] Summary with id: 1 doesnt exsist
2021-04-12 11:12:02,577 ERROR com.HailMaryAPI.HailMary.Logging.LoggingController [http-nio-8080-exec-6] Summary with id: 1 doesnt exsist
2021-04-12 11:12:02,584 ERROR com.HailMaryAPI.HailMary.Logging.LoggingController [http-nio-8080-exec-5] Summary with id: 1 doesnt exsist
2021-04-12 11:13:02,698 ERROR com.HailMaryAPI.HailMary.Logging.LoggingController [http-nio-8080-exec-3] Summary with id: 1 doesnt exsist
2021-04-12 11:13:02,702 ERROR com.HailMaryAPI.HailMary.Logging.LoggingController [http-nio-8080-exec-7] Summary with id: 1 doesnt exsist
2021-04-12 11:13:02,729 ERROR com.HailMaryAPI.HailMary.Logging.LoggingController [http-nio-8080-exec-8] Summary with id: 1 doesnt exsist
2021-04-12 11:13:02,734 ERROR com.HailMaryAPI.HailMary.Logging.LoggingController [http-nio-8080-exec-10] Summary with id: 1 doesnt exsist
2021-04-12 11:13:02,755 ERROR com.HailMaryAPI.HailMary.Logging.LoggingController [http-nio-8080-exec-9] Summary with id: 1 doesnt exsist
2021-04-12 11:13:02,761 ERROR com.HailMaryAPI.HailMary.Logging.LoggingController [http-nio-8080-exec-2] Summary with id: 1 doesnt exsist
2021-04-12 11:13:02,767 ERROR com.HailMaryAPI.HailMary.Logging.LoggingController [http-nio-8080-exec-1] Summary with id: 1 doesnt exsist
2021-04-12 11:13:02,775 ERROR com.HailMaryAPI.HailMary.Logging.LoggingController [http-nio-8080-exec-4] Summary with id: 1 doesnt exsist
2021-04-12 11:13:02,993 ERROR com.HailMaryAPI.HailMary.Logging.LoggingController [http-nio-8080-exec-6] Summary with id: 1 doesnt exsist
2021-04-12 11:13:02,999 ERROR com.HailMaryAPI.HailMary.Logging.LoggingController [http-nio-8080-exec-5] Summary with id: 1 doesnt exsist
2021-04-12 11:13:03,038 ERROR com.HailMaryAPI.HailMary.Logging.LoggingController [http-nio-8080-exec-3] Summary with id: 1 doesnt exsist
2021-04-12 11:13:03,045 ERROR com.HailMaryAPI.HailMary.Logging.LoggingController [http-nio-8080-exec-7] Summary with id: 1 doesnt exsist
2021-04-12 11:13:03,052 ERROR com.HailMaryAPI.HailMary.Logging.LoggingController [http-nio-8080-exec-8] Summary with id: 1 doesnt exsist
2021-04-12 11:13:03,057 ERROR com.HailMaryAPI.HailMary.Logging.LoggingController [http-nio-8080-exec-10] Summary with id: 1 doesnt exsist
2021-04-12 11:13:03,068 ERROR com.HailMaryAPI.HailMary.Logging.LoggingController [http-nio-8080-exec-9] Summary with id: 1 doesnt exsist
2021-04-12 11:13:03,073 ERROR com.HailMaryAPI.HailMary.Logging.LoggingController [http-nio-8080-exec-2] Summary with id: 1 doesnt exsist
2021-04-12 11:13:41,091 INFO com.HailMaryAPI.HailMary.Logging.LoggingController [http-nio-8080-exec-1] Admin: cole@nexgenfinancial.com was retrieved
2021-04-12 11:13:41,093 ERROR com.HailMaryAPI.HailMary.Logging.LoggingController [http-nio-8080-exec-4] Client with email: cole@nexgenfinancial.com does not exsist
2021-04-12 11:13:45,354 INFO com.HailMaryAPI.HailMary.Logging.LoggingController [http-nio-8080-exec-6] Retrieved all clients
2021-04-12 11:14:13,853 INFO com.HailMaryAPI.HailMary.Logging.LoggingController [http-nio-8080-exec-8] Successfully created new summary
2021-04-12 11:28:12,642 INFO org.springframework.boot.StartupInfoLogger [main] Starting HailMaryApplication using Java 15.0.1 on DESKTOP-ICQJ65O with PID 6308 (C:\Users\cocog\Documents\SAIT\4th SEM\Capstone\HailMaryAPI\target\classes started by cocog in C:\Users\cocog\Documents\SAIT\4th SEM\Capstone\HailMaryAPI)
2021-04-12 11:28:12,644 INFO org.springframework.boot.SpringApplication [main] No active profile set, falling back to default profiles: default
2021-04-12 11:28:15,211 INFO org.springframework.boot.StartupInfoLogger [main] Started HailMaryApplication in 2.857 seconds (JVM running for 3.091)
2021-04-12 11:28:23,160 INFO com.HailMaryAPI.HailMary.Logging.LoggingController [http-nio-8080-exec-2] Retrieved all clients
2021-04-12 11:28:23,255 INFO com.HailMaryAPI.HailMary.Logging.LoggingController [http-nio-8080-exec-1] Retrieved all clients
2021-04-12 11:28:31,713 ERROR com.HailMaryAPI.HailMary.Logging.LoggingController [http-nio-8080-exec-3] Admin: cole.kepford@gmail.com does not exsist
2021-04-12 11:28:31,716 INFO com.HailMaryAPI.HailMary.Logging.LoggingController [http-nio-8080-exec-4] Client with email: cole.kepford@gmail.com was retrieved
2021-04-12 11:28:31,779 INFO com.HailMaryAPI.HailMary.Logging.LoggingController [http-nio-8080-exec-5] Summary 1 was retrieved
2021-04-12 11:28:33,988 INFO com.HailMaryAPI.HailMary.Logging.LoggingController [http-nio-8080-exec-6] Summary 1 was retrieved
2021-04-12 11:28:34,000 INFO com.HailMaryAPI.HailMary.Logging.LoggingController [http-nio-8080-exec-7] Summary 1 was retrieved
2021-04-12 11:28:34,018 INFO com.HailMaryAPI.HailMary.Logging.LoggingController [http-nio-8080-exec-8] Summary 1 was retrieved
2021-04-12 11:28:34,035 INFO com.HailMaryAPI.HailMary.Logging.LoggingController [http-nio-8080-exec-9] Summary 1 was retrieved
2021-04-12 11:28:34,048 INFO com.HailMaryAPI.HailMary.Logging.LoggingController [http-nio-8080-exec-10] Summary 1 was retrieved
2021-04-12 11:28:34,062 INFO com.HailMaryAPI.HailMary.Logging.LoggingController [http-nio-8080-exec-1] Summary 1 was retrieved
2021-04-12 11:28:34,079 INFO com.HailMaryAPI.HailMary.Logging.LoggingController [http-nio-8080-exec-2] Summary 1 was retrieved
2021-04-12 11:28:34,170 INFO com.HailMaryAPI.HailMary.Logging.LoggingController [http-nio-8080-exec-3] Summary 1 was retrieved
2021-04-12 11:28:34,183 INFO com.HailMaryAPI.HailMary.Logging.LoggingController [http-nio-8080-exec-4] Summary 1 was retrieved
2021-04-12 11:28:34,206 INFO com.HailMaryAPI.HailMary.Logging.LoggingController [http-nio-8080-exec-5] Summary 1 was retrieved
2021-04-12 11:28:34,223 INFO com.HailMaryAPI.HailMary.Logging.LoggingController [http-nio-8080-exec-6] Summary 1 was retrieved
2021-04-12 11:28:34,238 INFO com.HailMaryAPI.HailMary.Logging.LoggingController [http-nio-8080-exec-7] Summary 1 was retrieved
2021-04-12 11:28:34,256 INFO com.HailMaryAPI.HailMary.Logging.LoggingController [http-nio-8080-exec-8] Summary 1 was retrieved
2021-04-12 11:28:34,282 INFO com.HailMaryAPI.HailMary.Logging.LoggingController [http-nio-8080-exec-9] Summary 1 was retrieved
2021-04-12 11:28:34,297 INFO com.HailMaryAPI.HailMary.Logging.LoggingController [http-nio-8080-exec-10] Summary 1 was retrieved
2021-04-12 11:28:35,447 INFO com.HailMaryAPI.HailMary.Logging.LoggingController [http-nio-8080-exec-1] Policies for cole.kepford@gmail.com were retrieved successfully
2021-04-12 12:09:48,278 INFO org.springframework.boot.StartupInfoLogger [main] Starting HailMaryApplication using Java 15.0.1 on DESKTOP-ICQJ65O with PID 26984 (C:\Users\cocog\Documents\SAIT\4th SEM\Capstone\HailMaryAPI\target\classes started by cocog in C:\Users\cocog\Documents\SAIT\4th SEM\Capstone\HailMaryAPI)
2021-04-12 12:09:48,282 INFO org.springframework.boot.SpringApplication [main] No active profile set, falling back to default profiles: default
2021-04-12 12:09:51,127 INFO org.springframework.boot.StartupInfoLogger [main] Started HailMaryApplication in 3.184 seconds (JVM running for 3.456)
2021-04-12 12:10:03,065 ERROR com.HailMaryAPI.HailMary.Logging.LoggingController [http-nio-8080-exec-2] Admin: cole.kepford@gmail.com does not exsist
2021-04-12 12:10:03,069 INFO com.HailMaryAPI.HailMary.Logging.LoggingController [http-nio-8080-exec-1] Client with email: cole.kepford@gmail.com was retrieved
2021-04-12 12:10:03,154 INFO com.HailMaryAPI.HailMary.Logging.LoggingController [http-nio-8080-exec-4] Summary 1 was retrieved
2021-04-12 12:10:07,108 INFO com.HailMaryAPI.HailMary.Logging.LoggingController [http-nio-8080-exec-3] Summary 1 was retrieved
2021-04-12 12:10:07,122 INFO com.HailMaryAPI.HailMary.Logging.LoggingController [http-nio-8080-exec-5] Summary 1 was retrieved
2021-04-12 12:10:07,149 INFO com.HailMaryAPI.HailMary.Logging.LoggingController [http-nio-8080-exec-6] Summary 1 was retrieved
2021-04-12 12:10:07,168 INFO com.HailMaryAPI.HailMary.Logging.LoggingController [http-nio-8080-exec-7] Summary 1 was retrieved
2021-04-12 12:10:07,181 INFO com.HailMaryAPI.HailMary.Logging.LoggingController [http-nio-8080-exec-8] Summary 1 was retrieved
2021-04-12 12:10:07,198 INFO com.HailMaryAPI.HailMary.Logging.LoggingController [http-nio-8080-exec-9] Summary 1 was retrieved
2021-04-12 12:10:07,213 INFO com.HailMaryAPI.HailMary.Logging.LoggingController [http-nio-8080-exec-10] Summary 1 was retrieved
2021-04-12 12:10:07,226 INFO com.HailMaryAPI.HailMary.Logging.LoggingController [http-nio-8080-exec-2] Summary 1 was retrieved
2021-04-12 12:10:07,456 INFO com.HailMaryAPI.HailMary.Logging.LoggingController [http-nio-8080-exec-1] Summary 1 was retrieved
2021-04-12 12:10:07,470 INFO com.HailMaryAPI.HailMary.Logging.LoggingController [http-nio-8080-exec-4] Summary 1 was retrieved
2021-04-12 12:10:07,509 INFO com.HailMaryAPI.HailMary.Logging.LoggingController [http-nio-8080-exec-3] Summary 1 was retrieved
2021-04-12 12:10:07,520 INFO com.HailMaryAPI.HailMary.Logging.LoggingController [http-nio-8080-exec-3] Summary 1 was retrieved
2021-04-12 12:10:07,583 INFO com.HailMaryAPI.HailMary.Logging.LoggingController [http-nio-8080-exec-6] Summary 1 was retrieved
2021-04-12 12:10:07,594 INFO com.HailMaryAPI.HailMary.Logging.LoggingController [http-nio-8080-exec-7] Summary 1 was retrieved
2021-04-12 12:10:07,608 INFO com.HailMaryAPI.HailMary.Logging.LoggingController [http-nio-8080-exec-8] Summary 1 was retrieved
2021-04-12 12:10:07,638 INFO com.HailMaryAPI.HailMary.Logging.LoggingController [http-nio-8080-exec-9] Summary 1 was retrieved
2021-04-12 12:10:08,636 INFO com.HailMaryAPI.HailMary.Logging.LoggingController [http-nio-8080-exec-10] Policies for cole.kepford@gmail.com were retrieved successfully
2021-04-12 12:10:13,684 INFO com.HailMaryAPI.HailMary.Logging.LoggingController [http-nio-8080-exec-1] Sending email from: 
2021-04-12 12:10:25,241 INFO com.HailMaryAPI.HailMary.Logging.LoggingController [http-nio-8080-exec-1] Email sent from: 
2021-04-12 12:10:25,242 ERROR com.HailMaryAPI.HailMary.Logging.LoggingController [http-nio-8080-exec-1] Unable to retrieve email from: 
2021-04-12 16:33:14,064 INFO org.springframework.boot.StartupInfoLogger [main] Starting HailMaryApplication using Java 15.0.1 on DESKTOP-ICQJ65O with PID 11216 (C:\Users\cocog\Documents\SAIT\4th SEM\Capstone\HailMaryAPI\target\classes started by cocog in C:\Users\cocog\Documents\SAIT\4th SEM\Capstone\HailMaryAPI)
2021-04-12 16:33:14,066 INFO org.springframework.boot.SpringApplication [main] No active profile set, falling back to default profiles: default
2021-04-12 16:33:17,683 INFO org.springframework.boot.StartupInfoLogger [main] Started HailMaryApplication in 3.914 seconds (JVM running for 4.15)
2021-04-12 16:33:23,676 ERROR com.HailMaryAPI.HailMary.Logging.LoggingController [http-nio-8080-exec-2] Admin: cole.kepford@gmail.com does not exsist
2021-04-12 16:33:23,681 INFO com.HailMaryAPI.HailMary.Logging.LoggingController [http-nio-8080-exec-3] Client with email: cole.kepford@gmail.com was retrieved
2021-04-12 16:33:23,770 INFO com.HailMaryAPI.HailMary.Logging.LoggingController [http-nio-8080-exec-4] Summary 1 was retrieved
2021-04-12 16:33:26,252 INFO com.HailMaryAPI.HailMary.Logging.LoggingController [http-nio-8080-exec-5] Summary 1 was retrieved
2021-04-12 16:33:26,266 INFO com.HailMaryAPI.HailMary.Logging.LoggingController [http-nio-8080-exec-10] Summary 1 was retrieved
2021-04-12 16:33:26,288 INFO com.HailMaryAPI.HailMary.Logging.LoggingController [http-nio-8080-exec-1] Summary 1 was retrieved
2021-04-12 16:33:26,304 INFO com.HailMaryAPI.HailMary.Logging.LoggingController [http-nio-8080-exec-6] Summary 1 was retrieved
2021-04-12 16:33:26,320 INFO com.HailMaryAPI.HailMary.Logging.LoggingController [http-nio-8080-exec-8] Summary 1 was retrieved
2021-04-12 16:33:26,338 INFO com.HailMaryAPI.HailMary.Logging.LoggingController [http-nio-8080-exec-9] Summary 1 was retrieved
2021-04-12 16:33:26,415 INFO com.HailMaryAPI.HailMary.Logging.LoggingController [http-nio-8080-exec-7] Summary 1 was retrieved
2021-04-12 16:33:26,427 INFO com.HailMaryAPI.HailMary.Logging.LoggingController [http-nio-8080-exec-2] Summary 1 was retrieved
2021-04-12 16:33:26,461 INFO com.HailMaryAPI.HailMary.Logging.LoggingController [http-nio-8080-exec-3] Summary 1 was retrieved
2021-04-12 16:33:26,476 INFO com.HailMaryAPI.HailMary.Logging.LoggingController [http-nio-8080-exec-4] Summary 1 was retrieved
2021-04-12 16:33:26,489 INFO com.HailMaryAPI.HailMary.Logging.LoggingController [http-nio-8080-exec-5] Summary 1 was retrieved
2021-04-12 16:33:26,501 INFO com.HailMaryAPI.HailMary.Logging.LoggingController [http-nio-8080-exec-10] Summary 1 was retrieved
2021-04-12 16:33:26,513 INFO com.HailMaryAPI.HailMary.Logging.LoggingController [http-nio-8080-exec-1] Summary 1 was retrieved
2021-04-12 16:33:26,524 INFO com.HailMaryAPI.HailMary.Logging.LoggingController [http-nio-8080-exec-6] Summary 1 was retrieved
2021-04-12 16:33:28,512 INFO com.HailMaryAPI.HailMary.Logging.LoggingController [http-nio-8080-exec-8] Policies for cole.kepford@gmail.com were retrieved successfully
2021-04-12 16:33:57,283 INFO com.HailMaryAPI.HailMary.Logging.LoggingController [http-nio-8080-exec-9] Summary 1 was retrieved
2021-04-12 16:33:57,297 INFO com.HailMaryAPI.HailMary.Logging.LoggingController [http-nio-8080-exec-7] Summary 1 was retrieved
2021-04-12 16:33:57,312 INFO com.HailMaryAPI.HailMary.Logging.LoggingController [http-nio-8080-exec-2] Summary 1 was retrieved
2021-04-12 16:33:57,327 INFO com.HailMaryAPI.HailMary.Logging.LoggingController [http-nio-8080-exec-3] Summary 1 was retrieved
2021-04-12 16:33:57,339 INFO com.HailMaryAPI.HailMary.Logging.LoggingController [http-nio-8080-exec-4] Summary 1 was retrieved
2021-04-12 16:33:57,351 INFO com.HailMaryAPI.HailMary.Logging.LoggingController [http-nio-8080-exec-5] Summary 1 was retrieved
2021-04-12 16:33:57,377 INFO com.HailMaryAPI.HailMary.Logging.LoggingController [http-nio-8080-exec-10] Summary 1 was retrieved
2021-04-12 16:33:57,388 INFO com.HailMaryAPI.HailMary.Logging.LoggingController [http-nio-8080-exec-1] Summary 1 was retrieved
2021-04-12 16:33:59,890 INFO com.HailMaryAPI.HailMary.Logging.LoggingController [http-nio-8080-exec-6] Summary 1 was retrieved
2021-04-12 16:33:59,905 INFO com.HailMaryAPI.HailMary.Logging.LoggingController [http-nio-8080-exec-8] Summary 1 was retrieved
2021-04-12 16:33:59,937 INFO com.HailMaryAPI.HailMary.Logging.LoggingController [http-nio-8080-exec-9] Summary 1 was retrieved
2021-04-12 16:33:59,950 INFO com.HailMaryAPI.HailMary.Logging.LoggingController [http-nio-8080-exec-7] Summary 1 was retrieved
2021-04-12 16:33:59,986 INFO com.HailMaryAPI.HailMary.Logging.LoggingController [http-nio-8080-exec-2] Summary 1 was retrieved
2021-04-12 16:34:00,002 INFO com.HailMaryAPI.HailMary.Logging.LoggingController [http-nio-8080-exec-3] Summary 1 was retrieved
2021-04-12 16:34:00,018 INFO com.HailMaryAPI.HailMary.Logging.LoggingController [http-nio-8080-exec-4] Summary 1 was retrieved
2021-04-12 16:34:00,035 INFO com.HailMaryAPI.HailMary.Logging.LoggingController [http-nio-8080-exec-5] Summary 1 was retrieved
2021-04-12 16:34:00,227 INFO com.HailMaryAPI.HailMary.Logging.LoggingController [http-nio-8080-exec-10] Summary 1 was retrieved
2021-04-12 16:34:00,242 INFO com.HailMaryAPI.HailMary.Logging.LoggingController [http-nio-8080-exec-1] Summary 1 was retrieved
2021-04-12 16:34:00,294 INFO com.HailMaryAPI.HailMary.Logging.LoggingController [http-nio-8080-exec-6] Summary 1 was retrieved
2021-04-12 16:34:00,309 INFO com.HailMaryAPI.HailMary.Logging.LoggingController [http-nio-8080-exec-8] Summary 1 was retrieved
2021-04-12 16:34:00,322 INFO com.HailMaryAPI.HailMary.Logging.LoggingController [http-nio-8080-exec-9] Summary 1 was retrieved
2021-04-12 16:34:00,335 INFO com.HailMaryAPI.HailMary.Logging.LoggingController [http-nio-8080-exec-7] Summary 1 was retrieved
2021-04-12 16:34:00,350 INFO com.HailMaryAPI.HailMary.Logging.LoggingController [http-nio-8080-exec-2] Summary 1 was retrieved
2021-04-12 16:34:00,363 INFO com.HailMaryAPI.HailMary.Logging.LoggingController [http-nio-8080-exec-3] Summary 1 was retrieved
2021-04-12 16:34:04,148 INFO com.HailMaryAPI.HailMary.Logging.LoggingController [http-nio-8080-exec-4] Policies for cole.kepford@gmail.com were retrieved successfully
2021-04-12 16:34:08,108 INFO com.HailMaryAPI.HailMary.Logging.LoggingController [http-nio-8080-exec-10] Sending email from: 
2021-04-12 16:34:19,378 INFO com.HailMaryAPI.HailMary.Logging.LoggingController [http-nio-8080-exec-10] Email sent from: 
2021-04-12 16:34:19,379 ERROR com.HailMaryAPI.HailMary.Logging.LoggingController [http-nio-8080-exec-10] Unable to retrieve email from: 
2021-04-12 16:36:05,916 INFO com.HailMaryAPI.HailMary.Logging.LoggingController [http-nio-8080-exec-8] Policies for cole.kepford@gmail.com were retrieved successfully
2021-04-12 16:36:06,129 INFO com.HailMaryAPI.HailMary.Logging.LoggingController [http-nio-8080-exec-9] Policies for cole.kepford@gmail.com were retrieved successfully
2021-04-12 16:36:09,127 INFO com.HailMaryAPI.HailMary.Logging.LoggingController [http-nio-8080-exec-7] Sending email from: 
2021-04-12 16:36:19,980 INFO com.HailMaryAPI.HailMary.Logging.LoggingController [http-nio-8080-exec-7] Email sent from: 
2021-04-12 16:36:19,981 ERROR com.HailMaryAPI.HailMary.Logging.LoggingController [http-nio-8080-exec-7] Unable to retrieve email from: 
2021-04-12 16:37:56,241 INFO com.HailMaryAPI.HailMary.Logging.LoggingController [http-nio-8080-exec-3] Policies for cole.kepford@gmail.com were retrieved successfully
2021-04-12 16:37:59,144 INFO com.HailMaryAPI.HailMary.Logging.LoggingController [http-nio-8080-exec-4] Sending email from: 
2021-04-12 16:38:10,043 INFO com.HailMaryAPI.HailMary.Logging.LoggingController [http-nio-8080-exec-4] Email sent from: 
2021-04-12 16:38:10,043 ERROR com.HailMaryAPI.HailMary.Logging.LoggingController [http-nio-8080-exec-4] Unable to retrieve email from: 
2021-04-12 16:41:54,277 INFO com.HailMaryAPI.HailMary.Logging.LoggingController [http-nio-8080-exec-10] Policies for cole.kepford@gmail.com were retrieved successfully
2021-04-12 16:41:59,263 INFO com.HailMaryAPI.HailMary.Logging.LoggingController [http-nio-8080-exec-1] Policies for cole.kepford@gmail.com were retrieved successfully
2021-04-12 16:42:04,034 INFO com.HailMaryAPI.HailMary.Logging.LoggingController [http-nio-8080-exec-6] Sending email from: Cole Kepford
2021-04-12 16:42:14,928 INFO com.HailMaryAPI.HailMary.Logging.LoggingController [http-nio-8080-exec-6] Email sent from: Cole Kepford
2021-04-12 16:42:14,929 ERROR com.HailMaryAPI.HailMary.Logging.LoggingController [http-nio-8080-exec-6] Unable to retrieve email from: Cole Kepford
2021-04-12 16:42:17,339 INFO com.HailMaryAPI.HailMary.Logging.LoggingController [http-nio-8080-exec-8] Sending email from: Cole Kepford
2021-04-12 16:42:28,266 INFO com.HailMaryAPI.HailMary.Logging.LoggingController [http-nio-8080-exec-8] Email sent from: Cole Kepford
2021-04-12 16:42:28,266 ERROR com.HailMaryAPI.HailMary.Logging.LoggingController [http-nio-8080-exec-8] Unable to retrieve email from: Cole Kepford
2021-04-12 16:42:35,534 INFO com.HailMaryAPI.HailMary.Logging.LoggingController [http-nio-8080-exec-9] Policies for cole.kepford@gmail.com were retrieved successfully
2021-04-12 16:44:18,343 INFO com.HailMaryAPI.HailMary.Logging.LoggingController [http-nio-8080-exec-2] Admin: cole@nexgenfinancial.com was retrieved
2021-04-12 16:44:18,344 ERROR com.HailMaryAPI.HailMary.Logging.LoggingController [http-nio-8080-exec-3] Client with email: cole@nexgenfinancial.com does not exsist
2021-04-12 16:44:27,956 INFO com.HailMaryAPI.HailMary.Logging.LoggingController [http-nio-8080-exec-5] Client with email: cole.kepford@gmail.com was retrieved
2021-04-12 16:44:27,956 ERROR com.HailMaryAPI.HailMary.Logging.LoggingController [http-nio-8080-exec-4] Admin: cole.kepford@gmail.com does not exsist
2021-04-12 16:44:27,990 INFO com.HailMaryAPI.HailMary.Logging.LoggingController [http-nio-8080-exec-10] Summary 1 was retrieved
2021-04-12 16:44:33,335 INFO com.HailMaryAPI.HailMary.Logging.LoggingController [http-nio-8080-exec-1] Summary 1 was retrieved
2021-04-12 16:44:33,345 INFO com.HailMaryAPI.HailMary.Logging.LoggingController [http-nio-8080-exec-6] Summary 1 was retrieved
2021-04-12 16:44:33,367 INFO com.HailMaryAPI.HailMary.Logging.LoggingController [http-nio-8080-exec-8] Summary 1 was retrieved
2021-04-12 16:44:33,379 INFO com.HailMaryAPI.HailMary.Logging.LoggingController [http-nio-8080-exec-9] Summary 1 was retrieved
2021-04-12 16:44:33,393 INFO com.HailMaryAPI.HailMary.Logging.LoggingController [http-nio-8080-exec-7] Summary 1 was retrieved
2021-04-12 16:44:33,404 INFO com.HailMaryAPI.HailMary.Logging.LoggingController [http-nio-8080-exec-3] Summary 1 was retrieved
2021-04-12 16:44:33,474 INFO com.HailMaryAPI.HailMary.Logging.LoggingController [http-nio-8080-exec-2] Summary 1 was retrieved
2021-04-12 16:44:33,497 INFO com.HailMaryAPI.HailMary.Logging.LoggingController [http-nio-8080-exec-4] Summary 1 was retrieved
2021-04-12 16:44:33,520 INFO com.HailMaryAPI.HailMary.Logging.LoggingController [http-nio-8080-exec-5] Summary 1 was retrieved
2021-04-12 16:44:33,531 INFO com.HailMaryAPI.HailMary.Logging.LoggingController [http-nio-8080-exec-10] Summary 1 was retrieved
2021-04-12 16:44:33,542 INFO com.HailMaryAPI.HailMary.Logging.LoggingController [http-nio-8080-exec-1] Summary 1 was retrieved
2021-04-12 16:44:33,554 INFO com.HailMaryAPI.HailMary.Logging.LoggingController [http-nio-8080-exec-6] Summary 1 was retrieved
2021-04-12 16:44:33,586 INFO com.HailMaryAPI.HailMary.Logging.LoggingController [http-nio-8080-exec-8] Summary 1 was retrieved
2021-04-12 16:44:33,597 INFO com.HailMaryAPI.HailMary.Logging.LoggingController [http-nio-8080-exec-9] Summary 1 was retrieved
2021-04-12 16:51:53,602 INFO com.HailMaryAPI.HailMary.Logging.LoggingController [http-nio-8080-exec-2] Summary 1 was retrieved
2021-04-12 16:51:53,612 INFO com.HailMaryAPI.HailMary.Logging.LoggingController [http-nio-8080-exec-4] Summary 1 was retrieved
2021-04-12 16:51:53,637 INFO com.HailMaryAPI.HailMary.Logging.LoggingController [http-nio-8080-exec-5] Summary 1 was retrieved
2021-04-12 16:51:53,648 INFO com.HailMaryAPI.HailMary.Logging.LoggingController [http-nio-8080-exec-10] Summary 1 was retrieved
2021-04-12 16:51:53,660 INFO com.HailMaryAPI.HailMary.Logging.LoggingController [http-nio-8080-exec-1] Summary 1 was retrieved
2021-04-12 16:51:53,674 INFO com.HailMaryAPI.HailMary.Logging.LoggingController [http-nio-8080-exec-6] Summary 1 was retrieved
2021-04-12 16:51:53,684 INFO com.HailMaryAPI.HailMary.Logging.LoggingController [http-nio-8080-exec-8] Summary 1 was retrieved
2021-04-12 16:51:53,693 INFO com.HailMaryAPI.HailMary.Logging.LoggingController [http-nio-8080-exec-9] Summary 1 was retrieved
2021-04-12 16:51:53,782 INFO com.HailMaryAPI.HailMary.Logging.LoggingController [http-nio-8080-exec-3] Summary 1 was retrieved
2021-04-12 16:51:53,792 INFO com.HailMaryAPI.HailMary.Logging.LoggingController [http-nio-8080-exec-7] Summary 1 was retrieved
2021-04-12 16:51:53,817 INFO com.HailMaryAPI.HailMary.Logging.LoggingController [http-nio-8080-exec-2] Summary 1 was retrieved
2021-04-12 16:51:53,827 INFO com.HailMaryAPI.HailMary.Logging.LoggingController [http-nio-8080-exec-4] Summary 1 was retrieved
2021-04-12 16:51:53,845 INFO com.HailMaryAPI.HailMary.Logging.LoggingController [http-nio-8080-exec-5] Summary 1 was retrieved
2021-04-12 16:51:53,857 INFO com.HailMaryAPI.HailMary.Logging.LoggingController [http-nio-8080-exec-10] Summary 1 was retrieved
2021-04-12 16:51:53,871 INFO com.HailMaryAPI.HailMary.Logging.LoggingController [http-nio-8080-exec-1] Summary 1 was retrieved
2021-04-12 16:51:53,884 INFO com.HailMaryAPI.HailMary.Logging.LoggingController [http-nio-8080-exec-6] Summary 1 was retrieved
2021-04-12 16:54:40,835 INFO com.HailMaryAPI.HailMary.Logging.LoggingController [http-nio-8080-exec-3] Summary 1 was retrieved
2021-04-12 16:54:40,844 INFO com.HailMaryAPI.HailMary.Logging.LoggingController [http-nio-8080-exec-7] Summary 1 was retrieved
2021-04-12 16:54:40,867 INFO com.HailMaryAPI.HailMary.Logging.LoggingController [http-nio-8080-exec-2] Summary 1 was retrieved
2021-04-12 16:54:40,883 INFO com.HailMaryAPI.HailMary.Logging.LoggingController [http-nio-8080-exec-4] Summary 1 was retrieved
2021-04-12 16:54:40,893 INFO com.HailMaryAPI.HailMary.Logging.LoggingController [http-nio-8080-exec-5] Summary 1 was retrieved
2021-04-12 16:54:40,901 INFO com.HailMaryAPI.HailMary.Logging.LoggingController [http-nio-8080-exec-10] Summary 1 was retrieved
2021-04-12 16:54:40,912 INFO com.HailMaryAPI.HailMary.Logging.LoggingController [http-nio-8080-exec-1] Summary 1 was retrieved
2021-04-12 16:54:40,921 INFO com.HailMaryAPI.HailMary.Logging.LoggingController [http-nio-8080-exec-6] Summary 1 was retrieved
2021-04-12 16:54:40,984 INFO com.HailMaryAPI.HailMary.Logging.LoggingController [http-nio-8080-exec-8] Summary 1 was retrieved
2021-04-12 16:54:40,994 INFO com.HailMaryAPI.HailMary.Logging.LoggingController [http-nio-8080-exec-9] Summary 1 was retrieved
2021-04-12 16:54:41,018 INFO com.HailMaryAPI.HailMary.Logging.LoggingController [http-nio-8080-exec-3] Summary 1 was retrieved
2021-04-12 16:54:41,025 INFO com.HailMaryAPI.HailMary.Logging.LoggingController [http-nio-8080-exec-7] Summary 1 was retrieved
2021-04-12 16:54:41,036 INFO com.HailMaryAPI.HailMary.Logging.LoggingController [http-nio-8080-exec-2] Summary 1 was retrieved
2021-04-12 16:54:41,044 INFO com.HailMaryAPI.HailMary.Logging.LoggingController [http-nio-8080-exec-4] Summary 1 was retrieved
2021-04-12 16:54:41,060 INFO com.HailMaryAPI.HailMary.Logging.LoggingController [http-nio-8080-exec-5] Summary 1 was retrieved
2021-04-12 16:54:41,071 INFO com.HailMaryAPI.HailMary.Logging.LoggingController [http-nio-8080-exec-10] Summary 1 was retrieved
2021-04-12 16:55:00,474 INFO com.HailMaryAPI.HailMary.Logging.LoggingController [http-nio-8080-exec-1] Summary 1 was retrieved
2021-04-12 16:55:00,482 INFO com.HailMaryAPI.HailMary.Logging.LoggingController [http-nio-8080-exec-6] Summary 1 was retrieved
2021-04-12 16:55:00,499 INFO com.HailMaryAPI.HailMary.Logging.LoggingController [http-nio-8080-exec-8] Summary 1 was retrieved
2021-04-12 16:55:00,514 INFO com.HailMaryAPI.HailMary.Logging.LoggingController [http-nio-8080-exec-9] Summary 1 was retrieved
2021-04-12 16:55:00,527 INFO com.HailMaryAPI.HailMary.Logging.LoggingController [http-nio-8080-exec-3] Summary 1 was retrieved
2021-04-12 16:55:00,536 INFO com.HailMaryAPI.HailMary.Logging.LoggingController [http-nio-8080-exec-7] Summary 1 was retrieved
2021-04-12 16:55:00,547 INFO com.HailMaryAPI.HailMary.Logging.LoggingController [http-nio-8080-exec-2] Summary 1 was retrieved
2021-04-12 16:55:00,559 INFO com.HailMaryAPI.HailMary.Logging.LoggingController [http-nio-8080-exec-4] Summary 1 was retrieved
2021-04-12 16:55:08,290 INFO com.HailMaryAPI.HailMary.Logging.LoggingController [http-nio-8080-exec-5] Summary 1 was retrieved
2021-04-12 16:55:08,300 INFO com.HailMaryAPI.HailMary.Logging.LoggingController [http-nio-8080-exec-10] Summary 1 was retrieved
2021-04-12 16:55:08,311 INFO com.HailMaryAPI.HailMary.Logging.LoggingController [http-nio-8080-exec-1] Summary 1 was retrieved
2021-04-12 16:55:08,321 INFO com.HailMaryAPI.HailMary.Logging.LoggingController [http-nio-8080-exec-6] Summary 1 was retrieved
2021-04-12 16:55:08,330 INFO com.HailMaryAPI.HailMary.Logging.LoggingController [http-nio-8080-exec-8] Summary 1 was retrieved
2021-04-12 16:55:08,338 INFO com.HailMaryAPI.HailMary.Logging.LoggingController [http-nio-8080-exec-9] Summary 1 was retrieved
2021-04-12 16:55:08,346 INFO com.HailMaryAPI.HailMary.Logging.LoggingController [http-nio-8080-exec-3] Summary 1 was retrieved
2021-04-12 16:55:08,355 INFO com.HailMaryAPI.HailMary.Logging.LoggingController [http-nio-8080-exec-7] Summary 1 was retrieved
2021-04-12 16:55:11,813 INFO com.HailMaryAPI.HailMary.Logging.LoggingController [http-nio-8080-exec-2] Summary 1 was retrieved
2021-04-12 16:55:11,823 INFO com.HailMaryAPI.HailMary.Logging.LoggingController [http-nio-8080-exec-4] Summary 1 was retrieved
2021-04-12 16:55:11,832 INFO com.HailMaryAPI.HailMary.Logging.LoggingController [http-nio-8080-exec-5] Summary 1 was retrieved
2021-04-12 16:55:11,857 INFO com.HailMaryAPI.HailMary.Logging.LoggingController [http-nio-8080-exec-10] Summary 1 was retrieved
2021-04-12 16:55:11,870 INFO com.HailMaryAPI.HailMary.Logging.LoggingController [http-nio-8080-exec-1] Summary 1 was retrieved
2021-04-12 16:55:11,880 INFO com.HailMaryAPI.HailMary.Logging.LoggingController [http-nio-8080-exec-6] Summary 1 was retrieved
2021-04-12 16:55:11,888 INFO com.HailMaryAPI.HailMary.Logging.LoggingController [http-nio-8080-exec-8] Summary 1 was retrieved
2021-04-12 16:55:11,897 INFO com.HailMaryAPI.HailMary.Logging.LoggingController [http-nio-8080-exec-9] Summary 1 was retrieved
2021-04-12 17:02:03,648 INFO com.HailMaryAPI.HailMary.Logging.LoggingController [http-nio-8080-exec-2] Admin: cole@nexgenfinancial.com was retrieved
2021-04-12 17:02:03,649 ERROR com.HailMaryAPI.HailMary.Logging.LoggingController [http-nio-8080-exec-4] Client with email: cole@nexgenfinancial.com does not exsist
2021-04-12 17:02:30,984 INFO com.HailMaryAPI.HailMary.Logging.LoggingController [http-nio-8080-exec-8] Retrieved all clients
2021-04-12 17:09:15,718 INFO com.HailMaryAPI.HailMary.Logging.LoggingController [http-nio-8080-exec-7] Retrieved all clients
2021-04-12 17:09:25,760 INFO com.HailMaryAPI.HailMary.Logging.LoggingController [http-nio-8080-exec-3] Retrieved all clients
2021-04-12 17:10:05,049 INFO com.HailMaryAPI.HailMary.Logging.LoggingController [http-nio-8080-exec-2] Retrieved all clients
2021-04-12 17:10:58,515 INFO com.HailMaryAPI.HailMary.Logging.LoggingController [http-nio-8080-exec-4] Retrieved all clients
2021-04-12 17:12:43,587 INFO com.HailMaryAPI.HailMary.Logging.LoggingController [http-nio-8080-exec-10] Retrieved all clients
2021-04-12 17:12:45,101 INFO com.HailMaryAPI.HailMary.Logging.LoggingController [http-nio-8080-exec-1] Retrieved all clients
2021-04-12 17:12:45,261 INFO com.HailMaryAPI.HailMary.Logging.LoggingController [http-nio-8080-exec-6] Retrieved all clients
2021-04-12 17:12:53,789 INFO com.HailMaryAPI.HailMary.Logging.LoggingController [http-nio-8080-exec-8] Retrieved all clients
2021-04-12 17:12:56,227 ERROR com.HailMaryAPI.HailMary.Logging.LoggingController [http-nio-8080-exec-7] Summary 1 already exsists
2021-04-12 17:12:56,249 INFO com.HailMaryAPI.HailMary.Logging.LoggingController [http-nio-8080-exec-7] Successfully created new summary
2021-04-12 17:18:22,899 INFO com.HailMaryAPI.HailMary.Logging.LoggingController [http-nio-8080-exec-2] Retrieved all clients
2021-04-12 17:18:36,911 INFO com.HailMaryAPI.HailMary.Logging.LoggingController [http-nio-8080-exec-4] Retrieved all clients
2021-04-12 17:19:01,208 ERROR com.HailMaryAPI.HailMary.Logging.LoggingController [http-nio-8080-exec-5] Summary 1 already exsists
2021-04-12 17:19:01,212 INFO com.HailMaryAPI.HailMary.Logging.LoggingController [http-nio-8080-exec-5] Successfully created new summary
2021-04-12 17:19:34,599 INFO com.HailMaryAPI.HailMary.Logging.LoggingController [http-nio-8080-exec-10] Retrieved all clients
2021-04-12 17:19:46,647 INFO com.HailMaryAPI.HailMary.Logging.LoggingController [http-nio-8080-exec-1] Retrieved all clients
2021-04-12 17:19:54,994 INFO com.HailMaryAPI.HailMary.Logging.LoggingController [http-nio-8080-exec-6] Retrieved all clients
2021-04-12 17:23:02,133 INFO com.HailMaryAPI.HailMary.Logging.LoggingController [http-nio-8080-exec-9] Retrieved all clients
2021-04-12 17:27:51,630 INFO com.HailMaryAPI.HailMary.Logging.LoggingController [http-nio-8080-exec-6] Retrieved all clients
2021-04-12 17:30:21,048 INFO com.HailMaryAPI.HailMary.Logging.LoggingController [http-nio-8080-exec-9] Retrieved all clients
2021-04-12 17:35:13,256 INFO com.HailMaryAPI.HailMary.Logging.LoggingController [http-nio-8080-exec-3] Retrieved all clients
2021-04-12 17:43:41,918 INFO com.HailMaryAPI.HailMary.Logging.LoggingController [http-nio-8080-exec-4] Retrieved all clients
2021-04-12 17:44:53,055 INFO com.HailMaryAPI.HailMary.Logging.LoggingController [http-nio-8080-exec-10] Retrieved all clients
2021-04-12 17:45:00,098 INFO com.HailMaryAPI.HailMary.Logging.LoggingController [http-nio-8080-exec-1] Retrieved all clients
2021-04-12 17:45:30,576 INFO com.HailMaryAPI.HailMary.Logging.LoggingController [http-nio-8080-exec-6] Retrieved all clients
2021-04-12 17:46:20,743 INFO com.HailMaryAPI.HailMary.Logging.LoggingController [http-nio-8080-exec-8] Retrieved all clients
2021-04-12 17:46:43,468 INFO com.HailMaryAPI.HailMary.Logging.LoggingController [http-nio-8080-exec-9] Retrieved all clients
2021-04-12 17:48:54,287 INFO com.HailMaryAPI.HailMary.Logging.LoggingController [http-nio-8080-exec-3] Retrieved all clients
2021-04-12 17:49:11,499 INFO com.HailMaryAPI.HailMary.Logging.LoggingController [http-nio-8080-exec-2] Policies for cole.kepford@gmail.com were retrieved successfully
2021-04-12 17:49:11,865 INFO com.HailMaryAPI.HailMary.Logging.LoggingController [http-nio-8080-exec-4] Policies for cole.kepford@gmail.com were retrieved successfully
2021-04-12 17:49:19,286 INFO com.HailMaryAPI.HailMary.Logging.LoggingController [http-nio-8080-exec-5] Retrieved all clients
2021-04-12 17:49:40,632 INFO com.HailMaryAPI.HailMary.Logging.LoggingController [http-nio-8080-exec-10] Policies for cole@nexgenfinancial.com were retrieved successfully
2021-04-12 17:49:44,792 INFO com.HailMaryAPI.HailMary.Logging.LoggingController [http-nio-8080-exec-1] Retrieved all clients
2021-04-12 17:50:13,438 INFO com.HailMaryAPI.HailMary.Logging.LoggingController [http-nio-8080-exec-6] Retrieved all clients
2021-04-12 17:50:14,829 INFO com.HailMaryAPI.HailMary.Logging.LoggingController [http-nio-8080-exec-8] Policies for cole.kepford@gmail.com were retrieved successfully
2021-04-12 17:50:54,151 INFO com.HailMaryAPI.HailMary.Logging.LoggingController [http-nio-8080-exec-9] Retrieved all clients
2021-04-12 17:50:55,707 INFO com.HailMaryAPI.HailMary.Logging.LoggingController [http-nio-8080-exec-7] Policies for cole.kepford@gmail.com were retrieved successfully
2021-04-12 17:51:35,691 INFO com.HailMaryAPI.HailMary.Logging.LoggingController [http-nio-8080-exec-3] Policies for cole@nexgenfinancial.com were retrieved successfully
2021-04-12 17:51:46,934 INFO com.HailMaryAPI.HailMary.Logging.LoggingController [http-nio-8080-exec-2] Retrieved all clients
2021-04-12 17:51:48,669 INFO com.HailMaryAPI.HailMary.Logging.LoggingController [http-nio-8080-exec-4] Policies for cole.kepford@gmail.com were retrieved successfully
2021-04-12 17:52:06,459 INFO com.HailMaryAPI.HailMary.Logging.LoggingController [http-nio-8080-exec-5] Policies for cole.kepford@gmail.com were retrieved successfully
2021-04-12 17:52:22,299 INFO com.HailMaryAPI.HailMary.Logging.LoggingController [http-nio-8080-exec-10] Retrieved all clients
2021-04-12 17:52:24,895 INFO com.HailMaryAPI.HailMary.Logging.LoggingController [http-nio-8080-exec-1] Policies for cole.kepford@gmail.com were retrieved successfully
2021-04-12 17:53:45,847 INFO com.HailMaryAPI.HailMary.Logging.LoggingController [http-nio-8080-exec-2] Retrieved all clients
2021-04-12 17:53:47,152 INFO com.HailMaryAPI.HailMary.Logging.LoggingController [http-nio-8080-exec-4] Policies for cole.kepford@gmail.com were retrieved successfully
2021-04-12 17:57:11,714 INFO com.HailMaryAPI.HailMary.Logging.LoggingController [http-nio-8080-exec-10] Retrieved all clients
2021-04-12 17:57:13,034 INFO com.HailMaryAPI.HailMary.Logging.LoggingController [http-nio-8080-exec-1] Policies for cole.kepford@gmail.com were retrieved successfully
2021-04-12 17:58:18,237 INFO com.HailMaryAPI.HailMary.Logging.LoggingController [http-nio-8080-exec-8] Retrieved all clients
2021-04-12 17:58:19,774 INFO com.HailMaryAPI.HailMary.Logging.LoggingController [http-nio-8080-exec-9] Policies for cole.kepford@gmail.com were retrieved successfully
2021-04-12 18:01:10,767 INFO com.HailMaryAPI.HailMary.Logging.LoggingController [http-nio-8080-exec-3] Policies for cole.kepford@gmail.com were retrieved successfully
2021-04-12 18:01:10,875 INFO com.HailMaryAPI.HailMary.Logging.LoggingController [http-nio-8080-exec-2] Policies for cole.kepford@gmail.com were retrieved successfully
2021-04-12 18:24:45,724 INFO com.HailMaryAPI.HailMary.Logging.LoggingController [http-nio-8080-exec-5] Retrieved all clients
2021-04-12 18:24:47,389 INFO com.HailMaryAPI.HailMary.Logging.LoggingController [http-nio-8080-exec-10] Policies for cole.kepford@gmail.com were retrieved successfully
2021-04-12 18:47:24,447 INFO org.springframework.boot.StartupInfoLogger [main] Starting HailMaryApplication using Java 15.0.1 on DESKTOP-ICQJ65O with PID 11944 (C:\Users\cocog\Documents\SAIT\4th SEM\Capstone\HailMaryAPI\target\classes started by cocog in C:\Users\cocog\Documents\SAIT\4th SEM\Capstone\HailMaryAPI)
2021-04-12 18:47:24,450 INFO org.springframework.boot.SpringApplication [main] No active profile set, falling back to default profiles: default
2021-04-12 18:47:26,840 INFO org.springframework.boot.StartupInfoLogger [main] Started HailMaryApplication in 2.672 seconds (JVM running for 2.895)
2021-04-12 18:48:54,827 INFO com.HailMaryAPI.HailMary.Logging.LoggingController [http-nio-8080-exec-1] Retrieved all clients
2021-04-12 18:48:56,610 INFO com.HailMaryAPI.HailMary.Logging.LoggingController [http-nio-8080-exec-2] Policies for cole.kepford@gmail.com were retrieved successfully
2021-04-12 18:52:18,609 INFO com.HailMaryAPI.HailMary.Logging.LoggingController [http-nio-8080-exec-4] Retrieved all clients
2021-04-12 18:52:20,427 INFO com.HailMaryAPI.HailMary.Logging.LoggingController [http-nio-8080-exec-5] Policies for cole.kepford@gmail.com were retrieved successfully
2021-04-12 18:53:25,816 INFO com.HailMaryAPI.HailMary.Logging.LoggingController [http-nio-8080-exec-7] Policies for cole.kepford@gmail.com were retrieved successfully
2021-04-12 18:54:03,620 INFO com.HailMaryAPI.HailMary.Logging.LoggingController [http-nio-8080-exec-8] Policies for cole.kepford@gmail.com were retrieved successfully
2021-04-12 18:54:37,949 INFO com.HailMaryAPI.HailMary.Logging.LoggingController [http-nio-8080-exec-10] Retrieved all clients
2021-04-12 18:54:39,156 INFO com.HailMaryAPI.HailMary.Logging.LoggingController [http-nio-8080-exec-9] Policies for cole.kepford@gmail.com were retrieved successfully
2021-04-12 18:54:50,623 INFO com.HailMaryAPI.HailMary.Logging.LoggingController [http-nio-8080-exec-2] Unable to update0
2021-04-12 18:54:56,312 INFO com.HailMaryAPI.HailMary.Logging.LoggingController [http-nio-8080-exec-3] Unable to update0
2021-04-12 18:54:59,384 INFO com.HailMaryAPI.HailMary.Logging.LoggingController [http-nio-8080-exec-4] Retrieved all clients
2021-04-12 18:55:00,504 INFO com.HailMaryAPI.HailMary.Logging.LoggingController [http-nio-8080-exec-5] Policies for cole.kepford@gmail.com were retrieved successfully
2021-04-12 18:55:09,180 INFO com.HailMaryAPI.HailMary.Logging.LoggingController [http-nio-8080-exec-6] Unable to update0
2021-04-12 18:55:09,614 INFO com.HailMaryAPI.HailMary.Logging.LoggingController [http-nio-8080-exec-7] Unable to update0
2021-04-12 18:55:09,761 INFO com.HailMaryAPI.HailMary.Logging.LoggingController [http-nio-8080-exec-8] Unable to update0
2021-04-12 18:55:09,924 INFO com.HailMaryAPI.HailMary.Logging.LoggingController [http-nio-8080-exec-10] Unable to update0
2021-04-12 18:55:10,044 INFO com.HailMaryAPI.HailMary.Logging.LoggingController [http-nio-8080-exec-9] Unable to update0
2021-04-12 18:56:41,379 INFO com.HailMaryAPI.HailMary.Logging.LoggingController [http-nio-8080-exec-2] Unable to update0
2021-04-12 18:59:50,544 INFO com.HailMaryAPI.HailMary.Logging.LoggingController [http-nio-8080-exec-4] Retrieved all clients
2021-04-12 18:59:54,939 INFO com.HailMaryAPI.HailMary.Logging.LoggingController [http-nio-8080-exec-5] Policies for cole.kepford@gmail.com were retrieved successfully
2021-04-12 19:00:00,216 INFO com.HailMaryAPI.HailMary.Logging.LoggingController [http-nio-8080-exec-6] Unable to update0
2021-04-12 19:00:39,130 INFO com.HailMaryAPI.HailMary.Logging.LoggingController [http-nio-8080-exec-7] Unable to update0
2021-04-12 19:00:43,631 INFO com.HailMaryAPI.HailMary.Logging.LoggingController [http-nio-8080-exec-8] Retrieved all clients
2021-04-12 19:00:45,390 INFO com.HailMaryAPI.HailMary.Logging.LoggingController [http-nio-8080-exec-10] Policies for cole.kepford@gmail.com were retrieved successfully
2021-04-12 19:00:48,077 INFO com.HailMaryAPI.HailMary.Logging.LoggingController [http-nio-8080-exec-9] Unable to update0
2021-04-12 19:01:59,625 INFO com.HailMaryAPI.HailMary.Logging.LoggingController [http-nio-8080-exec-2] Retrieved all clients
2021-04-12 19:02:05,144 INFO com.HailMaryAPI.HailMary.Logging.LoggingController [http-nio-8080-exec-3] Policies for cole.kepford@gmail.com were retrieved successfully
2021-04-12 19:02:08,406 INFO com.HailMaryAPI.HailMary.Logging.LoggingController [http-nio-8080-exec-4] Unable to update0
2021-04-12 19:04:24,504 INFO com.HailMaryAPI.HailMary.Logging.LoggingController [http-nio-8080-exec-6] Retrieved all clients
2021-04-12 19:04:25,552 INFO com.HailMaryAPI.HailMary.Logging.LoggingController [http-nio-8080-exec-7] Policies for cole.kepford@gmail.com were retrieved successfully
2021-04-12 19:06:37,091 INFO com.HailMaryAPI.HailMary.Logging.LoggingController [http-nio-8080-exec-10] Retrieved all clients
2021-04-12 19:06:42,326 INFO com.HailMaryAPI.HailMary.Logging.LoggingController [http-nio-8080-exec-9] Policies for cole.kepford@gmail.com were retrieved successfully
2021-04-12 19:11:14,024 INFO com.HailMaryAPI.HailMary.Logging.LoggingController [http-nio-8080-exec-2] Retrieved all clients
2021-04-12 19:11:15,338 INFO com.HailMaryAPI.HailMary.Logging.LoggingController [http-nio-8080-exec-3] Policies for cole.kepford@gmail.com were retrieved successfully
2021-04-12 19:12:06,344 INFO com.HailMaryAPI.HailMary.Logging.LoggingController [http-nio-8080-exec-4] Retrieved all clients
2021-04-12 19:12:11,306 INFO com.HailMaryAPI.HailMary.Logging.LoggingController [http-nio-8080-exec-5] Policies for cole.kepford@gmail.com were retrieved successfully
2021-04-12 19:13:44,953 INFO com.HailMaryAPI.HailMary.Logging.LoggingController [http-nio-8080-exec-7] Policies for cole.kepford@gmail.com were retrieved successfully
2021-04-12 19:13:49,710 INFO com.HailMaryAPI.HailMary.Logging.LoggingController [http-nio-8080-exec-8] Retrieved all clients
2021-04-12 19:13:52,914 INFO com.HailMaryAPI.HailMary.Logging.LoggingController [http-nio-8080-exec-10] Policies for cole.kepford@gmail.com were retrieved successfully
2021-04-12 19:14:05,584 INFO com.HailMaryAPI.HailMary.Logging.LoggingController [http-nio-8080-exec-9] Retrieved all clients
2021-04-12 19:14:06,651 INFO com.HailMaryAPI.HailMary.Logging.LoggingController [http-nio-8080-exec-1] Policies for cole.kepford@gmail.com were retrieved successfully
2021-04-12 19:14:39,607 INFO com.HailMaryAPI.HailMary.Logging.LoggingController [http-nio-8080-exec-2] Retrieved all clients
2021-04-12 19:14:40,654 INFO com.HailMaryAPI.HailMary.Logging.LoggingController [http-nio-8080-exec-3] Policies for cole.kepford@gmail.com were retrieved successfully
2021-04-12 19:16:08,117 INFO com.HailMaryAPI.HailMary.Logging.LoggingController [http-nio-8080-exec-5] Retrieved all clients
2021-04-12 19:16:09,444 INFO com.HailMaryAPI.HailMary.Logging.LoggingController [http-nio-8080-exec-6] Policies for cole.kepford@gmail.com were retrieved successfully
2021-04-12 19:18:14,414 INFO com.HailMaryAPI.HailMary.Logging.LoggingController [http-nio-8080-exec-8] Retrieved all clients
2021-04-12 19:18:16,053 INFO com.HailMaryAPI.HailMary.Logging.LoggingController [http-nio-8080-exec-10] Policies for cole.kepford@gmail.com were retrieved successfully
2021-04-12 22:45:46,048 INFO org.springframework.boot.StartupInfoLogger [main] Starting HailMaryApplication using Java 15.0.1 on DESKTOP-ICQJ65O with PID 7348 (C:\Users\cocog\Documents\SAIT\4th SEM\Capstone\HailMaryAPI\target\classes started by cocog in C:\Users\cocog\Documents\SAIT\4th SEM\Capstone\HailMaryAPI)
2021-04-12 22:45:46,051 INFO org.springframework.boot.SpringApplication [main] No active profile set, falling back to default profiles: default
2021-04-12 22:45:48,617 INFO org.springframework.boot.StartupInfoLogger [main] Started HailMaryApplication in 2.856 seconds (JVM running for 3.083)
2021-04-12 22:46:34,788 INFO com.HailMaryAPI.HailMary.Logging.LoggingController [http-nio-8080-exec-1] Retrieved all clients
2021-04-12 22:46:36,590 INFO com.HailMaryAPI.HailMary.Logging.LoggingController [http-nio-8080-exec-2] Policies for cole.kepford@gmail.com were retrieved successfully
2021-04-12 22:47:23,946 INFO com.HailMaryAPI.HailMary.Logging.LoggingController [http-nio-8080-exec-3] Retrieved all clients
2021-04-12 22:47:25,010 INFO com.HailMaryAPI.HailMary.Logging.LoggingController [http-nio-8080-exec-4] Policies for cole.kepford@gmail.com were retrieved successfully
2021-04-12 22:47:36,885 INFO com.HailMaryAPI.HailMary.Logging.LoggingController [http-nio-8080-exec-5] Retrieved all clients
2021-04-12 22:47:37,884 INFO com.HailMaryAPI.HailMary.Logging.LoggingController [http-nio-8080-exec-6] Policies for cole.kepford@gmail.com were retrieved successfully
2021-04-12 22:47:43,887 INFO com.HailMaryAPI.HailMary.Logging.LoggingController [http-nio-8080-exec-8] null
2021-04-12 22:50:00,752 INFO org.springframework.boot.StartupInfoLogger [main] Starting HailMaryApplication using Java 15.0.1 on DESKTOP-ICQJ65O with PID 7676 (C:\Users\cocog\Documents\SAIT\4th SEM\Capstone\HailMaryAPI\target\classes started by cocog in C:\Users\cocog\Documents\SAIT\4th SEM\Capstone\HailMaryAPI)
2021-04-12 22:50:00,756 INFO org.springframework.boot.SpringApplication [main] No active profile set, falling back to default profiles: default
2021-04-12 22:50:03,250 INFO org.springframework.boot.StartupInfoLogger [main] Started HailMaryApplication in 2.797 seconds (JVM running for 3.026)
2021-04-12 22:50:31,920 INFO com.HailMaryAPI.HailMary.Logging.LoggingController [http-nio-8080-exec-1] Retrieved all clients
2021-04-12 22:50:33,644 INFO com.HailMaryAPI.HailMary.Logging.LoggingController [http-nio-8080-exec-2] Policies for cole.kepford@gmail.com were retrieved successfully
2021-04-12 22:50:36,703 INFO com.HailMaryAPI.HailMary.Logging.LoggingController [http-nio-8080-exec-4] Policy Number: null
Provider: Manulife
2021-04-12 22:54:56,533 INFO com.HailMaryAPI.HailMary.Logging.LoggingController [http-nio-8080-exec-8] Retrieved all clients
2021-04-12 22:54:57,624 INFO com.HailMaryAPI.HailMary.Logging.LoggingController [http-nio-8080-exec-10] Policies for cole.kepford@gmail.com were retrieved successfully
2021-04-12 22:57:18,714 INFO org.springframework.boot.StartupInfoLogger [main] Starting HailMaryApplication using Java 15.0.1 on DESKTOP-ICQJ65O with PID 28740 (C:\Users\cocog\Documents\SAIT\4th SEM\Capstone\HailMaryAPI\target\classes started by cocog in C:\Users\cocog\Documents\SAIT\4th SEM\Capstone\HailMaryAPI)
2021-04-12 22:57:18,717 INFO org.springframework.boot.SpringApplication [main] No active profile set, falling back to default profiles: default
2021-04-12 22:57:21,125 INFO org.springframework.boot.StartupInfoLogger [main] Started HailMaryApplication in 2.696 seconds (JVM running for 2.921)
2021-04-12 22:57:21,161 INFO com.HailMaryAPI.HailMary.Logging.LoggingController [main] Client with id: 1 was retrieved
2021-04-12 22:57:21,181 INFO com.HailMaryAPI.HailMary.Logging.LoggingController [main] Unable to update0
2021-04-12 23:01:07,816 INFO org.springframework.boot.StartupInfoLogger [main] Starting HailMaryApplication using Java 15.0.1 on DESKTOP-ICQJ65O with PID 12772 (C:\Users\cocog\Documents\SAIT\4th SEM\Capstone\HailMaryAPI\target\classes started by cocog in C:\Users\cocog\Documents\SAIT\4th SEM\Capstone\HailMaryAPI)
2021-04-12 23:01:07,819 INFO org.springframework.boot.SpringApplication [main] No active profile set, falling back to default profiles: default
2021-04-12 23:01:10,363 INFO org.springframework.boot.StartupInfoLogger [main] Started HailMaryApplication in 2.832 seconds (JVM running for 3.053)
2021-04-12 23:01:10,398 INFO com.HailMaryAPI.HailMary.Logging.LoggingController [main] Client with id: 1 was retrieved
2021-04-12 23:01:10,416 INFO com.HailMaryAPI.HailMary.Logging.LoggingController [main] Unable to update0
2021-04-12 23:04:54,654 INFO org.springframework.boot.StartupInfoLogger [main] Starting HailMaryApplication using Java 15.0.1 on DESKTOP-ICQJ65O with PID 2340 (C:\Users\cocog\Documents\SAIT\4th SEM\Capstone\HailMaryAPI\target\classes started by cocog in C:\Users\cocog\Documents\SAIT\4th SEM\Capstone\HailMaryAPI)
2021-04-12 23:04:54,657 INFO org.springframework.boot.SpringApplication [main] No active profile set, falling back to default profiles: default
2021-04-12 23:04:57,169 INFO org.springframework.boot.StartupInfoLogger [main] Started HailMaryApplication in 2.823 seconds (JVM running for 3.063)
2021-04-12 23:04:57,208 INFO com.HailMaryAPI.HailMary.Logging.LoggingController [main] Client with id: 1 was retrieved
2021-04-12 23:04:57,226 INFO com.HailMaryAPI.HailMary.Logging.LoggingController [main] Unable to updateID: 0
2021-04-12 23:10:27,396 INFO com.HailMaryAPI.HailMary.Logging.LoggingController [http-nio-8080-exec-1] Retrieved all clients
2021-04-12 23:10:28,612 INFO com.HailMaryAPI.HailMary.Logging.LoggingController [http-nio-8080-exec-2] Policies for cole.kepford@gmail.com were retrieved successfully
2021-04-12 23:10:37,682 INFO com.HailMaryAPI.HailMary.Logging.LoggingController [http-nio-8080-exec-3] Policy Number: null
Provider: Manulife
2021-04-12 23:12:00,372 INFO org.springframework.boot.StartupInfoLogger [main] Starting HailMaryApplication using Java 15.0.1 on DESKTOP-ICQJ65O with PID 21188 (C:\Users\cocog\Documents\SAIT\4th SEM\Capstone\HailMaryAPI\target\classes started by cocog in C:\Users\cocog\Documents\SAIT\4th SEM\Capstone\HailMaryAPI)
2021-04-12 23:12:00,375 INFO org.springframework.boot.SpringApplication [main] No active profile set, falling back to default profiles: default
2021-04-12 23:12:02,858 INFO org.springframework.boot.StartupInfoLogger [main] Started HailMaryApplication in 2.773 seconds (JVM running for 2.999)
2021-04-12 23:12:02,892 INFO com.HailMaryAPI.HailMary.Logging.LoggingController [main] Client with id: 1 was retrieved
2021-04-12 23:12:02,911 INFO com.HailMaryAPI.HailMary.Logging.LoggingController [main] Unable to updateID: 0
2021-04-12 23:12:07,501 INFO com.HailMaryAPI.HailMary.Logging.LoggingController [http-nio-8080-exec-1] Retrieved all clients
2021-04-12 23:12:08,784 INFO com.HailMaryAPI.HailMary.Logging.LoggingController [http-nio-8080-exec-2] Policies for cole.kepford@gmail.com were retrieved successfully
2021-04-12 23:12:11,086 INFO com.HailMaryAPI.HailMary.Logging.LoggingController [http-nio-8080-exec-4] Policy Number: null
Provider: Manulife
2021-04-12 23:14:12,381 INFO org.springframework.boot.StartupInfoLogger [main] Starting HailMaryApplication using Java 15.0.1 on DESKTOP-ICQJ65O with PID 21952 (C:\Users\cocog\Documents\SAIT\4th SEM\Capstone\HailMaryAPI\target\classes started by cocog in C:\Users\cocog\Documents\SAIT\4th SEM\Capstone\HailMaryAPI)
2021-04-12 23:14:12,384 INFO org.springframework.boot.SpringApplication [main] No active profile set, falling back to default profiles: default
2021-04-12 23:14:14,852 INFO org.springframework.boot.StartupInfoLogger [main] Started HailMaryApplication in 2.772 seconds (JVM running for 3.007)
2021-04-12 23:14:14,888 INFO com.HailMaryAPI.HailMary.Logging.LoggingController [main] Client with id: 1 was retrieved
2021-04-12 23:14:14,905 INFO com.HailMaryAPI.HailMary.Logging.LoggingController [main] Unable to updateID: 0
2021-04-12 23:14:19,511 INFO com.HailMaryAPI.HailMary.Logging.LoggingController [http-nio-8080-exec-1] Retrieved all clients
2021-04-12 23:14:20,695 INFO com.HailMaryAPI.HailMary.Logging.LoggingController [http-nio-8080-exec-2] Policies for cole.kepford@gmail.com were retrieved successfully
2021-04-12 23:14:23,079 INFO com.HailMaryAPI.HailMary.Logging.LoggingController [http-nio-8080-exec-3] Policy Number: null
Provider: Manulife
