2021-04-15 16:21:49,840 INFO org.springframework.boot.StartupInfoLogger [main] Starting HailMaryApplication using Java 15.0.1 on DESKTOP-ICQJ65O with PID 13336 (C:\Users\cocog\Documents\SAIT\4th SEM\Capstone\HailMaryAPI\target\classes started by cocog in C:\Users\cocog\Documents\SAIT\4th SEM\Capstone\HailMaryAPI)
2021-04-15 16:21:49,844 INFO org.springframework.boot.SpringApplication [main] No active profile set, falling back to default profiles: default
2021-04-15 16:21:52,760 INFO org.springframework.boot.StartupInfoLogger [main] Started HailMaryApplication in 3.256 seconds (JVM running for 3.517)
2021-04-15 16:22:10,846 ERROR com.HailMaryAPI.HailMary.Logging.LoggingController [http-nio-8080-exec-2] Admin: cole.kepford@gmail.com does not exsist
2021-04-15 16:22:10,851 INFO com.HailMaryAPI.HailMary.Logging.LoggingController [http-nio-8080-exec-1] Client with email: cole.kepford@gmail.com was retrieved
2021-04-15 16:22:10,949 INFO com.HailMaryAPI.HailMary.Logging.LoggingController [http-nio-8080-exec-4] Summary 1 was retrieved
2021-04-15 16:22:12,515 INFO com.HailMaryAPI.HailMary.Logging.LoggingController [http-nio-8080-exec-5] Summary 1 was retrieved
2021-04-15 16:22:12,528 INFO com.HailMaryAPI.HailMary.Logging.LoggingController [http-nio-8080-exec-3] Summary 1 was retrieved
2021-04-15 16:22:12,552 INFO com.HailMaryAPI.HailMary.Logging.LoggingController [http-nio-8080-exec-6] Summary 1 was retrieved
2021-04-15 16:22:12,580 INFO com.HailMaryAPI.HailMary.Logging.LoggingController [http-nio-8080-exec-7] Summary 1 was retrieved
2021-04-15 16:22:12,595 INFO com.HailMaryAPI.HailMary.Logging.LoggingController [http-nio-8080-exec-8] Summary 1 was retrieved
2021-04-15 16:22:12,610 INFO com.HailMaryAPI.HailMary.Logging.LoggingController [http-nio-8080-exec-9] Summary 1 was retrieved
2021-04-15 16:22:12,629 INFO com.HailMaryAPI.HailMary.Logging.LoggingController [http-nio-8080-exec-10] Summary 1 was retrieved
2021-04-15 16:22:12,660 INFO com.HailMaryAPI.HailMary.Logging.LoggingController [http-nio-8080-exec-2] Summary 1 was retrieved
2021-04-15 16:22:12,773 INFO com.HailMaryAPI.HailMary.Logging.LoggingController [http-nio-8080-exec-1] Summary 1 was retrieved
2021-04-15 16:22:12,791 INFO com.HailMaryAPI.HailMary.Logging.LoggingController [http-nio-8080-exec-4] Summary 1 was retrieved
2021-04-15 16:22:12,823 INFO com.HailMaryAPI.HailMary.Logging.LoggingController [http-nio-8080-exec-5] Summary 1 was retrieved
2021-04-15 16:22:12,836 INFO com.HailMaryAPI.HailMary.Logging.LoggingController [http-nio-8080-exec-3] Summary 1 was retrieved
2021-04-15 16:22:12,864 INFO com.HailMaryAPI.HailMary.Logging.LoggingController [http-nio-8080-exec-6] Summary 1 was retrieved
2021-04-15 16:22:12,881 INFO com.HailMaryAPI.HailMary.Logging.LoggingController [http-nio-8080-exec-7] Summary 1 was retrieved
2021-04-15 16:22:12,919 INFO com.HailMaryAPI.HailMary.Logging.LoggingController [http-nio-8080-exec-8] Summary 1 was retrieved
2021-04-15 16:22:12,943 INFO com.HailMaryAPI.HailMary.Logging.LoggingController [http-nio-8080-exec-9] Summary 1 was retrieved
2021-04-15 16:22:14,015 INFO com.HailMaryAPI.HailMary.Logging.LoggingController [http-nio-8080-exec-10] Policies for cole.kepford@gmail.com were retrieved successfully
2021-04-15 16:22:16,859 INFO com.HailMaryAPI.HailMary.Logging.LoggingController [http-nio-8080-exec-1] Sending email from: 
2021-04-15 16:22:27,358 INFO com.HailMaryAPI.HailMary.Logging.LoggingController [http-nio-8080-exec-1] Email sent from: 
2021-04-15 16:22:27,359 ERROR com.HailMaryAPI.HailMary.Logging.LoggingController [http-nio-8080-exec-1] Unable to retrieve email from: 
2021-04-15 16:30:27,195 INFO com.HailMaryAPI.HailMary.Logging.LoggingController [http-nio-8080-exec-3] Policies for cole.kepford@gmail.com were retrieved successfully
2021-04-15 16:31:04,880 INFO com.HailMaryAPI.HailMary.Logging.LoggingController [http-nio-8080-exec-6] Sending email from: 
2021-04-15 16:31:10,505 INFO com.HailMaryAPI.HailMary.Logging.LoggingController [http-nio-8080-exec-6] Email sent from: 
2021-04-15 16:31:10,506 ERROR com.HailMaryAPI.HailMary.Logging.LoggingController [http-nio-8080-exec-6] Unable to retrieve email from: 
2021-04-15 16:32:20,182 INFO com.HailMaryAPI.HailMary.Logging.LoggingController [http-nio-8080-exec-8] Policies for cole.kepford@gmail.com were retrieved successfully
2021-04-15 16:32:58,639 INFO com.HailMaryAPI.HailMary.Logging.LoggingController [http-nio-8080-exec-9] Policies for cole.kepford@gmail.com were retrieved successfully
2021-04-15 16:33:08,663 INFO com.HailMaryAPI.HailMary.Logging.LoggingController [http-nio-8080-exec-10] Sending email from: Cole Kepford
2021-04-15 16:33:14,373 INFO com.HailMaryAPI.HailMary.Logging.LoggingController [http-nio-8080-exec-10] Email sent from: Cole Kepford
2021-04-15 16:33:14,374 ERROR com.HailMaryAPI.HailMary.Logging.LoggingController [http-nio-8080-exec-10] Unable to retrieve email from: Cole Kepford
2021-04-15 16:33:16,916 INFO com.HailMaryAPI.HailMary.Logging.LoggingController [http-nio-8080-exec-2] Policies for cole.kepford@gmail.com were retrieved successfully
2021-04-15 16:33:20,358 INFO com.HailMaryAPI.HailMary.Logging.LoggingController [http-nio-8080-exec-1] Sending email from: Cole Kepford
2021-04-15 16:33:21,618 INFO com.HailMaryAPI.HailMary.Logging.LoggingController [http-nio-8080-exec-4] Policies for cole.kepford@gmail.com were retrieved successfully
2021-04-15 16:33:21,949 INFO com.HailMaryAPI.HailMary.Logging.LoggingController [http-nio-8080-exec-5] Policies for cole.kepford@gmail.com were retrieved successfully
2021-04-15 16:33:24,834 INFO com.HailMaryAPI.HailMary.Logging.LoggingController [http-nio-8080-exec-3] Sending email from: 
2021-04-15 16:33:25,986 INFO com.HailMaryAPI.HailMary.Logging.LoggingController [http-nio-8080-exec-1] Email sent from: Cole Kepford
2021-04-15 16:33:25,987 ERROR com.HailMaryAPI.HailMary.Logging.LoggingController [http-nio-8080-exec-1] Unable to retrieve email from: Cole Kepford
2021-04-15 16:33:34,984 INFO com.HailMaryAPI.HailMary.Logging.LoggingController [http-nio-8080-exec-3] Email sent from: 
2021-04-15 16:33:34,986 ERROR com.HailMaryAPI.HailMary.Logging.LoggingController [http-nio-8080-exec-3] Unable to retrieve email from: 
2021-04-15 16:33:56,787 INFO com.HailMaryAPI.HailMary.Logging.LoggingController [http-nio-8080-exec-6] Policies for cole.kepford@gmail.com were retrieved successfully
2021-04-15 16:33:59,463 INFO com.HailMaryAPI.HailMary.Logging.LoggingController [http-nio-8080-exec-7] Sending email from: 
2021-04-15 16:34:05,083 INFO com.HailMaryAPI.HailMary.Logging.LoggingController [http-nio-8080-exec-7] Email sent from: 
2021-04-15 16:34:05,084 ERROR com.HailMaryAPI.HailMary.Logging.LoggingController [http-nio-8080-exec-7] Unable to retrieve email from: 
2021-04-15 16:34:07,920 INFO com.HailMaryAPI.HailMary.Logging.LoggingController [http-nio-8080-exec-8] Policies for cole.kepford@gmail.com were retrieved successfully
2021-04-15 16:34:10,462 INFO com.HailMaryAPI.HailMary.Logging.LoggingController [http-nio-8080-exec-9] Sending email from: 
2021-04-15 16:34:16,106 INFO com.HailMaryAPI.HailMary.Logging.LoggingController [http-nio-8080-exec-9] Email sent from: 
2021-04-15 16:34:16,106 ERROR com.HailMaryAPI.HailMary.Logging.LoggingController [http-nio-8080-exec-9] Unable to retrieve email from: 
2021-04-15 16:34:28,044 INFO com.HailMaryAPI.HailMary.Logging.LoggingController [http-nio-8080-exec-10] Policies for cole.kepford@gmail.com were retrieved successfully
2021-04-15 16:34:30,822 INFO com.HailMaryAPI.HailMary.Logging.LoggingController [http-nio-8080-exec-2] Sending email from: 
2021-04-15 16:34:36,556 INFO com.HailMaryAPI.HailMary.Logging.LoggingController [http-nio-8080-exec-2] Email sent from: 
2021-04-15 16:34:36,557 ERROR com.HailMaryAPI.HailMary.Logging.LoggingController [http-nio-8080-exec-2] Unable to retrieve email from: 
2021-04-15 16:34:45,851 INFO com.HailMaryAPI.HailMary.Logging.LoggingController [http-nio-8080-exec-4] Policies for cole.kepford@gmail.com were retrieved successfully
2021-04-15 16:34:48,472 INFO com.HailMaryAPI.HailMary.Logging.LoggingController [http-nio-8080-exec-5] Sending email from: 
2021-04-15 16:34:54,029 INFO com.HailMaryAPI.HailMary.Logging.LoggingController [http-nio-8080-exec-5] Email sent from: 
2021-04-15 16:34:54,030 ERROR com.HailMaryAPI.HailMary.Logging.LoggingController [http-nio-8080-exec-5] Unable to retrieve email from: 
2021-04-15 16:35:16,587 INFO com.HailMaryAPI.HailMary.Logging.LoggingController [http-nio-8080-exec-1] Policies for cole.kepford@gmail.com were retrieved successfully
2021-04-15 16:35:19,103 INFO com.HailMaryAPI.HailMary.Logging.LoggingController [http-nio-8080-exec-3] Sending email from: 
2021-04-15 16:35:24,782 INFO com.HailMaryAPI.HailMary.Logging.LoggingController [http-nio-8080-exec-3] Email sent from: 
2021-04-15 16:35:24,783 ERROR com.HailMaryAPI.HailMary.Logging.LoggingController [http-nio-8080-exec-3] Unable to retrieve email from: 
2021-04-15 16:35:27,681 ERROR com.HailMaryAPI.HailMary.Logging.LoggingController [http-nio-8080-exec-6] Admin: cole.kepford@gmail.com does not exsist
2021-04-15 16:35:27,683 INFO com.HailMaryAPI.HailMary.Logging.LoggingController [http-nio-8080-exec-7] Client with email: cole.kepford@gmail.com was retrieved
2021-04-15 16:35:27,720 INFO com.HailMaryAPI.HailMary.Logging.LoggingController [http-nio-8080-exec-8] Summary 1 was retrieved
2021-04-15 16:35:29,538 INFO com.HailMaryAPI.HailMary.Logging.LoggingController [http-nio-8080-exec-9] Summary 1 was retrieved
2021-04-15 16:35:29,549 INFO com.HailMaryAPI.HailMary.Logging.LoggingController [http-nio-8080-exec-10] Summary 1 was retrieved
2021-04-15 16:35:29,593 INFO com.HailMaryAPI.HailMary.Logging.LoggingController [http-nio-8080-exec-2] Summary 1 was retrieved
2021-04-15 16:35:29,610 INFO com.HailMaryAPI.HailMary.Logging.LoggingController [http-nio-8080-exec-4] Summary 1 was retrieved
2021-04-15 16:35:29,620 INFO com.HailMaryAPI.HailMary.Logging.LoggingController [http-nio-8080-exec-5] Summary 1 was retrieved
2021-04-15 16:35:29,636 INFO com.HailMaryAPI.HailMary.Logging.LoggingController [http-nio-8080-exec-1] Summary 1 was retrieved
2021-04-15 16:35:29,672 INFO com.HailMaryAPI.HailMary.Logging.LoggingController [http-nio-8080-exec-3] Summary 1 was retrieved
2021-04-15 16:35:29,691 INFO com.HailMaryAPI.HailMary.Logging.LoggingController [http-nio-8080-exec-6] Summary 1 was retrieved
2021-04-15 16:35:29,865 INFO com.HailMaryAPI.HailMary.Logging.LoggingController [http-nio-8080-exec-7] Summary 1 was retrieved
2021-04-15 16:35:29,877 INFO com.HailMaryAPI.HailMary.Logging.LoggingController [http-nio-8080-exec-8] Summary 1 was retrieved
2021-04-15 16:35:29,919 INFO com.HailMaryAPI.HailMary.Logging.LoggingController [http-nio-8080-exec-9] Summary 1 was retrieved
2021-04-15 16:35:29,932 INFO com.HailMaryAPI.HailMary.Logging.LoggingController [http-nio-8080-exec-10] Summary 1 was retrieved
2021-04-15 16:35:29,951 INFO com.HailMaryAPI.HailMary.Logging.LoggingController [http-nio-8080-exec-2] Summary 1 was retrieved
2021-04-15 16:35:29,980 INFO com.HailMaryAPI.HailMary.Logging.LoggingController [http-nio-8080-exec-4] Summary 1 was retrieved
2021-04-15 16:35:29,992 INFO com.HailMaryAPI.HailMary.Logging.LoggingController [http-nio-8080-exec-5] Summary 1 was retrieved
2021-04-15 16:35:30,002 INFO com.HailMaryAPI.HailMary.Logging.LoggingController [http-nio-8080-exec-5] Summary 1 was retrieved
2021-04-15 16:35:31,124 INFO com.HailMaryAPI.HailMary.Logging.LoggingController [http-nio-8080-exec-3] Policies for cole.kepford@gmail.com were retrieved successfully
2021-04-15 16:35:33,152 INFO com.HailMaryAPI.HailMary.Logging.LoggingController [http-nio-8080-exec-6] Sending email from: 
2021-04-15 16:35:39,051 INFO com.HailMaryAPI.HailMary.Logging.LoggingController [http-nio-8080-exec-6] Email sent from: 
2021-04-15 16:35:39,052 ERROR com.HailMaryAPI.HailMary.Logging.LoggingController [http-nio-8080-exec-6] Unable to retrieve email from: 
2021-04-15 16:38:18,247 ERROR com.HailMaryAPI.HailMary.Logging.LoggingController [http-nio-8080-exec-9] Admin: cole.kepford@gmail.com does not exsist
2021-04-15 16:38:18,249 INFO com.HailMaryAPI.HailMary.Logging.LoggingController [http-nio-8080-exec-10] Client with email: cole.kepford@gmail.com was retrieved
2021-04-15 16:38:18,287 INFO com.HailMaryAPI.HailMary.Logging.LoggingController [http-nio-8080-exec-2] Summary 1 was retrieved
2021-04-15 16:38:20,593 INFO com.HailMaryAPI.HailMary.Logging.LoggingController [http-nio-8080-exec-4] Summary 1 was retrieved
2021-04-15 16:38:20,603 INFO com.HailMaryAPI.HailMary.Logging.LoggingController [http-nio-8080-exec-1] Summary 1 was retrieved
2021-04-15 16:38:20,640 INFO com.HailMaryAPI.HailMary.Logging.LoggingController [http-nio-8080-exec-5] Summary 1 was retrieved
2021-04-15 16:38:20,658 INFO com.HailMaryAPI.HailMary.Logging.LoggingController [http-nio-8080-exec-3] Summary 1 was retrieved
2021-04-15 16:38:20,673 INFO com.HailMaryAPI.HailMary.Logging.LoggingController [http-nio-8080-exec-6] Summary 1 was retrieved
2021-04-15 16:38:20,687 INFO com.HailMaryAPI.HailMary.Logging.LoggingController [http-nio-8080-exec-7] Summary 1 was retrieved
2021-04-15 16:38:20,698 INFO com.HailMaryAPI.HailMary.Logging.LoggingController [http-nio-8080-exec-8] Summary 1 was retrieved
2021-04-15 16:38:20,708 INFO com.HailMaryAPI.HailMary.Logging.LoggingController [http-nio-8080-exec-9] Summary 1 was retrieved
2021-04-15 16:38:20,894 INFO com.HailMaryAPI.HailMary.Logging.LoggingController [http-nio-8080-exec-10] Summary 1 was retrieved
2021-04-15 16:38:20,904 INFO com.HailMaryAPI.HailMary.Logging.LoggingController [http-nio-8080-exec-2] Summary 1 was retrieved
2021-04-15 16:38:20,956 INFO com.HailMaryAPI.HailMary.Logging.LoggingController [http-nio-8080-exec-4] Summary 1 was retrieved
2021-04-15 16:38:20,971 INFO com.HailMaryAPI.HailMary.Logging.LoggingController [http-nio-8080-exec-1] Summary 1 was retrieved
2021-04-15 16:38:21,003 INFO com.HailMaryAPI.HailMary.Logging.LoggingController [http-nio-8080-exec-5] Summary 1 was retrieved
2021-04-15 16:38:21,013 INFO com.HailMaryAPI.HailMary.Logging.LoggingController [http-nio-8080-exec-3] Summary 1 was retrieved
2021-04-15 16:38:21,022 INFO com.HailMaryAPI.HailMary.Logging.LoggingController [http-nio-8080-exec-6] Summary 1 was retrieved
2021-04-15 16:38:21,038 INFO com.HailMaryAPI.HailMary.Logging.LoggingController [http-nio-8080-exec-7] Summary 1 was retrieved
2021-04-15 16:38:22,310 INFO com.HailMaryAPI.HailMary.Logging.LoggingController [http-nio-8080-exec-8] Policies for cole.kepford@gmail.com were retrieved successfully
2021-04-15 16:38:25,232 INFO com.HailMaryAPI.HailMary.Logging.LoggingController [http-nio-8080-exec-9] Sending email from: 
2021-04-15 16:38:30,964 INFO com.HailMaryAPI.HailMary.Logging.LoggingController [http-nio-8080-exec-9] Email sent from: 
2021-04-15 16:38:30,965 ERROR com.HailMaryAPI.HailMary.Logging.LoggingController [http-nio-8080-exec-9] Unable to retrieve email from: 
2021-04-15 16:40:07,017 INFO com.HailMaryAPI.HailMary.Logging.LoggingController [http-nio-8080-exec-4] Policies for cole.kepford@gmail.com were retrieved successfully
2021-04-15 16:40:07,358 INFO com.HailMaryAPI.HailMary.Logging.LoggingController [http-nio-8080-exec-1] Policies for cole.kepford@gmail.com were retrieved successfully
2021-04-15 16:40:17,870 INFO com.HailMaryAPI.HailMary.Logging.LoggingController [http-nio-8080-exec-5] Sending email from: 
2021-04-15 16:40:23,554 INFO com.HailMaryAPI.HailMary.Logging.LoggingController [http-nio-8080-exec-5] Email sent from: 
2021-04-15 16:40:23,555 ERROR com.HailMaryAPI.HailMary.Logging.LoggingController [http-nio-8080-exec-5] Unable to retrieve email from: 
2021-04-15 16:41:24,349 INFO com.HailMaryAPI.HailMary.Logging.LoggingController [http-nio-8080-exec-6] Policies for cole.kepford@gmail.com were retrieved successfully
2021-04-15 16:41:27,063 INFO com.HailMaryAPI.HailMary.Logging.LoggingController [http-nio-8080-exec-7] Sending email from: 
2021-04-15 16:41:32,799 INFO com.HailMaryAPI.HailMary.Logging.LoggingController [http-nio-8080-exec-7] Email sent from: 
2021-04-15 16:41:32,800 ERROR com.HailMaryAPI.HailMary.Logging.LoggingController [http-nio-8080-exec-7] Unable to retrieve email from: 
2021-04-15 16:41:37,951 INFO com.HailMaryAPI.HailMary.Logging.LoggingController [http-nio-8080-exec-8] Sending email from: Cole Kepford
2021-04-15 16:41:43,581 INFO com.HailMaryAPI.HailMary.Logging.LoggingController [http-nio-8080-exec-8] Email sent from: Cole Kepford
2021-04-15 16:41:43,582 ERROR com.HailMaryAPI.HailMary.Logging.LoggingController [http-nio-8080-exec-8] Unable to retrieve email from: Cole Kepford
2021-04-15 16:43:13,640 INFO com.HailMaryAPI.HailMary.Logging.LoggingController [http-nio-8080-exec-10] Policies for cole.kepford@gmail.com were retrieved successfully
2021-04-15 16:43:15,950 INFO com.HailMaryAPI.HailMary.Logging.LoggingController [http-nio-8080-exec-2] Sending email from: 
2021-04-15 16:43:21,631 INFO com.HailMaryAPI.HailMary.Logging.LoggingController [http-nio-8080-exec-2] Email sent from: 
2021-04-15 16:43:21,632 ERROR com.HailMaryAPI.HailMary.Logging.LoggingController [http-nio-8080-exec-2] Unable to retrieve email from: 
2021-04-15 16:45:28,394 INFO com.HailMaryAPI.HailMary.Logging.LoggingController [http-nio-8080-exec-1] Sending email from: 
2021-04-15 16:45:28,403 INFO com.HailMaryAPI.HailMary.Logging.LoggingController [http-nio-8080-exec-5] Policies for cole.kepford@gmail.com were retrieved successfully
2021-04-15 16:45:31,178 INFO com.HailMaryAPI.HailMary.Logging.LoggingController [http-nio-8080-exec-3] Sending email from: Cole Kepford
2021-04-15 16:45:34,100 INFO com.HailMaryAPI.HailMary.Logging.LoggingController [http-nio-8080-exec-1] Email sent from: 
2021-04-15 16:45:34,100 ERROR com.HailMaryAPI.HailMary.Logging.LoggingController [http-nio-8080-exec-1] Unable to retrieve email from: 
2021-04-15 16:45:40,749 INFO com.HailMaryAPI.HailMary.Logging.LoggingController [http-nio-8080-exec-6] Sending email from: Cole Kepford
2021-04-15 16:45:41,367 INFO com.HailMaryAPI.HailMary.Logging.LoggingController [http-nio-8080-exec-3] Email sent from: Cole Kepford
2021-04-15 16:45:41,367 ERROR com.HailMaryAPI.HailMary.Logging.LoggingController [http-nio-8080-exec-3] Unable to retrieve email from: Cole Kepford
2021-04-15 16:45:42,357 INFO com.HailMaryAPI.HailMary.Logging.LoggingController [http-nio-8080-exec-7] Sending email from: Cole Kepford
2021-04-15 16:45:46,505 INFO com.HailMaryAPI.HailMary.Logging.LoggingController [http-nio-8080-exec-6] Email sent from: Cole Kepford
2021-04-15 16:45:46,506 ERROR com.HailMaryAPI.HailMary.Logging.LoggingController [http-nio-8080-exec-6] Unable to retrieve email from: Cole Kepford
2021-04-15 16:45:52,511 INFO com.HailMaryAPI.HailMary.Logging.LoggingController [http-nio-8080-exec-7] Email sent from: Cole Kepford
2021-04-15 16:45:52,512 ERROR com.HailMaryAPI.HailMary.Logging.LoggingController [http-nio-8080-exec-7] Unable to retrieve email from: Cole Kepford
2021-04-15 16:46:57,545 INFO com.HailMaryAPI.HailMary.Logging.LoggingController [http-nio-8080-exec-10] Sending email from: Cole Kepford
2021-04-15 16:46:57,569 INFO com.HailMaryAPI.HailMary.Logging.LoggingController [http-nio-8080-exec-2] Policies for cole.kepford@gmail.com were retrieved successfully
2021-04-15 16:47:03,212 INFO com.HailMaryAPI.HailMary.Logging.LoggingController [http-nio-8080-exec-10] Email sent from: Cole Kepford
2021-04-15 16:47:03,213 ERROR com.HailMaryAPI.HailMary.Logging.LoggingController [http-nio-8080-exec-10] Unable to retrieve email from: Cole Kepford
2021-04-15 16:47:48,467 INFO com.HailMaryAPI.HailMary.Logging.LoggingController [http-nio-8080-exec-4] Sending email from: Cole Kepford
2021-04-15 16:47:54,174 INFO com.HailMaryAPI.HailMary.Logging.LoggingController [http-nio-8080-exec-4] Email sent from: Cole Kepford
2021-04-15 16:47:54,175 ERROR com.HailMaryAPI.HailMary.Logging.LoggingController [http-nio-8080-exec-4] Unable to retrieve email from: Cole Kepford
2021-04-15 16:50:03,846 INFO com.HailMaryAPI.HailMary.Logging.LoggingController [http-nio-8080-exec-3] Sending email from: 
2021-04-15 16:50:03,855 INFO com.HailMaryAPI.HailMary.Logging.LoggingController [http-nio-8080-exec-6] Policies for cole.kepford@gmail.com were retrieved successfully
2021-04-15 16:50:06,309 INFO com.HailMaryAPI.HailMary.Logging.LoggingController [http-nio-8080-exec-7] Sending email from: 
2021-04-15 16:50:06,325 INFO com.HailMaryAPI.HailMary.Logging.LoggingController [http-nio-8080-exec-8] Policies for cole.kepford@gmail.com were retrieved successfully
2021-04-15 16:50:09,456 INFO com.HailMaryAPI.HailMary.Logging.LoggingController [http-nio-8080-exec-3] Email sent from: 
2021-04-15 16:50:09,457 ERROR com.HailMaryAPI.HailMary.Logging.LoggingController [http-nio-8080-exec-3] Unable to retrieve email from: 
2021-04-15 16:50:16,512 INFO com.HailMaryAPI.HailMary.Logging.LoggingController [http-nio-8080-exec-7] Email sent from: 
2021-04-15 16:50:16,512 ERROR com.HailMaryAPI.HailMary.Logging.LoggingController [http-nio-8080-exec-7] Unable to retrieve email from: 
2021-04-15 16:52:12,889 INFO com.HailMaryAPI.HailMary.Logging.LoggingController [http-nio-8080-exec-10] Summary 1 was retrieved
2021-04-15 16:52:12,900 INFO com.HailMaryAPI.HailMary.Logging.LoggingController [http-nio-8080-exec-4] Summary 1 was retrieved
2021-04-15 16:52:12,925 INFO com.HailMaryAPI.HailMary.Logging.LoggingController [http-nio-8080-exec-5] Summary 1 was retrieved
2021-04-15 16:52:12,941 INFO com.HailMaryAPI.HailMary.Logging.LoggingController [http-nio-8080-exec-1] Summary 1 was retrieved
2021-04-15 16:52:12,954 INFO com.HailMaryAPI.HailMary.Logging.LoggingController [http-nio-8080-exec-6] Summary 1 was retrieved
2021-04-15 16:52:12,963 INFO com.HailMaryAPI.HailMary.Logging.LoggingController [http-nio-8080-exec-8] Summary 1 was retrieved
2021-04-15 16:52:12,977 INFO com.HailMaryAPI.HailMary.Logging.LoggingController [http-nio-8080-exec-3] Summary 1 was retrieved
2021-04-15 16:52:12,988 INFO com.HailMaryAPI.HailMary.Logging.LoggingController [http-nio-8080-exec-7] Summary 1 was retrieved
2021-04-15 16:52:13,053 INFO com.HailMaryAPI.HailMary.Logging.LoggingController [http-nio-8080-exec-9] Summary 1 was retrieved
2021-04-15 16:52:13,063 INFO com.HailMaryAPI.HailMary.Logging.LoggingController [http-nio-8080-exec-2] Summary 1 was retrieved
2021-04-15 16:52:13,092 INFO com.HailMaryAPI.HailMary.Logging.LoggingController [http-nio-8080-exec-10] Summary 1 was retrieved
2021-04-15 16:52:13,103 INFO com.HailMaryAPI.HailMary.Logging.LoggingController [http-nio-8080-exec-4] Summary 1 was retrieved
2021-04-15 16:52:13,129 INFO com.HailMaryAPI.HailMary.Logging.LoggingController [http-nio-8080-exec-5] Summary 1 was retrieved
2021-04-15 16:52:13,131 INFO com.HailMaryAPI.HailMary.Logging.LoggingController [http-nio-8080-exec-1] Summary 1 was retrieved
2021-04-15 16:52:13,165 INFO com.HailMaryAPI.HailMary.Logging.LoggingController [http-nio-8080-exec-6] Summary 1 was retrieved
2021-04-15 16:52:13,180 INFO com.HailMaryAPI.HailMary.Logging.LoggingController [http-nio-8080-exec-8] Summary 1 was retrieved
2021-04-15 16:52:14,110 INFO com.HailMaryAPI.HailMary.Logging.LoggingController [http-nio-8080-exec-3] Policies for cole.kepford@gmail.com were retrieved successfully
2021-04-15 16:52:16,891 INFO com.HailMaryAPI.HailMary.Logging.LoggingController [http-nio-8080-exec-9] Sending email from: 
2021-04-15 16:52:22,732 INFO com.HailMaryAPI.HailMary.Logging.LoggingController [http-nio-8080-exec-9] Email sent from: 
2021-04-15 16:52:22,732 ERROR com.HailMaryAPI.HailMary.Logging.LoggingController [http-nio-8080-exec-9] Unable to retrieve email from: 
2021-04-15 16:55:13,236 INFO com.HailMaryAPI.HailMary.Logging.LoggingController [http-nio-8080-exec-5] Sending email from: 
2021-04-15 16:55:13,254 INFO com.HailMaryAPI.HailMary.Logging.LoggingController [http-nio-8080-exec-1] Policies for cole.kepford@gmail.com were retrieved successfully
2021-04-15 16:55:13,590 INFO com.HailMaryAPI.HailMary.Logging.LoggingController [http-nio-8080-exec-6] Policies for cole.kepford@gmail.com were retrieved successfully
2021-04-15 16:55:18,914 INFO com.HailMaryAPI.HailMary.Logging.LoggingController [http-nio-8080-exec-5] Email sent from: 
2021-04-15 16:55:18,914 ERROR com.HailMaryAPI.HailMary.Logging.LoggingController [http-nio-8080-exec-5] Unable to retrieve email from: 
2021-04-15 16:55:22,584 ERROR com.HailMaryAPI.HailMary.Logging.LoggingController [http-nio-8080-exec-8] Admin: cole.kepford@gmail.com does not exsist
2021-04-15 16:55:22,585 INFO com.HailMaryAPI.HailMary.Logging.LoggingController [http-nio-8080-exec-3] Client with email: cole.kepford@gmail.com was retrieved
2021-04-15 16:55:22,624 INFO com.HailMaryAPI.HailMary.Logging.LoggingController [http-nio-8080-exec-7] Summary 1 was retrieved
2021-04-15 16:55:24,756 INFO com.HailMaryAPI.HailMary.Logging.LoggingController [http-nio-8080-exec-9] Summary 1 was retrieved
2021-04-15 16:55:24,766 INFO com.HailMaryAPI.HailMary.Logging.LoggingController [http-nio-8080-exec-10] Summary 1 was retrieved
2021-04-15 16:55:24,811 INFO com.HailMaryAPI.HailMary.Logging.LoggingController [http-nio-8080-exec-2] Summary 1 was retrieved
2021-04-15 16:55:24,828 INFO com.HailMaryAPI.HailMary.Logging.LoggingController [http-nio-8080-exec-4] Summary 1 was retrieved
2021-04-15 16:55:24,842 INFO com.HailMaryAPI.HailMary.Logging.LoggingController [http-nio-8080-exec-1] Summary 1 was retrieved
2021-04-15 16:55:24,851 INFO com.HailMaryAPI.HailMary.Logging.LoggingController [http-nio-8080-exec-6] Summary 1 was retrieved
2021-04-15 16:55:24,883 INFO com.HailMaryAPI.HailMary.Logging.LoggingController [http-nio-8080-exec-5] Summary 1 was retrieved
2021-04-15 16:55:24,901 INFO com.HailMaryAPI.HailMary.Logging.LoggingController [http-nio-8080-exec-8] Summary 1 was retrieved
2021-04-15 16:55:25,087 INFO com.HailMaryAPI.HailMary.Logging.LoggingController [http-nio-8080-exec-3] Summary 1 was retrieved
2021-04-15 16:55:25,097 INFO com.HailMaryAPI.HailMary.Logging.LoggingController [http-nio-8080-exec-7] Summary 1 was retrieved
2021-04-15 16:55:25,143 INFO com.HailMaryAPI.HailMary.Logging.LoggingController [http-nio-8080-exec-9] Summary 1 was retrieved
2021-04-15 16:55:25,155 INFO com.HailMaryAPI.HailMary.Logging.LoggingController [http-nio-8080-exec-10] Summary 1 was retrieved
2021-04-15 16:55:25,176 INFO com.HailMaryAPI.HailMary.Logging.LoggingController [http-nio-8080-exec-2] Summary 1 was retrieved
2021-04-15 16:55:25,186 INFO com.HailMaryAPI.HailMary.Logging.LoggingController [http-nio-8080-exec-4] Summary 1 was retrieved
2021-04-15 16:55:25,198 INFO com.HailMaryAPI.HailMary.Logging.LoggingController [http-nio-8080-exec-1] Summary 1 was retrieved
2021-04-15 16:55:25,243 INFO com.HailMaryAPI.HailMary.Logging.LoggingController [http-nio-8080-exec-6] Summary 1 was retrieved
2021-04-15 16:55:26,274 INFO com.HailMaryAPI.HailMary.Logging.LoggingController [http-nio-8080-exec-5] Policies for cole.kepford@gmail.com were retrieved successfully
2021-04-15 16:55:38,587 INFO com.HailMaryAPI.HailMary.Logging.LoggingController [http-nio-8080-exec-8] Sending email from: Cole Kepford
2021-04-15 16:55:44,239 INFO com.HailMaryAPI.HailMary.Logging.LoggingController [http-nio-8080-exec-8] Email sent from: Cole Kepford
2021-04-15 16:57:19,873 INFO com.HailMaryAPI.HailMary.Logging.LoggingController [http-nio-8080-exec-9] Policies for cole.kepford@gmail.com were retrieved successfully
2021-04-15 16:57:20,251 INFO com.HailMaryAPI.HailMary.Logging.LoggingController [http-nio-8080-exec-10] Policies for cole.kepford@gmail.com were retrieved successfully
2021-04-15 16:57:22,663 INFO com.HailMaryAPI.HailMary.Logging.LoggingController [http-nio-8080-exec-2] Sending email from: Cole Kepford
2021-04-15 16:57:28,257 INFO com.HailMaryAPI.HailMary.Logging.LoggingController [http-nio-8080-exec-2] Email sent from: Cole Kepford
2021-04-15 17:13:15,705 INFO com.HailMaryAPI.HailMary.Logging.LoggingController [http-nio-8080-exec-1] Policies for cole.kepford@gmail.com were retrieved successfully
2021-04-15 17:27:26,769 ERROR com.HailMaryAPI.HailMary.Logging.LoggingController [http-nio-8080-exec-5] Admin: cole.kepford@gmail.com does not exsist
2021-04-15 17:27:26,771 INFO com.HailMaryAPI.HailMary.Logging.LoggingController [http-nio-8080-exec-8] Client with email: cole.kepford@gmail.com was retrieved
2021-04-15 17:27:26,807 INFO com.HailMaryAPI.HailMary.Logging.LoggingController [http-nio-8080-exec-3] Summary 1 was retrieved
2021-04-15 18:36:01,622 INFO com.HailMaryAPI.HailMary.Logging.LoggingController [http-nio-8080-exec-9] Summary 1 was retrieved
2021-04-15 18:36:01,632 INFO com.HailMaryAPI.HailMary.Logging.LoggingController [http-nio-8080-exec-10] Summary 1 was retrieved
2021-04-15 18:36:01,658 INFO com.HailMaryAPI.HailMary.Logging.LoggingController [http-nio-8080-exec-2] Summary 1 was retrieved
2021-04-15 18:36:01,671 INFO com.HailMaryAPI.HailMary.Logging.LoggingController [http-nio-8080-exec-4] Summary 1 was retrieved
2021-04-15 18:36:01,685 INFO com.HailMaryAPI.HailMary.Logging.LoggingController [http-nio-8080-exec-1] Summary 1 was retrieved
2021-04-15 18:36:01,697 INFO com.HailMaryAPI.HailMary.Logging.LoggingController [http-nio-8080-exec-6] Summary 1 was retrieved
2021-04-15 18:36:01,711 INFO com.HailMaryAPI.HailMary.Logging.LoggingController [http-nio-8080-exec-5] Summary 1 was retrieved
2021-04-15 18:36:01,725 INFO com.HailMaryAPI.HailMary.Logging.LoggingController [http-nio-8080-exec-8] Summary 1 was retrieved
2021-04-15 18:36:01,857 INFO com.HailMaryAPI.HailMary.Logging.LoggingController [http-nio-8080-exec-3] Summary 1 was retrieved
2021-04-15 18:36:01,865 INFO com.HailMaryAPI.HailMary.Logging.LoggingController [http-nio-8080-exec-3] Summary 1 was retrieved
2021-04-15 18:36:01,889 INFO com.HailMaryAPI.HailMary.Logging.LoggingController [http-nio-8080-exec-9] Summary 1 was retrieved
2021-04-15 18:36:01,902 INFO com.HailMaryAPI.HailMary.Logging.LoggingController [http-nio-8080-exec-10] Summary 1 was retrieved
2021-04-15 18:36:01,919 INFO com.HailMaryAPI.HailMary.Logging.LoggingController [http-nio-8080-exec-2] Summary 1 was retrieved
2021-04-15 18:36:01,929 INFO com.HailMaryAPI.HailMary.Logging.LoggingController [http-nio-8080-exec-4] Summary 1 was retrieved
2021-04-15 18:36:01,944 INFO com.HailMaryAPI.HailMary.Logging.LoggingController [http-nio-8080-exec-1] Summary 1 was retrieved
2021-04-15 18:36:01,960 INFO com.HailMaryAPI.HailMary.Logging.LoggingController [http-nio-8080-exec-6] Summary 1 was retrieved
2021-04-15 18:36:07,753 INFO com.HailMaryAPI.HailMary.Logging.LoggingController [http-nio-8080-exec-5] Summary 1 was retrieved
2021-04-15 18:36:07,762 INFO com.HailMaryAPI.HailMary.Logging.LoggingController [http-nio-8080-exec-8] Summary 1 was retrieved
2021-04-15 18:36:07,770 INFO com.HailMaryAPI.HailMary.Logging.LoggingController [http-nio-8080-exec-7] Summary 1 was retrieved
2021-04-15 18:36:07,798 INFO com.HailMaryAPI.HailMary.Logging.LoggingController [http-nio-8080-exec-3] Summary 1 was retrieved
2021-04-15 18:36:07,808 INFO com.HailMaryAPI.HailMary.Logging.LoggingController [http-nio-8080-exec-9] Summary 1 was retrieved
2021-04-15 18:36:07,816 INFO com.HailMaryAPI.HailMary.Logging.LoggingController [http-nio-8080-exec-10] Summary 1 was retrieved
2021-04-15 18:36:07,825 INFO com.HailMaryAPI.HailMary.Logging.LoggingController [http-nio-8080-exec-2] Summary 1 was retrieved
2021-04-15 18:36:07,835 INFO com.HailMaryAPI.HailMary.Logging.LoggingController [http-nio-8080-exec-4] Summary 1 was retrieved
2021-04-15 18:36:19,869 INFO com.HailMaryAPI.HailMary.Logging.LoggingController [http-nio-8080-exec-1] Summary 1 was retrieved
2021-04-15 18:36:19,877 INFO com.HailMaryAPI.HailMary.Logging.LoggingController [http-nio-8080-exec-6] Summary 1 was retrieved
2021-04-15 18:36:19,886 INFO com.HailMaryAPI.HailMary.Logging.LoggingController [http-nio-8080-exec-5] Summary 1 was retrieved
2021-04-15 18:36:19,908 INFO com.HailMaryAPI.HailMary.Logging.LoggingController [http-nio-8080-exec-8] Summary 1 was retrieved
2021-04-15 18:36:19,920 INFO com.HailMaryAPI.HailMary.Logging.LoggingController [http-nio-8080-exec-7] Summary 1 was retrieved
2021-04-15 18:36:19,929 INFO com.HailMaryAPI.HailMary.Logging.LoggingController [http-nio-8080-exec-3] Summary 1 was retrieved
2021-04-15 18:36:19,938 INFO com.HailMaryAPI.HailMary.Logging.LoggingController [http-nio-8080-exec-9] Summary 1 was retrieved
2021-04-15 18:36:19,947 INFO com.HailMaryAPI.HailMary.Logging.LoggingController [http-nio-8080-exec-10] Summary 1 was retrieved
2021-04-15 18:36:26,253 INFO com.HailMaryAPI.HailMary.Logging.LoggingController [http-nio-8080-exec-2] Summary 1 was retrieved
2021-04-15 18:36:26,262 INFO com.HailMaryAPI.HailMary.Logging.LoggingController [http-nio-8080-exec-4] Summary 1 was retrieved
2021-04-15 18:36:26,270 INFO com.HailMaryAPI.HailMary.Logging.LoggingController [http-nio-8080-exec-1] Summary 1 was retrieved
2021-04-15 18:36:26,279 INFO com.HailMaryAPI.HailMary.Logging.LoggingController [http-nio-8080-exec-6] Summary 1 was retrieved
2021-04-15 18:36:26,287 INFO com.HailMaryAPI.HailMary.Logging.LoggingController [http-nio-8080-exec-5] Summary 1 was retrieved
2021-04-15 18:36:26,309 INFO com.HailMaryAPI.HailMary.Logging.LoggingController [http-nio-8080-exec-8] Summary 1 was retrieved
2021-04-15 18:36:26,319 INFO com.HailMaryAPI.HailMary.Logging.LoggingController [http-nio-8080-exec-7] Summary 1 was retrieved
2021-04-15 18:36:26,328 INFO com.HailMaryAPI.HailMary.Logging.LoggingController [http-nio-8080-exec-3] Summary 1 was retrieved
2021-04-15 18:36:49,923 INFO com.HailMaryAPI.HailMary.Logging.LoggingController [http-nio-8080-exec-9] Summary 1 was retrieved
2021-04-15 18:36:49,933 INFO com.HailMaryAPI.HailMary.Logging.LoggingController [http-nio-8080-exec-10] Summary 1 was retrieved
2021-04-15 18:36:49,958 INFO com.HailMaryAPI.HailMary.Logging.LoggingController [http-nio-8080-exec-2] Summary 1 was retrieved
2021-04-15 18:36:49,972 INFO com.HailMaryAPI.HailMary.Logging.LoggingController [http-nio-8080-exec-4] Summary 1 was retrieved
2021-04-15 18:36:49,991 INFO com.HailMaryAPI.HailMary.Logging.LoggingController [http-nio-8080-exec-1] Summary 1 was retrieved
2021-04-15 18:36:49,994 INFO com.HailMaryAPI.HailMary.Logging.LoggingController [http-nio-8080-exec-6] Summary 1 was retrieved
2021-04-15 18:36:50,009 INFO com.HailMaryAPI.HailMary.Logging.LoggingController [http-nio-8080-exec-5] Summary 1 was retrieved
2021-04-15 18:36:50,042 INFO com.HailMaryAPI.HailMary.Logging.LoggingController [http-nio-8080-exec-8] Summary 1 was retrieved
2021-04-15 18:38:08,067 INFO com.HailMaryAPI.HailMary.Logging.LoggingController [http-nio-8080-exec-10] Summary 1 was retrieved
2021-04-15 18:38:08,078 INFO com.HailMaryAPI.HailMary.Logging.LoggingController [http-nio-8080-exec-2] Summary 1 was retrieved
2021-04-15 18:38:08,110 INFO com.HailMaryAPI.HailMary.Logging.LoggingController [http-nio-8080-exec-4] Summary 1 was retrieved
2021-04-15 18:38:08,126 INFO com.HailMaryAPI.HailMary.Logging.LoggingController [http-nio-8080-exec-1] Summary 1 was retrieved
2021-04-15 18:38:08,138 INFO com.HailMaryAPI.HailMary.Logging.LoggingController [http-nio-8080-exec-6] Summary 1 was retrieved
2021-04-15 18:38:08,150 INFO com.HailMaryAPI.HailMary.Logging.LoggingController [http-nio-8080-exec-5] Summary 1 was retrieved
2021-04-15 18:38:08,163 INFO com.HailMaryAPI.HailMary.Logging.LoggingController [http-nio-8080-exec-8] Summary 1 was retrieved
2021-04-15 18:38:08,175 INFO com.HailMaryAPI.HailMary.Logging.LoggingController [http-nio-8080-exec-3] Summary 1 was retrieved
2021-04-15 21:35:58,225 INFO org.springframework.boot.StartupInfoLogger [main] Starting HailMaryApplicationTests using Java 15.0.1 on DESKTOP-ICQJ65O with PID 24884 (started by cocog in C:\Users\cocog\Documents\SAIT\4th SEM\Capstone\HailMaryAPI)
2021-04-15 21:35:58,228 INFO org.springframework.boot.SpringApplication [main] No active profile set, falling back to default profiles: default
2021-04-15 21:36:01,305 INFO org.springframework.boot.StartupInfoLogger [main] Started HailMaryApplicationTests in 3.308 seconds (JVM running for 3.937)
