2021-04-14 17:55:45,070 INFO org.springframework.boot.StartupInfoLogger [main] Starting HailMaryApplication using Java 15.0.1 on DESKTOP-ICQJ65O with PID 19836 (C:\Users\cocog\Documents\SAIT\4th SEM\Capstone\HailMaryAPI\target\classes started by cocog in C:\Users\cocog\Documents\SAIT\4th SEM\Capstone\HailMaryAPI)
2021-04-14 17:55:45,075 INFO org.springframework.boot.SpringApplication [main] No active profile set, falling back to default profiles: default
2021-04-14 17:55:48,145 INFO org.springframework.boot.StartupInfoLogger [main] Started HailMaryApplication in 3.405 seconds (JVM running for 3.664)
2021-04-14 18:55:51,656 INFO com.HailMaryAPI.HailMary.Logging.LoggingController [http-nio-8080-exec-1] Clients with lastname containing: null were retrieved
2021-04-14 18:55:51,682 INFO com.HailMaryAPI.HailMary.Logging.LoggingController [http-nio-8080-exec-2] Clients with lastname containing: null were retrieved
2021-04-14 18:55:51,692 INFO com.HailMaryAPI.HailMary.Logging.LoggingController [http-nio-8080-exec-3] Clients with lastname containing: null were retrieved
2021-04-14 18:55:51,702 INFO com.HailMaryAPI.HailMary.Logging.LoggingController [http-nio-8080-exec-4] Clients with lastname containing: null were retrieved
2021-04-14 18:55:51,709 INFO com.HailMaryAPI.HailMary.Logging.LoggingController [http-nio-8080-exec-5] Clients with lastname containing: null were retrieved
2021-04-14 18:55:51,716 INFO com.HailMaryAPI.HailMary.Logging.LoggingController [http-nio-8080-exec-6] Clients with lastname containing: null were retrieved
2021-04-14 18:55:51,725 INFO com.HailMaryAPI.HailMary.Logging.LoggingController [http-nio-8080-exec-7] Clients with lastname containing: null were retrieved
2021-04-14 18:55:51,744 INFO com.HailMaryAPI.HailMary.Logging.LoggingController [http-nio-8080-exec-8] Clients with lastname containing: null were retrieved
2021-04-14 18:55:51,751 INFO com.HailMaryAPI.HailMary.Logging.LoggingController [http-nio-8080-exec-9] Clients with lastname containing: null were retrieved
2021-04-14 18:55:51,759 INFO com.HailMaryAPI.HailMary.Logging.LoggingController [http-nio-8080-exec-10] Clients with lastname containing: null were retrieved
2021-04-14 18:55:51,764 INFO com.HailMaryAPI.HailMary.Logging.LoggingController [http-nio-8080-exec-1] Clients with lastname containing: null were retrieved
2021-04-14 18:55:51,771 INFO com.HailMaryAPI.HailMary.Logging.LoggingController [http-nio-8080-exec-2] Clients with lastname containing: null were retrieved
2021-04-14 18:55:51,777 INFO com.HailMaryAPI.HailMary.Logging.LoggingController [http-nio-8080-exec-3] Clients with lastname containing: null were retrieved
2021-04-14 18:55:51,782 INFO com.HailMaryAPI.HailMary.Logging.LoggingController [http-nio-8080-exec-4] Clients with lastname containing: null were retrieved
2021-04-14 18:55:51,788 INFO com.HailMaryAPI.HailMary.Logging.LoggingController [http-nio-8080-exec-5] Clients with lastname containing: null were retrieved
2021-04-14 18:55:51,794 INFO com.HailMaryAPI.HailMary.Logging.LoggingController [http-nio-8080-exec-6] Clients with lastname containing: null were retrieved
2021-04-14 18:58:37,563 INFO com.HailMaryAPI.HailMary.Logging.LoggingController [http-nio-8080-exec-8] Clients with lastname containing: null were retrieved
2021-04-14 18:59:51,669 INFO com.HailMaryAPI.HailMary.Logging.LoggingController [http-nio-8080-exec-9] Clients with lastname containing: null were retrieved
2021-04-14 19:04:10,165 INFO com.HailMaryAPI.HailMary.Logging.LoggingController [http-nio-8080-exec-1] Clients with lastname containing: null were retrieved
2021-04-14 19:05:38,717 INFO com.HailMaryAPI.HailMary.Logging.LoggingController [http-nio-8080-exec-2] Clients with lastname containing: null were retrieved
2021-04-14 19:08:11,225 INFO com.HailMaryAPI.HailMary.Logging.LoggingController [http-nio-8080-exec-3] Clients with lastname containing: null were retrieved
2021-04-14 19:09:41,692 ERROR com.HailMaryAPI.HailMary.Logging.LoggingController [http-nio-8080-exec-8] Client with email: undefined does not exsist
2021-04-14 19:13:50,407 INFO com.HailMaryAPI.HailMary.Logging.LoggingController [http-nio-8080-exec-9] Clients with lastname containing: null were retrieved
2021-04-14 19:14:01,779 INFO com.HailMaryAPI.HailMary.Logging.LoggingController [http-nio-8080-exec-10] Clients with lastname containing: null were retrieved
2021-04-14 19:14:48,789 ERROR com.HailMaryAPI.HailMary.Logging.LoggingController [http-nio-8080-exec-1] Client with email: undefined does not exsist
2021-04-14 19:15:35,908 ERROR com.HailMaryAPI.HailMary.Logging.LoggingController [http-nio-8080-exec-2] Client with email: undefined does not exsist
2021-04-14 19:15:40,244 INFO com.HailMaryAPI.HailMary.Logging.LoggingController [http-nio-8080-exec-3] Clients with lastname containing: null were retrieved
2021-04-14 19:15:46,127 INFO com.HailMaryAPI.HailMary.Logging.LoggingController [http-nio-8080-exec-4] Clients with lastname containing: null were retrieved
2021-04-14 19:15:55,214 INFO com.HailMaryAPI.HailMary.Logging.LoggingController [http-nio-8080-exec-5] Clients with lastname containing: null were retrieved
2021-04-14 19:16:03,306 ERROR com.HailMaryAPI.HailMary.Logging.LoggingController [http-nio-8080-exec-6] Client with email: undefined does not exsist
2021-04-14 19:17:00,436 ERROR com.HailMaryAPI.HailMary.Logging.LoggingController [http-nio-8080-exec-7] Client with email: undefined does not exsist
2021-04-14 19:17:08,456 ERROR com.HailMaryAPI.HailMary.Logging.LoggingController [http-nio-8080-exec-8] Client with email: undefined does not exsist
2021-04-14 19:18:11,941 INFO com.HailMaryAPI.HailMary.Logging.LoggingController [http-nio-8080-exec-10] Client with email: cole.kepford@gmail.com was retrieved
2021-04-14 19:18:22,606 INFO com.HailMaryAPI.HailMary.Logging.LoggingController [http-nio-8080-exec-1] Client with email: cole.kepford@gmail.com was retrieved
2021-04-14 19:20:32,850 INFO com.HailMaryAPI.HailMary.Logging.LoggingController [http-nio-8080-exec-3] Clients with lastname containing: null were retrieved
2021-04-14 19:20:56,768 INFO com.HailMaryAPI.HailMary.Logging.LoggingController [http-nio-8080-exec-4] Clients with lastname containing: null were retrieved
2021-04-14 19:21:13,009 INFO com.HailMaryAPI.HailMary.Logging.LoggingController [http-nio-8080-exec-5] Clients with lastname containing: null were retrieved
2021-04-14 19:21:18,278 INFO com.HailMaryAPI.HailMary.Logging.LoggingController [http-nio-8080-exec-6] Clients with lastname containing: null were retrieved
2021-04-14 19:21:18,740 INFO com.HailMaryAPI.HailMary.Logging.LoggingController [http-nio-8080-exec-7] Clients with lastname containing: null were retrieved
2021-04-14 19:21:18,902 INFO com.HailMaryAPI.HailMary.Logging.LoggingController [http-nio-8080-exec-8] Clients with lastname containing: null were retrieved
2021-04-14 19:21:19,050 INFO com.HailMaryAPI.HailMary.Logging.LoggingController [http-nio-8080-exec-9] Clients with lastname containing: null were retrieved
2021-04-14 19:21:19,203 INFO com.HailMaryAPI.HailMary.Logging.LoggingController [http-nio-8080-exec-10] Clients with lastname containing: null were retrieved
2021-04-14 19:22:47,603 INFO com.HailMaryAPI.HailMary.Logging.LoggingController [http-nio-8080-exec-2] Clients with lastname containing: null were retrieved
2021-04-14 19:23:26,281 INFO com.HailMaryAPI.HailMary.Logging.LoggingController [http-nio-8080-exec-3] Clients with lastname containing: null were retrieved
2021-04-14 19:24:29,173 ERROR com.HailMaryAPI.HailMary.Logging.LoggingController [http-nio-8080-exec-6] Client with email: cole@nexgenfinancial.com does not exsist
2021-04-14 19:24:29,174 INFO com.HailMaryAPI.HailMary.Logging.LoggingController [http-nio-8080-exec-5] Admin: cole@nexgenfinancial.com was retrieved
2021-04-14 19:24:33,722 INFO com.HailMaryAPI.HailMary.Logging.LoggingController [http-nio-8080-exec-7] Clients with lastname containing: null were retrieved
2021-04-14 19:25:58,682 INFO org.springframework.boot.StartupInfoLogger [main] Starting HailMaryApplication using Java 15.0.1 on DESKTOP-ICQJ65O with PID 24904 (C:\Users\cocog\Documents\SAIT\4th SEM\Capstone\HailMaryAPI\target\classes started by cocog in C:\Users\cocog\Documents\SAIT\4th SEM\Capstone\HailMaryAPI)
2021-04-14 19:25:58,685 INFO org.springframework.boot.SpringApplication [main] No active profile set, falling back to default profiles: default
2021-04-14 19:26:01,301 INFO org.springframework.boot.StartupInfoLogger [main] Started HailMaryApplication in 2.919 seconds (JVM running for 3.156)
2021-04-14 19:26:01,342 INFO com.HailMaryAPI.HailMary.Logging.LoggingController [main] Client with id: 1 was retrieved
2021-04-14 19:26:01,418 INFO com.HailMaryAPI.HailMary.Logging.LoggingController [main] Policy: 24 was successfully updated
2021-04-14 19:26:01,444 INFO com.HailMaryAPI.HailMary.Logging.LoggingController [main] Clients with lastname containing: kepford were retrieved
2021-04-14 19:26:55,454 INFO com.HailMaryAPI.HailMary.Logging.LoggingController [http-nio-8080-exec-1] Clients with lastname containing: null were retrieved
2021-04-14 19:26:55,995 INFO com.HailMaryAPI.HailMary.Logging.LoggingController [http-nio-8080-exec-2] Clients with lastname containing: null were retrieved
2021-04-14 19:26:56,324 INFO com.HailMaryAPI.HailMary.Logging.LoggingController [http-nio-8080-exec-4] Clients with lastname containing: null were retrieved
2021-04-14 19:26:56,518 INFO com.HailMaryAPI.HailMary.Logging.LoggingController [http-nio-8080-exec-5] Clients with lastname containing: null were retrieved
2021-04-14 19:26:56,675 INFO com.HailMaryAPI.HailMary.Logging.LoggingController [http-nio-8080-exec-6] Clients with lastname containing: null were retrieved
2021-04-14 19:26:56,826 INFO com.HailMaryAPI.HailMary.Logging.LoggingController [http-nio-8080-exec-8] Clients with lastname containing: null were retrieved
2021-04-14 19:26:57,445 INFO com.HailMaryAPI.HailMary.Logging.LoggingController [http-nio-8080-exec-9] Client with email: cole.kepford@gmail.com was retrieved
2021-04-14 19:27:03,414 INFO com.HailMaryAPI.HailMary.Logging.LoggingController [http-nio-8080-exec-3] Clients with lastname containing: null were retrieved
2021-04-14 19:27:05,156 INFO com.HailMaryAPI.HailMary.Logging.LoggingController [http-nio-8080-exec-7] Clients with lastname containing: null were retrieved
2021-04-14 19:27:48,932 INFO com.HailMaryAPI.HailMary.Logging.LoggingController [http-nio-8080-exec-2] Clients with lastname containing: null were retrieved
2021-04-14 19:28:30,213 INFO com.HailMaryAPI.HailMary.Logging.LoggingController [http-nio-8080-exec-4] Clients with lastname containing: null were retrieved
2021-04-14 19:29:50,145 INFO com.HailMaryAPI.HailMary.Logging.LoggingController [http-nio-8080-exec-9] Retrieved all clients
2021-04-14 19:29:57,078 INFO com.HailMaryAPI.HailMary.Logging.LoggingController [http-nio-8080-exec-3] Client with id: 1 was retrieved
2021-04-14 19:30:38,895 INFO com.HailMaryAPI.HailMary.Logging.LoggingController [http-nio-8080-exec-7] Clients with lastname containing: null were retrieved
2021-04-14 19:30:59,298 INFO com.HailMaryAPI.HailMary.Logging.LoggingController [http-nio-8080-exec-1] Clients with lastname containing: null were retrieved
2021-04-14 19:31:33,940 INFO org.springframework.boot.StartupInfoLogger [main] Starting HailMaryApplication using Java 15.0.1 on DESKTOP-ICQJ65O with PID 12268 (C:\Users\cocog\Documents\SAIT\4th SEM\Capstone\HailMaryAPI\target\classes started by cocog in C:\Users\cocog\Documents\SAIT\4th SEM\Capstone\HailMaryAPI)
2021-04-14 19:31:33,944 INFO org.springframework.boot.SpringApplication [main] No active profile set, falling back to default profiles: default
2021-04-14 19:31:36,710 INFO org.springframework.boot.StartupInfoLogger [main] Started HailMaryApplication in 3.067 seconds (JVM running for 3.303)
2021-04-14 19:31:38,255 INFO com.HailMaryAPI.HailMary.Logging.LoggingController [http-nio-8080-exec-1] Clients with lastname containing: null were retrieved
2021-04-14 19:32:05,369 INFO com.HailMaryAPI.HailMary.Logging.LoggingController [http-nio-8080-exec-2] Clients with lastname containing: null were retrieved
2021-04-14 19:32:21,122 INFO com.HailMaryAPI.HailMary.Logging.LoggingController [http-nio-8080-exec-3] Client with email: cole.kepford@gmail.com was retrieved
2021-04-14 19:33:09,651 INFO org.springframework.boot.StartupInfoLogger [main] Starting HailMaryApplication using Java 15.0.1 on DESKTOP-ICQJ65O with PID 22032 (C:\Users\cocog\Documents\SAIT\4th SEM\Capstone\HailMaryAPI\target\classes started by cocog in C:\Users\cocog\Documents\SAIT\4th SEM\Capstone\HailMaryAPI)
2021-04-14 19:33:09,654 INFO org.springframework.boot.SpringApplication [main] No active profile set, falling back to default profiles: default
2021-04-14 19:33:12,152 INFO org.springframework.boot.StartupInfoLogger [main] Started HailMaryApplication in 2.788 seconds (JVM running for 3.019)
2021-04-14 19:33:18,723 INFO com.HailMaryAPI.HailMary.Logging.LoggingController [http-nio-8080-exec-1] Clients with lastname containing: kepford were retrieved
2021-04-14 19:34:14,010 INFO com.HailMaryAPI.HailMary.Logging.LoggingController [http-nio-8080-exec-2] Client with email: cole.kepford@gmail.com was retrieved
2021-04-14 19:34:26,731 INFO com.HailMaryAPI.HailMary.Logging.LoggingController [http-nio-8080-exec-3] Client with email: cole.kepford@gmail.com was retrieved
2021-04-14 19:34:29,338 INFO com.HailMaryAPI.HailMary.Logging.LoggingController [http-nio-8080-exec-4] Client with email: cole.kepford@gmail.com was retrieved
2021-04-14 19:40:13,192 INFO org.springframework.boot.StartupInfoLogger [main] Starting HailMaryApplication using Java 15.0.1 on DESKTOP-ICQJ65O with PID 1696 (C:\Users\cocog\Documents\SAIT\4th SEM\Capstone\HailMaryAPI\target\classes started by cocog in C:\Users\cocog\Documents\SAIT\4th SEM\Capstone\HailMaryAPI)
2021-04-14 19:40:13,195 INFO org.springframework.boot.SpringApplication [main] No active profile set, falling back to default profiles: default
2021-04-14 19:40:15,812 INFO org.springframework.boot.StartupInfoLogger [main] Started HailMaryApplication in 2.907 seconds (JVM running for 3.135)
2021-04-14 19:40:21,952 INFO com.HailMaryAPI.HailMary.Logging.LoggingController [http-nio-8080-exec-1] Client with email: cole.kepford@gmail.com was retrieved
2021-04-14 19:40:23,790 INFO com.HailMaryAPI.HailMary.Logging.LoggingController [http-nio-8080-exec-2] Client with email: cole.kepford@gmail.com was retrieved
2021-04-14 19:41:20,748 INFO com.HailMaryAPI.HailMary.Logging.LoggingController [http-nio-8080-exec-3] Client with email: cole.kepford@gmail.com was retrieved
2021-04-14 19:41:21,742 INFO com.HailMaryAPI.HailMary.Logging.LoggingController [http-nio-8080-exec-4] Client with email: cole.kepford@gmail.com was retrieved
2021-04-14 19:41:26,469 INFO com.HailMaryAPI.HailMary.Logging.LoggingController [http-nio-8080-exec-5] Client with email: cole.kepford@gmail.com was retrieved
2021-04-14 19:41:28,783 INFO com.HailMaryAPI.HailMary.Logging.LoggingController [http-nio-8080-exec-6] Clients with lastname containing: undefined were retrieved
2021-04-14 19:41:30,439 INFO com.HailMaryAPI.HailMary.Logging.LoggingController [http-nio-8080-exec-7] Clients with lastname containing: undefined were retrieved
2021-04-14 19:41:31,082 INFO com.HailMaryAPI.HailMary.Logging.LoggingController [http-nio-8080-exec-8] Clients with lastname containing: undefined were retrieved
2021-04-14 19:42:38,822 INFO com.HailMaryAPI.HailMary.Logging.LoggingController [http-nio-8080-exec-10] Client with email: cole.kepford@gmail.com was retrieved
2021-04-14 19:45:57,121 ERROR com.HailMaryAPI.HailMary.Logging.LoggingController [http-nio-8080-exec-2] Client with email: undefined does not exsist
2021-04-14 19:46:06,147 INFO com.HailMaryAPI.HailMary.Logging.LoggingController [http-nio-8080-exec-3] Clients with lastname containing: undefined were retrieved
2021-04-14 19:46:06,698 INFO com.HailMaryAPI.HailMary.Logging.LoggingController [http-nio-8080-exec-4] Clients with lastname containing: undefined were retrieved
2021-04-14 19:46:07,117 INFO com.HailMaryAPI.HailMary.Logging.LoggingController [http-nio-8080-exec-5] Clients with lastname containing: undefined were retrieved
2021-04-14 19:46:07,284 INFO com.HailMaryAPI.HailMary.Logging.LoggingController [http-nio-8080-exec-6] Clients with lastname containing: undefined were retrieved
2021-04-14 19:46:07,418 INFO com.HailMaryAPI.HailMary.Logging.LoggingController [http-nio-8080-exec-7] Clients with lastname containing: undefined were retrieved
2021-04-14 19:46:07,577 INFO com.HailMaryAPI.HailMary.Logging.LoggingController [http-nio-8080-exec-8] Clients with lastname containing: undefined were retrieved
2021-04-14 19:46:12,977 ERROR com.HailMaryAPI.HailMary.Logging.LoggingController [http-nio-8080-exec-9] Client with email: undefined does not exsist
2021-04-14 19:47:32,287 ERROR com.HailMaryAPI.HailMary.Logging.LoggingController [http-nio-8080-exec-1] Admin: cole.kepford@gmail.com does not exsist
2021-04-14 19:47:32,294 INFO com.HailMaryAPI.HailMary.Logging.LoggingController [http-nio-8080-exec-2] Client with email: cole.kepford@gmail.com was retrieved
2021-04-14 19:47:32,347 INFO com.HailMaryAPI.HailMary.Logging.LoggingController [http-nio-8080-exec-4] Summary 1 was retrieved
2021-04-14 19:47:32,349 INFO com.HailMaryAPI.HailMary.Logging.LoggingController [http-nio-8080-exec-3] Summary 1 was retrieved
2021-04-14 19:47:34,671 INFO com.HailMaryAPI.HailMary.Logging.LoggingController [http-nio-8080-exec-5] Summary 1 was retrieved
2021-04-14 19:47:34,684 INFO com.HailMaryAPI.HailMary.Logging.LoggingController [http-nio-8080-exec-6] Summary 1 was retrieved
2021-04-14 19:47:34,711 INFO com.HailMaryAPI.HailMary.Logging.LoggingController [http-nio-8080-exec-7] Summary 1 was retrieved
2021-04-14 19:47:34,727 INFO com.HailMaryAPI.HailMary.Logging.LoggingController [http-nio-8080-exec-8] Summary 1 was retrieved
2021-04-14 19:47:34,742 INFO com.HailMaryAPI.HailMary.Logging.LoggingController [http-nio-8080-exec-9] Summary 1 was retrieved
2021-04-14 19:47:34,759 INFO com.HailMaryAPI.HailMary.Logging.LoggingController [http-nio-8080-exec-10] Summary 1 was retrieved
2021-04-14 19:47:34,774 INFO com.HailMaryAPI.HailMary.Logging.LoggingController [http-nio-8080-exec-1] Summary 1 was retrieved
2021-04-14 19:47:34,786 INFO com.HailMaryAPI.HailMary.Logging.LoggingController [http-nio-8080-exec-2] Summary 1 was retrieved
2021-04-14 19:47:34,983 INFO com.HailMaryAPI.HailMary.Logging.LoggingController [http-nio-8080-exec-4] Summary 1 was retrieved
2021-04-14 19:47:34,998 INFO com.HailMaryAPI.HailMary.Logging.LoggingController [http-nio-8080-exec-3] Summary 1 was retrieved
2021-04-14 19:47:35,049 INFO com.HailMaryAPI.HailMary.Logging.LoggingController [http-nio-8080-exec-5] Summary 1 was retrieved
2021-04-14 19:47:35,067 INFO com.HailMaryAPI.HailMary.Logging.LoggingController [http-nio-8080-exec-6] Summary 1 was retrieved
2021-04-14 19:47:35,126 INFO com.HailMaryAPI.HailMary.Logging.LoggingController [http-nio-8080-exec-7] Summary 1 was retrieved
2021-04-14 19:47:35,142 INFO com.HailMaryAPI.HailMary.Logging.LoggingController [http-nio-8080-exec-8] Summary 1 was retrieved
2021-04-14 19:47:35,170 INFO com.HailMaryAPI.HailMary.Logging.LoggingController [http-nio-8080-exec-9] Summary 1 was retrieved
2021-04-14 19:47:35,185 INFO com.HailMaryAPI.HailMary.Logging.LoggingController [http-nio-8080-exec-10] Summary 1 was retrieved
2021-04-14 19:47:36,336 INFO com.HailMaryAPI.HailMary.Logging.LoggingController [http-nio-8080-exec-1] Policies for cole.kepford@gmail.com were retrieved successfully
2021-04-14 19:47:49,281 INFO com.HailMaryAPI.HailMary.Logging.LoggingController [http-nio-8080-exec-2] Admin: cole@nexgenfinancial.com was retrieved
2021-04-14 19:47:49,282 ERROR com.HailMaryAPI.HailMary.Logging.LoggingController [http-nio-8080-exec-4] Client with email: cole@nexgenfinancial.com does not exsist
2021-04-14 19:47:54,562 ERROR com.HailMaryAPI.HailMary.Logging.LoggingController [http-nio-8080-exec-3] Client with email: undefined does not exsist
2021-04-14 19:47:56,389 ERROR com.HailMaryAPI.HailMary.Logging.LoggingController [http-nio-8080-exec-5] Client with email: undefined does not exsist
2021-04-14 19:50:36,933 ERROR com.HailMaryAPI.HailMary.Logging.LoggingController [http-nio-8080-exec-8] Client with email: undefined does not exsist
2021-04-14 19:50:38,470 INFO com.HailMaryAPI.HailMary.Logging.LoggingController [http-nio-8080-exec-9] Clients with lastname containing: undefined were retrieved
2021-04-14 19:50:39,359 INFO com.HailMaryAPI.HailMary.Logging.LoggingController [http-nio-8080-exec-10] Clients with lastname containing: undefined were retrieved
2021-04-14 19:50:42,968 INFO com.HailMaryAPI.HailMary.Logging.LoggingController [http-nio-8080-exec-1] Clients with lastname containing: undefined were retrieved
2021-04-14 19:50:43,427 INFO com.HailMaryAPI.HailMary.Logging.LoggingController [http-nio-8080-exec-2] Clients with lastname containing: undefined were retrieved
2021-04-14 19:50:43,592 INFO com.HailMaryAPI.HailMary.Logging.LoggingController [http-nio-8080-exec-4] Clients with lastname containing: undefined were retrieved
2021-04-14 19:50:43,737 INFO com.HailMaryAPI.HailMary.Logging.LoggingController [http-nio-8080-exec-3] Clients with lastname containing: undefined were retrieved
2021-04-14 19:50:43,951 INFO com.HailMaryAPI.HailMary.Logging.LoggingController [http-nio-8080-exec-5] Clients with lastname containing: undefined were retrieved
2021-04-14 19:52:47,469 INFO com.HailMaryAPI.HailMary.Logging.LoggingController [http-nio-8080-exec-7] Clients with lastname containing: undefined were retrieved
2021-04-14 19:53:22,344 INFO com.HailMaryAPI.HailMary.Logging.LoggingController [http-nio-8080-exec-8] Clients with lastname containing: undefined were retrieved
2021-04-14 19:53:23,220 INFO com.HailMaryAPI.HailMary.Logging.LoggingController [http-nio-8080-exec-9] Clients with lastname containing: undefined were retrieved
2021-04-14 19:53:23,843 INFO com.HailMaryAPI.HailMary.Logging.LoggingController [http-nio-8080-exec-10] Clients with lastname containing: undefined were retrieved
2021-04-14 19:53:44,867 ERROR com.HailMaryAPI.HailMary.Logging.LoggingController [http-nio-8080-exec-1] Client with email: undefined does not exsist
2021-04-14 19:53:47,708 INFO com.HailMaryAPI.HailMary.Logging.LoggingController [http-nio-8080-exec-2] Clients with lastname containing: undefined were retrieved
2021-04-14 19:53:48,106 INFO com.HailMaryAPI.HailMary.Logging.LoggingController [http-nio-8080-exec-4] Clients with lastname containing: undefined were retrieved
2021-04-14 19:53:49,032 INFO com.HailMaryAPI.HailMary.Logging.LoggingController [http-nio-8080-exec-3] Clients with lastname containing: undefined were retrieved
2021-04-14 19:53:49,568 INFO com.HailMaryAPI.HailMary.Logging.LoggingController [http-nio-8080-exec-5] Clients with lastname containing: undefined were retrieved
2021-04-14 19:53:49,927 INFO com.HailMaryAPI.HailMary.Logging.LoggingController [http-nio-8080-exec-6] Clients with lastname containing: undefined were retrieved
2021-04-14 19:53:50,229 INFO com.HailMaryAPI.HailMary.Logging.LoggingController [http-nio-8080-exec-7] Clients with lastname containing: undefined were retrieved
2021-04-14 19:53:50,554 INFO com.HailMaryAPI.HailMary.Logging.LoggingController [http-nio-8080-exec-8] Clients with lastname containing: undefined were retrieved
2021-04-14 19:53:50,766 INFO com.HailMaryAPI.HailMary.Logging.LoggingController [http-nio-8080-exec-9] Clients with lastname containing: undefined were retrieved
2021-04-14 19:56:51,221 INFO com.HailMaryAPI.HailMary.Logging.LoggingController [http-nio-8080-exec-1] Clients with lastname containing: undefined were retrieved
2021-04-14 19:56:52,132 INFO com.HailMaryAPI.HailMary.Logging.LoggingController [http-nio-8080-exec-2] Clients with lastname containing: undefined were retrieved
2021-04-14 19:56:52,585 INFO com.HailMaryAPI.HailMary.Logging.LoggingController [http-nio-8080-exec-4] Clients with lastname containing: undefined were retrieved
2021-04-14 19:56:52,915 INFO com.HailMaryAPI.HailMary.Logging.LoggingController [http-nio-8080-exec-3] Clients with lastname containing: undefined were retrieved
2021-04-14 19:56:53,522 INFO com.HailMaryAPI.HailMary.Logging.LoggingController [http-nio-8080-exec-5] Clients with lastname containing: undefined were retrieved
2021-04-14 19:56:54,270 INFO com.HailMaryAPI.HailMary.Logging.LoggingController [http-nio-8080-exec-6] Clients with lastname containing: undefined were retrieved
2021-04-14 19:56:54,775 INFO com.HailMaryAPI.HailMary.Logging.LoggingController [http-nio-8080-exec-7] Clients with lastname containing: undefined were retrieved
2021-04-14 20:02:44,750 INFO com.HailMaryAPI.HailMary.Logging.LoggingController [http-nio-8080-exec-9] Clients with lastname containing: undefined were retrieved
2021-04-14 20:02:45,575 INFO com.HailMaryAPI.HailMary.Logging.LoggingController [http-nio-8080-exec-10] Clients with lastname containing: undefined were retrieved
2021-04-14 20:05:11,908 INFO com.HailMaryAPI.HailMary.Logging.LoggingController [http-nio-8080-exec-2] Clients with lastname containing: undefined were retrieved
2021-04-14 20:05:12,833 INFO com.HailMaryAPI.HailMary.Logging.LoggingController [http-nio-8080-exec-4] Clients with lastname containing: undefined were retrieved
2021-04-14 20:05:13,342 INFO com.HailMaryAPI.HailMary.Logging.LoggingController [http-nio-8080-exec-3] Clients with lastname containing: undefined were retrieved
2021-04-14 20:05:13,838 INFO com.HailMaryAPI.HailMary.Logging.LoggingController [http-nio-8080-exec-5] Clients with lastname containing: undefined were retrieved
2021-04-14 20:05:40,116 INFO com.HailMaryAPI.HailMary.Logging.LoggingController [http-nio-8080-exec-6] Clients with lastname containing: undefined were retrieved
2021-04-14 20:05:40,590 INFO com.HailMaryAPI.HailMary.Logging.LoggingController [http-nio-8080-exec-7] Clients with lastname containing: undefined were retrieved
2021-04-14 20:06:08,898 INFO com.HailMaryAPI.HailMary.Logging.LoggingController [http-nio-8080-exec-8] Clients with lastname containing: undefined were retrieved
2021-04-14 20:06:09,309 INFO com.HailMaryAPI.HailMary.Logging.LoggingController [http-nio-8080-exec-9] Clients with lastname containing: undefined were retrieved
2021-04-14 20:06:09,487 INFO com.HailMaryAPI.HailMary.Logging.LoggingController [http-nio-8080-exec-10] Clients with lastname containing: undefined were retrieved
2021-04-14 20:06:09,635 INFO com.HailMaryAPI.HailMary.Logging.LoggingController [http-nio-8080-exec-1] Clients with lastname containing: undefined were retrieved
2021-04-14 20:06:09,786 INFO com.HailMaryAPI.HailMary.Logging.LoggingController [http-nio-8080-exec-2] Clients with lastname containing: undefined were retrieved
2021-04-14 20:06:09,931 INFO com.HailMaryAPI.HailMary.Logging.LoggingController [http-nio-8080-exec-4] Clients with lastname containing: undefined were retrieved
2021-04-14 20:06:10,075 INFO com.HailMaryAPI.HailMary.Logging.LoggingController [http-nio-8080-exec-3] Clients with lastname containing: undefined were retrieved
2021-04-14 20:07:18,636 INFO com.HailMaryAPI.HailMary.Logging.LoggingController [http-nio-8080-exec-6] Clients with lastname containing: undefined were retrieved
2021-04-14 20:07:19,359 INFO com.HailMaryAPI.HailMary.Logging.LoggingController [http-nio-8080-exec-7] Clients with lastname containing: undefined were retrieved
2021-04-14 20:10:27,875 INFO com.HailMaryAPI.HailMary.Logging.LoggingController [http-nio-8080-exec-9] Clients with lastname containing: undefined were retrieved
2021-04-14 20:10:28,631 INFO com.HailMaryAPI.HailMary.Logging.LoggingController [http-nio-8080-exec-10] Clients with lastname containing: undefined were retrieved
2021-04-14 20:10:29,029 INFO com.HailMaryAPI.HailMary.Logging.LoggingController [http-nio-8080-exec-1] Clients with lastname containing: undefined were retrieved
2021-04-14 20:10:29,210 INFO com.HailMaryAPI.HailMary.Logging.LoggingController [http-nio-8080-exec-2] Clients with lastname containing: undefined were retrieved
2021-04-14 20:10:29,367 INFO com.HailMaryAPI.HailMary.Logging.LoggingController [http-nio-8080-exec-4] Clients with lastname containing: undefined were retrieved
2021-04-14 20:10:29,563 INFO com.HailMaryAPI.HailMary.Logging.LoggingController [http-nio-8080-exec-3] Clients with lastname containing: undefined were retrieved
2021-04-14 20:10:29,732 INFO com.HailMaryAPI.HailMary.Logging.LoggingController [http-nio-8080-exec-5] Clients with lastname containing: undefined were retrieved
2021-04-14 20:10:30,819 INFO com.HailMaryAPI.HailMary.Logging.LoggingController [http-nio-8080-exec-6] Clients with lastname containing: undefined were retrieved
2021-04-14 20:10:31,212 INFO com.HailMaryAPI.HailMary.Logging.LoggingController [http-nio-8080-exec-7] Clients with lastname containing: undefined were retrieved
2021-04-14 20:11:01,091 INFO com.HailMaryAPI.HailMary.Logging.LoggingController [http-nio-8080-exec-8] Clients with lastname containing: undefined were retrieved
2021-04-14 20:11:01,751 INFO com.HailMaryAPI.HailMary.Logging.LoggingController [http-nio-8080-exec-9] Clients with lastname containing: undefined were retrieved
2021-04-14 20:11:03,030 INFO com.HailMaryAPI.HailMary.Logging.LoggingController [http-nio-8080-exec-10] Clients with lastname containing: undefined were retrieved
2021-04-14 20:11:13,090 INFO com.HailMaryAPI.HailMary.Logging.LoggingController [http-nio-8080-exec-1] Clients with lastname containing: undefined were retrieved
2021-04-14 20:11:13,878 INFO com.HailMaryAPI.HailMary.Logging.LoggingController [http-nio-8080-exec-2] Clients with lastname containing: undefined were retrieved
2021-04-14 20:11:14,499 INFO com.HailMaryAPI.HailMary.Logging.LoggingController [http-nio-8080-exec-4] Clients with lastname containing: undefined were retrieved
2021-04-14 20:11:36,324 INFO com.HailMaryAPI.HailMary.Logging.LoggingController [http-nio-8080-exec-3] Clients with lastname containing: undefined were retrieved
2021-04-14 20:11:36,882 INFO com.HailMaryAPI.HailMary.Logging.LoggingController [http-nio-8080-exec-5] Clients with lastname containing: undefined were retrieved
2021-04-14 20:11:37,367 INFO com.HailMaryAPI.HailMary.Logging.LoggingController [http-nio-8080-exec-6] Clients with lastname containing: undefined were retrieved
2021-04-14 20:11:37,806 INFO com.HailMaryAPI.HailMary.Logging.LoggingController [http-nio-8080-exec-7] Clients with lastname containing: undefined were retrieved
2021-04-14 20:11:38,242 INFO com.HailMaryAPI.HailMary.Logging.LoggingController [http-nio-8080-exec-8] Clients with lastname containing: undefined were retrieved
2021-04-14 20:11:53,841 INFO com.HailMaryAPI.HailMary.Logging.LoggingController [http-nio-8080-exec-9] Clients with lastname containing: undefined were retrieved
2021-04-14 20:12:12,683 INFO com.HailMaryAPI.HailMary.Logging.LoggingController [http-nio-8080-exec-10] Clients with lastname containing: undefined were retrieved
2021-04-14 20:12:54,832 INFO com.HailMaryAPI.HailMary.Logging.LoggingController [http-nio-8080-exec-1] Clients with lastname containing: undefined were retrieved
2021-04-14 20:13:02,499 INFO com.HailMaryAPI.HailMary.Logging.LoggingController [http-nio-8080-exec-2] Clients with lastname containing: undefined were retrieved
2021-04-14 20:13:03,513 INFO com.HailMaryAPI.HailMary.Logging.LoggingController [http-nio-8080-exec-4] Clients with lastname containing: undefined were retrieved
2021-04-14 20:13:04,328 INFO com.HailMaryAPI.HailMary.Logging.LoggingController [http-nio-8080-exec-3] Clients with lastname containing: undefined were retrieved
2021-04-14 20:13:48,603 INFO com.HailMaryAPI.HailMary.Logging.LoggingController [http-nio-8080-exec-5] Clients with lastname containing: undefined were retrieved
2021-04-14 20:17:31,471 INFO com.HailMaryAPI.HailMary.Logging.LoggingController [http-nio-8080-exec-9] Clients with lastname containing: kepford were retrieved
2021-04-14 20:17:51,325 INFO com.HailMaryAPI.HailMary.Logging.LoggingController [http-nio-8080-exec-10] Client with email: cole.kepford@gmail.com was retrieved
2021-04-14 20:17:52,298 ERROR com.HailMaryAPI.HailMary.Logging.LoggingController [http-nio-8080-exec-1] Client with email: kepford does not exsist
2021-04-14 20:18:12,404 INFO com.HailMaryAPI.HailMary.Logging.LoggingController [http-nio-8080-exec-2] Clients with lastname containing: Kepford were retrieved
2021-04-14 20:18:17,308 INFO com.HailMaryAPI.HailMary.Logging.LoggingController [http-nio-8080-exec-4] Clients with lastname containing: Kepford were retrieved
2021-04-14 20:18:27,403 INFO com.HailMaryAPI.HailMary.Logging.LoggingController [http-nio-8080-exec-3] Clients with lastname containing: Kepford were retrieved
2021-04-14 20:18:36,848 INFO com.HailMaryAPI.HailMary.Logging.LoggingController [http-nio-8080-exec-5] Clients with lastname containing: Kepford were retrieved
2021-04-14 20:18:46,006 INFO com.HailMaryAPI.HailMary.Logging.LoggingController [http-nio-8080-exec-6] Client with email: cole.kepford@gmail.com was retrieved
2021-04-14 20:19:23,967 INFO com.HailMaryAPI.HailMary.Logging.LoggingController [http-nio-8080-exec-7] Client with email: cole.kepford@gmail.com was retrieved
2021-04-14 20:19:28,535 INFO com.HailMaryAPI.HailMary.Logging.LoggingController [http-nio-8080-exec-8] Clients with lastname containing: kepford were retrieved
2021-04-14 20:19:52,996 ERROR com.HailMaryAPI.HailMary.Logging.LoggingController [http-nio-8080-exec-9] Client with email: sdf does not exsist
2021-04-14 20:19:55,311 ERROR com.HailMaryAPI.HailMary.Logging.LoggingController [http-nio-8080-exec-10] Client with email: dsfsdf does not exsist
2021-04-14 20:20:02,826 INFO com.HailMaryAPI.HailMary.Logging.LoggingController [http-nio-8080-exec-1] Clients with lastname containing: dsasad were retrieved
2021-04-14 20:20:05,037 INFO com.HailMaryAPI.HailMary.Logging.LoggingController [http-nio-8080-exec-2] Clients with lastname containing: sdfsdf were retrieved
2021-04-14 20:20:05,621 INFO com.HailMaryAPI.HailMary.Logging.LoggingController [http-nio-8080-exec-4] Clients with lastname containing: sdfsdf were retrieved
2021-04-14 20:20:06,174 INFO com.HailMaryAPI.HailMary.Logging.LoggingController [http-nio-8080-exec-3] Clients with lastname containing: sdfsdf were retrieved
2021-04-14 20:20:06,540 INFO com.HailMaryAPI.HailMary.Logging.LoggingController [http-nio-8080-exec-5] Clients with lastname containing: sdfsdf were retrieved
2021-04-14 20:20:06,935 INFO com.HailMaryAPI.HailMary.Logging.LoggingController [http-nio-8080-exec-6] Clients with lastname containing: sdfsdf were retrieved
2021-04-14 20:20:07,136 INFO com.HailMaryAPI.HailMary.Logging.LoggingController [http-nio-8080-exec-7] Clients with lastname containing: sdfsdf were retrieved
2021-04-14 20:20:07,294 INFO com.HailMaryAPI.HailMary.Logging.LoggingController [http-nio-8080-exec-8] Clients with lastname containing: sdfsdf were retrieved
2021-04-14 20:20:07,453 INFO com.HailMaryAPI.HailMary.Logging.LoggingController [http-nio-8080-exec-9] Clients with lastname containing: sdfsdf were retrieved
2021-04-14 20:20:08,361 ERROR com.HailMaryAPI.HailMary.Logging.LoggingController [http-nio-8080-exec-10] Client with email: sdfsdf does not exsist
2021-04-14 20:37:39,907 INFO com.HailMaryAPI.HailMary.Logging.LoggingController [http-nio-8080-exec-8] Client with email: cole.kepford@gmail.com was retrieved
2021-04-14 20:37:41,788 INFO com.HailMaryAPI.HailMary.Logging.LoggingController [http-nio-8080-exec-9] Client with email: cole.kepford@gmail.com was retrieved
2021-04-14 20:37:42,662 INFO com.HailMaryAPI.HailMary.Logging.LoggingController [http-nio-8080-exec-10] Client with email: cole.kepford@gmail.com was retrieved
2021-04-14 20:37:55,997 INFO com.HailMaryAPI.HailMary.Logging.LoggingController [http-nio-8080-exec-1] Clients with lastname containing: Kepford were retrieved
2021-04-14 20:38:25,628 INFO com.HailMaryAPI.HailMary.Logging.LoggingController [http-nio-8080-exec-2] Clients with lastname containing: Kepford were retrieved
2021-04-14 20:38:26,588 INFO com.HailMaryAPI.HailMary.Logging.LoggingController [http-nio-8080-exec-4] Clients with lastname containing: Kepford were retrieved
2021-04-14 20:38:41,165 ERROR com.HailMaryAPI.HailMary.Logging.LoggingController [http-nio-8080-exec-3] Client with email: Kepford does not exsist
2021-04-14 20:39:25,115 INFO com.HailMaryAPI.HailMary.Logging.LoggingController [http-nio-8080-exec-1] Clients with lastname containing: Kepford were retrieved
2021-04-14 20:39:52,610 INFO com.HailMaryAPI.HailMary.Logging.LoggingController [http-nio-8080-exec-2] Client with email: cole.kepford@gmail.com was retrieved
2021-04-14 20:39:53,999 INFO com.HailMaryAPI.HailMary.Logging.LoggingController [http-nio-8080-exec-4] Client with email: cole.kepford@gmail.com was retrieved
2021-04-14 20:39:54,902 INFO com.HailMaryAPI.HailMary.Logging.LoggingController [http-nio-8080-exec-3] Client with email: cole.kepford@gmail.com was retrieved
2021-04-14 20:40:00,873 ERROR com.HailMaryAPI.HailMary.Logging.LoggingController [http-nio-8080-exec-7] Client with email: asdsad does not exsist
2021-04-14 20:44:33,344 ERROR com.HailMaryAPI.HailMary.Logging.LoggingController [http-nio-8080-exec-7] Client with email: sdf does not exsist
2021-04-14 20:44:34,841 INFO com.HailMaryAPI.HailMary.Logging.LoggingController [http-nio-8080-exec-8] Clients with lastname containing: sdf were retrieved
2021-04-14 20:44:41,153 INFO com.HailMaryAPI.HailMary.Logging.LoggingController [http-nio-8080-exec-9] Clients with lastname containing: Kepford were retrieved
2021-04-14 20:44:44,266 ERROR com.HailMaryAPI.HailMary.Logging.LoggingController [http-nio-8080-exec-10] Client with email: dsfdsf does not exsist
2021-04-14 20:44:45,020 ERROR com.HailMaryAPI.HailMary.Logging.LoggingController [http-nio-8080-exec-1] Client with email: dsfdsf does not exsist
2021-04-14 20:44:45,348 ERROR com.HailMaryAPI.HailMary.Logging.LoggingController [http-nio-8080-exec-2] Client with email: dsfdsf does not exsist
2021-04-14 20:45:55,420 INFO com.HailMaryAPI.HailMary.Logging.LoggingController [http-nio-8080-exec-3] Clients with lastname containing: dsfdsf were retrieved
2021-04-14 20:45:56,048 ERROR com.HailMaryAPI.HailMary.Logging.LoggingController [http-nio-8080-exec-5] Client with email: dsfdsf does not exsist
2021-04-14 20:45:56,873 ERROR com.HailMaryAPI.HailMary.Logging.LoggingController [http-nio-8080-exec-6] Client with email: dsfdsf does not exsist
2021-04-14 20:45:57,042 ERROR com.HailMaryAPI.HailMary.Logging.LoggingController [http-nio-8080-exec-7] Client with email: dsfdsf does not exsist
2021-04-14 20:45:57,182 ERROR com.HailMaryAPI.HailMary.Logging.LoggingController [http-nio-8080-exec-8] Client with email: dsfdsf does not exsist
2021-04-14 20:49:30,583 ERROR com.HailMaryAPI.HailMary.Logging.LoggingController [http-nio-8080-exec-10] Client with email: dfs does not exsist
2021-04-14 20:49:36,875 INFO com.HailMaryAPI.HailMary.Logging.LoggingController [http-nio-8080-exec-1] Clients with lastname containing: dfs were retrieved
2021-04-14 20:49:46,070 INFO com.HailMaryAPI.HailMary.Logging.LoggingController [http-nio-8080-exec-2] Client with email: cole.kepford@gmail.com was retrieved
2021-04-14 20:49:50,558 INFO com.HailMaryAPI.HailMary.Logging.LoggingController [http-nio-8080-exec-4] Clients with lastname containing: Kepford were retrieved
2021-04-14 20:49:52,827 INFO com.HailMaryAPI.HailMary.Logging.LoggingController [http-nio-8080-exec-3] Clients with lastname containing: dsfdsf were retrieved
2021-04-14 20:51:36,452 INFO com.HailMaryAPI.HailMary.Logging.LoggingController [http-nio-8080-exec-6] Clients with lastname containing: kepfrod were retrieved
2021-04-14 20:51:42,176 INFO com.HailMaryAPI.HailMary.Logging.LoggingController [http-nio-8080-exec-7] Clients with lastname containing: kepford were retrieved
2021-04-14 20:54:16,136 INFO com.HailMaryAPI.HailMary.Logging.LoggingController [http-nio-8080-exec-9] Retrieved all clients
2021-04-14 20:55:57,432 INFO com.HailMaryAPI.HailMary.Logging.LoggingController [http-nio-8080-exec-1] Retrieved all clients
2021-04-14 20:56:04,752 INFO com.HailMaryAPI.HailMary.Logging.LoggingController [http-nio-8080-exec-2] Retrieved all clients
2021-04-14 20:56:31,259 INFO com.HailMaryAPI.HailMary.Logging.LoggingController [http-nio-8080-exec-4] Retrieved all clients
2021-04-14 20:58:22,446 INFO com.HailMaryAPI.HailMary.Logging.LoggingController [http-nio-8080-exec-7] Client with email: cole.kepford@gmail.com was retrieved
2021-04-14 20:58:22,446 ERROR com.HailMaryAPI.HailMary.Logging.LoggingController [http-nio-8080-exec-6] Admin: cole.kepford@gmail.com does not exsist
2021-04-14 20:58:22,484 INFO com.HailMaryAPI.HailMary.Logging.LoggingController [http-nio-8080-exec-8] Summary 1 was retrieved
2021-04-14 20:58:22,496 INFO com.HailMaryAPI.HailMary.Logging.LoggingController [http-nio-8080-exec-9] Summary 1 was retrieved
2021-04-14 20:58:24,578 INFO com.HailMaryAPI.HailMary.Logging.LoggingController [http-nio-8080-exec-10] Summary 1 was retrieved
2021-04-14 20:58:24,587 INFO com.HailMaryAPI.HailMary.Logging.LoggingController [http-nio-8080-exec-1] Summary 1 was retrieved
2021-04-14 20:58:24,624 INFO com.HailMaryAPI.HailMary.Logging.LoggingController [http-nio-8080-exec-2] Summary 1 was retrieved
2021-04-14 20:58:24,635 INFO com.HailMaryAPI.HailMary.Logging.LoggingController [http-nio-8080-exec-4] Summary 1 was retrieved
2021-04-14 20:58:24,648 INFO com.HailMaryAPI.HailMary.Logging.LoggingController [http-nio-8080-exec-3] Summary 1 was retrieved
2021-04-14 20:58:24,661 INFO com.HailMaryAPI.HailMary.Logging.LoggingController [http-nio-8080-exec-5] Summary 1 was retrieved
2021-04-14 20:58:24,673 INFO com.HailMaryAPI.HailMary.Logging.LoggingController [http-nio-8080-exec-6] Summary 1 was retrieved
2021-04-14 20:58:24,682 INFO com.HailMaryAPI.HailMary.Logging.LoggingController [http-nio-8080-exec-7] Summary 1 was retrieved
2021-04-14 20:58:24,908 INFO com.HailMaryAPI.HailMary.Logging.LoggingController [http-nio-8080-exec-8] Summary 1 was retrieved
2021-04-14 20:58:24,919 INFO com.HailMaryAPI.HailMary.Logging.LoggingController [http-nio-8080-exec-9] Summary 1 was retrieved
2021-04-14 20:58:24,968 INFO com.HailMaryAPI.HailMary.Logging.LoggingController [http-nio-8080-exec-10] Summary 1 was retrieved
2021-04-14 20:58:24,976 INFO com.HailMaryAPI.HailMary.Logging.LoggingController [http-nio-8080-exec-1] Summary 1 was retrieved
2021-04-14 20:58:25,043 INFO com.HailMaryAPI.HailMary.Logging.LoggingController [http-nio-8080-exec-2] Summary 1 was retrieved
2021-04-14 20:58:25,064 INFO com.HailMaryAPI.HailMary.Logging.LoggingController [http-nio-8080-exec-4] Summary 1 was retrieved
2021-04-14 20:58:25,076 INFO com.HailMaryAPI.HailMary.Logging.LoggingController [http-nio-8080-exec-3] Summary 1 was retrieved
2021-04-14 20:58:25,097 INFO com.HailMaryAPI.HailMary.Logging.LoggingController [http-nio-8080-exec-5] Summary 1 was retrieved
2021-04-14 20:59:00,498 ERROR com.HailMaryAPI.HailMary.Logging.LoggingController [http-nio-8080-exec-6] Admin: cole.kepford@gmail.com does not exsist
2021-04-14 20:59:00,499 INFO com.HailMaryAPI.HailMary.Logging.LoggingController [http-nio-8080-exec-7] Client with email: cole.kepford@gmail.com was retrieved
2021-04-14 20:59:00,537 INFO com.HailMaryAPI.HailMary.Logging.LoggingController [http-nio-8080-exec-8] Summary 1 was retrieved
2021-04-14 20:59:02,624 INFO com.HailMaryAPI.HailMary.Logging.LoggingController [http-nio-8080-exec-9] Summary 1 was retrieved
2021-04-14 20:59:02,639 INFO com.HailMaryAPI.HailMary.Logging.LoggingController [http-nio-8080-exec-10] Summary 1 was retrieved
2021-04-14 20:59:02,682 INFO com.HailMaryAPI.HailMary.Logging.LoggingController [http-nio-8080-exec-1] Summary 1 was retrieved
2021-04-14 20:59:02,697 INFO com.HailMaryAPI.HailMary.Logging.LoggingController [http-nio-8080-exec-2] Summary 1 was retrieved
2021-04-14 20:59:02,706 INFO com.HailMaryAPI.HailMary.Logging.LoggingController [http-nio-8080-exec-4] Summary 1 was retrieved
2021-04-14 20:59:02,716 INFO com.HailMaryAPI.HailMary.Logging.LoggingController [http-nio-8080-exec-3] Summary 1 was retrieved
2021-04-14 20:59:02,727 INFO com.HailMaryAPI.HailMary.Logging.LoggingController [http-nio-8080-exec-5] Summary 1 was retrieved
2021-04-14 20:59:02,737 INFO com.HailMaryAPI.HailMary.Logging.LoggingController [http-nio-8080-exec-6] Summary 1 was retrieved
2021-04-14 20:59:02,930 INFO com.HailMaryAPI.HailMary.Logging.LoggingController [http-nio-8080-exec-7] Summary 1 was retrieved
2021-04-14 20:59:02,941 INFO com.HailMaryAPI.HailMary.Logging.LoggingController [http-nio-8080-exec-8] Summary 1 was retrieved
2021-04-14 20:59:02,990 INFO com.HailMaryAPI.HailMary.Logging.LoggingController [http-nio-8080-exec-9] Summary 1 was retrieved
2021-04-14 20:59:03,000 INFO com.HailMaryAPI.HailMary.Logging.LoggingController [http-nio-8080-exec-10] Summary 1 was retrieved
2021-04-14 20:59:03,014 INFO com.HailMaryAPI.HailMary.Logging.LoggingController [http-nio-8080-exec-1] Summary 1 was retrieved
2021-04-14 20:59:03,058 INFO com.HailMaryAPI.HailMary.Logging.LoggingController [http-nio-8080-exec-2] Summary 1 was retrieved
2021-04-14 20:59:03,074 INFO com.HailMaryAPI.HailMary.Logging.LoggingController [http-nio-8080-exec-4] Summary 1 was retrieved
2021-04-14 20:59:03,085 INFO com.HailMaryAPI.HailMary.Logging.LoggingController [http-nio-8080-exec-3] Summary 1 was retrieved
2021-04-14 21:01:22,014 INFO com.HailMaryAPI.HailMary.Logging.LoggingController [http-nio-8080-exec-7] Summary 1 was retrieved
2021-04-14 21:01:22,025 INFO com.HailMaryAPI.HailMary.Logging.LoggingController [http-nio-8080-exec-8] Summary 1 was retrieved
2021-04-14 21:01:22,057 INFO com.HailMaryAPI.HailMary.Logging.LoggingController [http-nio-8080-exec-9] Summary 1 was retrieved
2021-04-14 21:01:22,071 INFO com.HailMaryAPI.HailMary.Logging.LoggingController [http-nio-8080-exec-10] Summary 1 was retrieved
2021-04-14 21:01:22,095 INFO com.HailMaryAPI.HailMary.Logging.LoggingController [http-nio-8080-exec-1] Summary 1 was retrieved
2021-04-14 21:01:22,106 INFO com.HailMaryAPI.HailMary.Logging.LoggingController [http-nio-8080-exec-2] Summary 1 was retrieved
2021-04-14 21:01:22,126 INFO com.HailMaryAPI.HailMary.Logging.LoggingController [http-nio-8080-exec-4] Summary 1 was retrieved
2021-04-14 21:01:22,136 INFO com.HailMaryAPI.HailMary.Logging.LoggingController [http-nio-8080-exec-3] Summary 1 was retrieved
2021-04-14 21:01:22,369 INFO com.HailMaryAPI.HailMary.Logging.LoggingController [http-nio-8080-exec-5] Summary 1 was retrieved
2021-04-14 21:01:22,382 INFO com.HailMaryAPI.HailMary.Logging.LoggingController [http-nio-8080-exec-6] Summary 1 was retrieved
2021-04-14 21:01:22,435 INFO com.HailMaryAPI.HailMary.Logging.LoggingController [http-nio-8080-exec-7] Summary 1 was retrieved
2021-04-14 21:01:22,446 INFO com.HailMaryAPI.HailMary.Logging.LoggingController [http-nio-8080-exec-8] Summary 1 was retrieved
2021-04-14 21:01:22,457 INFO com.HailMaryAPI.HailMary.Logging.LoggingController [http-nio-8080-exec-9] Summary 1 was retrieved
2021-04-14 21:01:22,467 INFO com.HailMaryAPI.HailMary.Logging.LoggingController [http-nio-8080-exec-10] Summary 1 was retrieved
2021-04-14 21:01:22,475 INFO com.HailMaryAPI.HailMary.Logging.LoggingController [http-nio-8080-exec-1] Summary 1 was retrieved
2021-04-14 21:01:22,507 INFO com.HailMaryAPI.HailMary.Logging.LoggingController [http-nio-8080-exec-2] Summary 1 was retrieved
2021-04-14 21:03:01,407 INFO com.HailMaryAPI.HailMary.Logging.LoggingController [http-nio-8080-exec-5] Summary 1 was retrieved
2021-04-14 21:03:01,416 INFO com.HailMaryAPI.HailMary.Logging.LoggingController [http-nio-8080-exec-6] Summary 1 was retrieved
2021-04-14 21:03:01,459 INFO com.HailMaryAPI.HailMary.Logging.LoggingController [http-nio-8080-exec-7] Summary 1 was retrieved
2021-04-14 21:03:01,470 INFO com.HailMaryAPI.HailMary.Logging.LoggingController [http-nio-8080-exec-8] Summary 1 was retrieved
2021-04-14 21:03:01,481 INFO com.HailMaryAPI.HailMary.Logging.LoggingController [http-nio-8080-exec-9] Summary 1 was retrieved
2021-04-14 21:03:01,489 INFO com.HailMaryAPI.HailMary.Logging.LoggingController [http-nio-8080-exec-10] Summary 1 was retrieved
2021-04-14 21:03:01,497 INFO com.HailMaryAPI.HailMary.Logging.LoggingController [http-nio-8080-exec-1] Summary 1 was retrieved
2021-04-14 21:03:01,507 INFO com.HailMaryAPI.HailMary.Logging.LoggingController [http-nio-8080-exec-2] Summary 1 was retrieved
2021-04-14 21:03:01,672 INFO com.HailMaryAPI.HailMary.Logging.LoggingController [http-nio-8080-exec-3] Summary 1 was retrieved
2021-04-14 21:03:01,681 INFO com.HailMaryAPI.HailMary.Logging.LoggingController [http-nio-8080-exec-4] Summary 1 was retrieved
2021-04-14 21:03:01,730 INFO com.HailMaryAPI.HailMary.Logging.LoggingController [http-nio-8080-exec-5] Summary 1 was retrieved
2021-04-14 21:03:01,740 INFO com.HailMaryAPI.HailMary.Logging.LoggingController [http-nio-8080-exec-6] Summary 1 was retrieved
2021-04-14 21:03:01,750 INFO com.HailMaryAPI.HailMary.Logging.LoggingController [http-nio-8080-exec-7] Summary 1 was retrieved
2021-04-14 21:03:01,761 INFO com.HailMaryAPI.HailMary.Logging.LoggingController [http-nio-8080-exec-8] Summary 1 was retrieved
2021-04-14 21:03:01,770 INFO com.HailMaryAPI.HailMary.Logging.LoggingController [http-nio-8080-exec-9] Summary 1 was retrieved
2021-04-14 21:03:01,779 INFO com.HailMaryAPI.HailMary.Logging.LoggingController [http-nio-8080-exec-10] Summary 1 was retrieved
2021-04-14 21:03:02,705 INFO com.HailMaryAPI.HailMary.Logging.LoggingController [http-nio-8080-exec-1] Policies for cole.kepford@gmail.com were retrieved successfully
2021-04-14 21:09:05,732 INFO com.HailMaryAPI.HailMary.Logging.LoggingController [http-nio-8080-exec-4] Admin: cole@nexgenfinancial.com was retrieved
2021-04-14 21:09:05,733 ERROR com.HailMaryAPI.HailMary.Logging.LoggingController [http-nio-8080-exec-5] Client with email: cole@nexgenfinancial.com does not exsist
2021-04-14 21:09:09,967 INFO com.HailMaryAPI.HailMary.Logging.LoggingController [http-nio-8080-exec-6] Retrieved all clients
2021-04-14 21:09:20,099 INFO com.HailMaryAPI.HailMary.Logging.LoggingController [http-nio-8080-exec-7] Retrieved all clients
2021-04-14 21:09:34,366 INFO com.HailMaryAPI.HailMary.Logging.LoggingController [http-nio-8080-exec-8] Retrieved all clients
2021-04-14 21:09:56,865 INFO com.HailMaryAPI.HailMary.Logging.LoggingController [http-nio-8080-exec-3] Policies for cole@nexgenfinancial.com were retrieved successfully
2021-04-14 21:10:21,609 INFO com.HailMaryAPI.HailMary.Logging.LoggingController [http-nio-8080-exec-6] Policies for cole@nexgenfinancial.com were retrieved successfully
2021-04-14 21:10:29,374 INFO com.HailMaryAPI.HailMary.Logging.LoggingController [http-nio-8080-exec-9] Policies for cole@nexgenfinancial.com were retrieved successfully
2021-04-14 21:11:08,311 INFO com.HailMaryAPI.HailMary.Logging.LoggingController [http-nio-8080-exec-4] Client with email: cole.kepford@gmail.com was retrieved
2021-04-14 21:11:18,233 INFO com.HailMaryAPI.HailMary.Logging.LoggingController [http-nio-8080-exec-5] Client with email: cole.kepford@gmail.com was retrieved
2021-04-14 21:11:25,668 INFO com.HailMaryAPI.HailMary.Logging.LoggingController [http-nio-8080-exec-6] Clients with lastname containing: Kepford were retrieved
2021-04-14 21:11:27,846 INFO com.HailMaryAPI.HailMary.Logging.LoggingController [http-nio-8080-exec-7] Clients with lastname containing: dsfds were retrieved
2021-04-14 21:11:36,354 INFO com.HailMaryAPI.HailMary.Logging.LoggingController [http-nio-8080-exec-8] Client with email: cole.kepford@gmail.com was retrieved
2021-04-14 21:11:45,422 INFO com.HailMaryAPI.HailMary.Logging.LoggingController [http-nio-8080-exec-9] Client with email: cole.kepford@gmail.com was retrieved
2021-04-14 21:11:56,879 INFO com.HailMaryAPI.HailMary.Logging.LoggingController [http-nio-8080-exec-10] Client with email: cole.kepford@gmail.com was retrieved
2021-04-14 21:13:08,638 INFO com.HailMaryAPI.HailMary.Logging.LoggingController [http-nio-8080-exec-2] Clients with lastname containing: kepford were retrieved
2021-04-14 21:13:14,847 INFO com.HailMaryAPI.HailMary.Logging.LoggingController [http-nio-8080-exec-3] Client with email: cole.kepford@gmail.com was retrieved
2021-04-14 21:13:15,645 INFO com.HailMaryAPI.HailMary.Logging.LoggingController [http-nio-8080-exec-4] Client with email: cole.kepford@gmail.com was retrieved
2021-04-14 21:13:26,487 INFO com.HailMaryAPI.HailMary.Logging.LoggingController [http-nio-8080-exec-5] Client with email: cole.kepford@gmail.com was retrieved
2021-04-14 21:20:59,667 ERROR com.HailMaryAPI.HailMary.Logging.LoggingController [http-nio-8080-exec-7] Admin: cole.kepford@gmail.com does not exsist
2021-04-14 21:20:59,669 INFO com.HailMaryAPI.HailMary.Logging.LoggingController [http-nio-8080-exec-8] Client with email: cole.kepford@gmail.com was retrieved
2021-04-14 21:20:59,704 INFO com.HailMaryAPI.HailMary.Logging.LoggingController [http-nio-8080-exec-9] Summary 1 was retrieved
2021-04-14 21:21:02,665 INFO com.HailMaryAPI.HailMary.Logging.LoggingController [http-nio-8080-exec-10] Summary 1 was retrieved
2021-04-14 21:21:02,674 INFO com.HailMaryAPI.HailMary.Logging.LoggingController [http-nio-8080-exec-1] Summary 1 was retrieved
2021-04-14 21:21:02,704 INFO com.HailMaryAPI.HailMary.Logging.LoggingController [http-nio-8080-exec-2] Summary 1 was retrieved
2021-04-14 21:21:02,716 INFO com.HailMaryAPI.HailMary.Logging.LoggingController [http-nio-8080-exec-3] Summary 1 was retrieved
2021-04-14 21:21:02,728 INFO com.HailMaryAPI.HailMary.Logging.LoggingController [http-nio-8080-exec-4] Summary 1 was retrieved
2021-04-14 21:21:02,739 INFO com.HailMaryAPI.HailMary.Logging.LoggingController [http-nio-8080-exec-5] Summary 1 was retrieved
2021-04-14 21:21:02,749 INFO com.HailMaryAPI.HailMary.Logging.LoggingController [http-nio-8080-exec-6] Summary 1 was retrieved
2021-04-14 21:21:02,759 INFO com.HailMaryAPI.HailMary.Logging.LoggingController [http-nio-8080-exec-7] Summary 1 was retrieved
2021-04-14 21:21:02,970 INFO com.HailMaryAPI.HailMary.Logging.LoggingController [http-nio-8080-exec-8] Summary 1 was retrieved
2021-04-14 21:21:02,980 INFO com.HailMaryAPI.HailMary.Logging.LoggingController [http-nio-8080-exec-9] Summary 1 was retrieved
2021-04-14 21:21:03,033 INFO com.HailMaryAPI.HailMary.Logging.LoggingController [http-nio-8080-exec-10] Summary 1 was retrieved
2021-04-14 21:21:03,045 INFO com.HailMaryAPI.HailMary.Logging.LoggingController [http-nio-8080-exec-1] Summary 1 was retrieved
2021-04-14 21:21:03,052 INFO com.HailMaryAPI.HailMary.Logging.LoggingController [http-nio-8080-exec-2] Summary 1 was retrieved
2021-04-14 21:21:03,062 INFO com.HailMaryAPI.HailMary.Logging.LoggingController [http-nio-8080-exec-3] Summary 1 was retrieved
2021-04-14 21:21:03,095 INFO com.HailMaryAPI.HailMary.Logging.LoggingController [http-nio-8080-exec-4] Summary 1 was retrieved
2021-04-14 21:21:03,112 INFO com.HailMaryAPI.HailMary.Logging.LoggingController [http-nio-8080-exec-5] Summary 1 was retrieved
2021-04-14 21:21:07,615 INFO com.HailMaryAPI.HailMary.Logging.LoggingController [http-nio-8080-exec-6] Summary 1 was retrieved
2021-04-14 21:21:07,627 INFO com.HailMaryAPI.HailMary.Logging.LoggingController [http-nio-8080-exec-7] Summary 1 was retrieved
2021-04-14 21:21:07,638 INFO com.HailMaryAPI.HailMary.Logging.LoggingController [http-nio-8080-exec-8] Summary 1 was retrieved
2021-04-14 21:21:07,646 INFO com.HailMaryAPI.HailMary.Logging.LoggingController [http-nio-8080-exec-9] Summary 1 was retrieved
2021-04-14 21:21:07,655 INFO com.HailMaryAPI.HailMary.Logging.LoggingController [http-nio-8080-exec-10] Summary 1 was retrieved
2021-04-14 21:21:07,664 INFO com.HailMaryAPI.HailMary.Logging.LoggingController [http-nio-8080-exec-1] Summary 1 was retrieved
2021-04-14 21:21:07,672 INFO com.HailMaryAPI.HailMary.Logging.LoggingController [http-nio-8080-exec-2] Summary 1 was retrieved
2021-04-14 21:21:07,680 INFO com.HailMaryAPI.HailMary.Logging.LoggingController [http-nio-8080-exec-3] Summary 1 was retrieved
2021-04-14 21:21:12,833 INFO com.HailMaryAPI.HailMary.Logging.LoggingController [http-nio-8080-exec-4] Summary 1 was retrieved
2021-04-14 21:21:12,841 INFO com.HailMaryAPI.HailMary.Logging.LoggingController [http-nio-8080-exec-5] Summary 1 was retrieved
2021-04-14 21:21:12,850 INFO com.HailMaryAPI.HailMary.Logging.LoggingController [http-nio-8080-exec-6] Summary 1 was retrieved
2021-04-14 21:21:12,864 INFO com.HailMaryAPI.HailMary.Logging.LoggingController [http-nio-8080-exec-7] Summary 1 was retrieved
2021-04-14 21:21:12,874 INFO com.HailMaryAPI.HailMary.Logging.LoggingController [http-nio-8080-exec-8] Summary 1 was retrieved
2021-04-14 21:21:12,882 INFO com.HailMaryAPI.HailMary.Logging.LoggingController [http-nio-8080-exec-9] Summary 1 was retrieved
2021-04-14 21:21:12,890 INFO com.HailMaryAPI.HailMary.Logging.LoggingController [http-nio-8080-exec-10] Summary 1 was retrieved
2021-04-14 21:21:12,898 INFO com.HailMaryAPI.HailMary.Logging.LoggingController [http-nio-8080-exec-1] Summary 1 was retrieved
2021-04-14 21:21:17,767 INFO com.HailMaryAPI.HailMary.Logging.LoggingController [http-nio-8080-exec-2] Summary 1 was retrieved
2021-04-14 21:21:17,775 INFO com.HailMaryAPI.HailMary.Logging.LoggingController [http-nio-8080-exec-3] Summary 1 was retrieved
2021-04-14 21:21:17,785 INFO com.HailMaryAPI.HailMary.Logging.LoggingController [http-nio-8080-exec-4] Summary 1 was retrieved
2021-04-14 21:21:17,797 INFO com.HailMaryAPI.HailMary.Logging.LoggingController [http-nio-8080-exec-5] Summary 1 was retrieved
2021-04-14 21:21:17,838 INFO com.HailMaryAPI.HailMary.Logging.LoggingController [http-nio-8080-exec-6] Summary 1 was retrieved
2021-04-14 21:21:17,848 INFO com.HailMaryAPI.HailMary.Logging.LoggingController [http-nio-8080-exec-7] Summary 1 was retrieved
2021-04-14 21:21:17,867 INFO com.HailMaryAPI.HailMary.Logging.LoggingController [http-nio-8080-exec-8] Summary 1 was retrieved
2021-04-14 21:21:17,877 INFO com.HailMaryAPI.HailMary.Logging.LoggingController [http-nio-8080-exec-9] Summary 1 was retrieved
2021-04-14 21:21:22,687 INFO com.HailMaryAPI.HailMary.Logging.LoggingController [http-nio-8080-exec-10] Summary 1 was retrieved
2021-04-14 21:21:22,698 INFO com.HailMaryAPI.HailMary.Logging.LoggingController [http-nio-8080-exec-1] Summary 1 was retrieved
2021-04-14 21:21:22,712 INFO com.HailMaryAPI.HailMary.Logging.LoggingController [http-nio-8080-exec-2] Summary 1 was retrieved
2021-04-14 21:21:22,720 INFO com.HailMaryAPI.HailMary.Logging.LoggingController [http-nio-8080-exec-3] Summary 1 was retrieved
2021-04-14 21:21:22,730 INFO com.HailMaryAPI.HailMary.Logging.LoggingController [http-nio-8080-exec-4] Summary 1 was retrieved
2021-04-14 21:21:22,742 INFO com.HailMaryAPI.HailMary.Logging.LoggingController [http-nio-8080-exec-5] Summary 1 was retrieved
2021-04-14 21:21:22,750 INFO com.HailMaryAPI.HailMary.Logging.LoggingController [http-nio-8080-exec-6] Summary 1 was retrieved
2021-04-14 21:21:22,759 INFO com.HailMaryAPI.HailMary.Logging.LoggingController [http-nio-8080-exec-7] Summary 1 was retrieved
2021-04-14 21:21:33,400 INFO com.HailMaryAPI.HailMary.Logging.LoggingController [http-nio-8080-exec-8] Admin: cole@nexgenfinancial.com was retrieved
2021-04-14 21:21:33,401 ERROR com.HailMaryAPI.HailMary.Logging.LoggingController [http-nio-8080-exec-9] Client with email: cole@nexgenfinancial.com does not exsist
2021-04-14 21:23:00,502 INFO com.HailMaryAPI.HailMary.Logging.LoggingController [http-nio-8080-exec-2] Admin: cole@nexgenfinancial.com was retrieved
2021-04-14 21:23:00,503 ERROR com.HailMaryAPI.HailMary.Logging.LoggingController [http-nio-8080-exec-3] Client with email: cole@nexgenfinancial.com does not exsist
2021-04-14 21:23:14,323 INFO com.HailMaryAPI.HailMary.Logging.LoggingController [http-nio-8080-exec-4] Clients with lastname containing: kepford were retrieved
2021-04-14 21:23:21,308 INFO com.HailMaryAPI.HailMary.Logging.LoggingController [http-nio-8080-exec-5] Clients with lastname containing: kep were retrieved
2021-04-14 21:24:24,195 INFO org.springframework.boot.StartupInfoLogger [main] Starting HailMaryApplication using Java 15.0.1 on DESKTOP-ICQJ65O with PID 14704 (C:\Users\cocog\Documents\SAIT\4th SEM\Capstone\HailMaryAPI\target\classes started by cocog in C:\Users\cocog\Documents\SAIT\4th SEM\Capstone\HailMaryAPI)
2021-04-14 21:24:24,198 INFO org.springframework.boot.SpringApplication [main] No active profile set, falling back to default profiles: default
2021-04-14 21:25:04,033 INFO org.springframework.boot.StartupInfoLogger [main] Starting HailMaryApplication using Java 15.0.1 on DESKTOP-ICQJ65O with PID 20160 (C:\Users\cocog\Documents\SAIT\4th SEM\Capstone\HailMaryAPI\target\classes started by cocog in C:\Users\cocog\Documents\SAIT\4th SEM\Capstone\HailMaryAPI)
2021-04-14 21:25:04,036 INFO org.springframework.boot.SpringApplication [main] No active profile set, falling back to default profiles: default
2021-04-14 21:25:06,727 INFO org.springframework.boot.StartupInfoLogger [main] Started HailMaryApplication in 2.987 seconds (JVM running for 3.223)
2021-04-14 21:25:12,975 INFO com.HailMaryAPI.HailMary.Logging.LoggingController [http-nio-8080-exec-1] Clients with lastname containing: kep were retrieved
2021-04-14 21:25:15,905 INFO com.HailMaryAPI.HailMary.Logging.LoggingController [http-nio-8080-exec-3] Clients with lastname containing: k were retrieved
2021-04-14 21:25:23,141 INFO com.HailMaryAPI.HailMary.Logging.LoggingController [http-nio-8080-exec-2] Clients with lastname containing: kep were retrieved
